Log file open, 10/03/16 09:28:00
LogInit:Display: Running engine without a game
LogPlatformFile: Not using cached read wrapper
LogInit:Display: Loading recent project file: ../../../../../../Users/iarodri17/Google Drive/SchoolRunner 4.12/SchoolRunner.uproject
LogInit:Display: RandInit(1737138503) SRandInit(1737138505).
LogTaskGraph: Started task graph with 4 named threads and 7 total threads with 1 sets of task threads.
LogStats: Stats thread started at 0.064797
LogInit: Version: 4.12.5-3039270+++UE4+Release-4.12
LogInit: API Version: 2992821
LogInit: Net Version: 3039270
LogDevObjectVersion: Number of dev versions registered: 13
LogDevObjectVersion:   Dev-Blueprints (B0D832E4-1F89-4F0D-ACCF-7EB736FD4AA2): 3
LogDevObjectVersion:   Dev-Build (E1C64328-A22C-4D53-A36C-8E866417BD8C): 0
LogDevObjectVersion:   Dev-Core (375EC13C-06E4-48FB-B500-84F0262A717E): 1
LogDevObjectVersion:   Dev-Editor (E4B068ED-F494-42E9-A231-DA0B2E46BB41): 2
LogDevObjectVersion:   Dev-Framework (CFFC743F-43B0-4480-9391-14DF171D2073): 6
LogDevObjectVersion:   Dev-Mobile (B02B49B5-BB20-44E9-A304-32B752E40360): 0
LogDevObjectVersion:   Dev-Networking (A4E4105C-59A1-49B5-A7C5-40C4547EDFEE): 0
LogDevObjectVersion:   Dev-Online (39C831C9-5AE6-47DC-9A44-9C173E1C8E7C): 0
LogDevObjectVersion:   Dev-Physics (78F01B33-EBEA-4F98-B9B4-84EACCB95AA2): 0
LogDevObjectVersion:   Dev-Platform (6631380F-2D4D-43E0-8009-CF276956A95A): 0
LogDevObjectVersion:   Dev-Rendering (12F88B9F-8875-4AFC-A67C-D90C383ABD29): 2
LogDevObjectVersion:   Dev-Sequencer (7B5AE74C-D270-4C10-A958-57980B212A5A): 0
LogDevObjectVersion:   Dev-VR (D7296918-1DD6-4BDD-9DE2-64A83CC13884): 0
LogInit: Compiled (64-bit): Jul  6 2016 09:09:46
LogInit: Compiled with Visual C++: 19.00.23026.00
LogInit: Build Configuration: Development
LogInit: Branch Name: ++UE4+Release-4.12
LogInit: Command line: -EpicPortal 
LogInit: Base directory: C:/Program Files (x86)/Epic Games/4.12/Engine/Binaries/Win64/
LogInit: Installed Engine Build: 1
LogInit: Using libcurl 7.41.0
LogInit:  - built for x86_64-pc-win32
LogInit:  - supports SSL with WinSSL
LogInit:  - other features:
LogInit:      CURL_VERSION_SSL
LogInit:      CURL_VERSION_IPV6
LogInit:      CURL_VERSION_ASYNCHDNS
LogInit:      CURL_VERSION_LARGEFILE
LogInit:      CURL_VERSION_IDN
LogInit:  CurlRequestOptions (configurable via config and command line):
LogInit:  - bVerifyPeer = true  - Libcurl will verify peer certificate
LogInit:  - bUseHttpProxy = false  - Libcurl will NOT use HTTP proxy
LogInit:  - bDontReuseConnections = false  - Libcurl will reuse connections
LogInit:  - CertBundlePath = nullptr  - Libcurl will use whatever was configured at build time.
LogInit: Presizing for max 8388607 objects, including 0 objects not considered by GC, pre-allocating 0 bytes for permanent pool.
LogInit: Object subsystem initialized
[2016.10.03-13.28.00:231][  0]LogInit: Selected Device Profile: [Windows]
[2016.10.03-13.28.00:231][  0]LogInit: Applying CVar settings loaded from the selected device profile: [Windows]
[2016.10.03-13.28.00:240][  0]LogInit: Computer: 2016-KISER-04
[2016.10.03-13.28.00:240][  0]LogInit: User: iarodri17
[2016.10.03-13.28.00:240][  0]LogInit: CPU Page size=65536, Cores=4
[2016.10.03-13.28.00:240][  0]LogInit: High frequency timer resolution =3.328339 MHz
[2016.10.03-13.28.00:240][  0]LogMemory: Memory total: Physical=15.9GB (16GB approx)
[2016.10.03-13.28.00:240][  0]LogMemory: Platform Memory Stats for Windows
[2016.10.03-13.28.00:240][  0]LogMemory: Process Physical Memory: 191.62 MB used, 191.62 MB peak
[2016.10.03-13.28.00:240][  0]LogMemory: Process Virtual Memory: 196.88 MB used, 196.88 MB peak
[2016.10.03-13.28.00:240][  0]LogMemory: Physical Memory: 5065.25 MB used, 16304.60 MB total
[2016.10.03-13.28.00:240][  0]LogMemory: Virtual Memory: 522.00 MB used, 8388608.00 MB total
[2016.10.03-13.28.00:267][  0]LogTextLocalizationManager: No specific translations for ('en-US') exist, so ('en') translations will be used.
[2016.10.03-13.28.00:555][  0]LogD3D11RHI: D3D11 adapters:
[2016.10.03-13.28.00:569][  0]LogD3D11RHI:    0. 'NVIDIA Quadro K2200 ' (Feature Level 11_0)
[2016.10.03-13.28.00:569][  0]LogD3D11RHI:       4034/0/7896 MB DedicatedVideo/DedicatedSystem/SharedSystem, Outputs:2, VendorId:0x10de
[2016.10.03-13.28.00:569][  0]LogD3D11RHI: Chosen D3D11 Adapter: 0
[2016.10.03-13.28.00:574][  0]LogD3D11RHI: Creating new Direct3DDevice
[2016.10.03-13.28.00:574][  0]LogD3D11RHI:     GPU DeviceId: 0x13ba (for the marketing name, search the web for "GPU Device Id")
[2016.10.03-13.28.00:574][  0]LogWindows: EnumDisplayDevices:
[2016.10.03-13.28.00:574][  0]LogWindows:    0. 'NVIDIA Quadro K2200 ' (P:1 D:1)
[2016.10.03-13.28.00:574][  0]LogWindows:    1. 'NVIDIA Quadro K2200 ' (P:0 D:1)
[2016.10.03-13.28.00:574][  0]LogWindows:    2. 'NVIDIA Quadro K2200 ' (P:0 D:0)
[2016.10.03-13.28.00:574][  0]LogWindows:    3. 'NVIDIA Quadro K2200 ' (P:0 D:0)
[2016.10.03-13.28.00:574][  0]LogWindows:    4. 'RDPDD Chained DD' (P:0 D:0)
[2016.10.03-13.28.00:574][  0]LogWindows:    5. 'RDP Encoder Mirror Driver' (P:0 D:0)
[2016.10.03-13.28.00:574][  0]LogWindows:    6. 'RDP Reflector Display Driver' (P:0 D:0)
[2016.10.03-13.28.00:574][  0]LogWindows: DebugString: GetVideoDriverDetailsInvalid PrimaryIsNotTheChoosenAdapter GetVideoDriverDetailsInvalid PrimaryIsNotTheChoosenAdapter GetVideoDriverDetailsInvalid PrimaryIsNotTheChoosenAdapter FoundDriverCount:4 
[2016.10.03-13.28.00:574][  0]LogD3D11RHI:     Adapter Name: NVIDIA Quadro K2200 
[2016.10.03-13.28.00:574][  0]LogD3D11RHI:   Driver Version: 361.91 (internal:10.18.13.6191, unified:361.91)
[2016.10.03-13.28.00:574][  0]LogD3D11RHI:      Driver Date: 2-8-2016
[2016.10.03-13.28.00:574][  0]LogRHI: Texture pool is 1361 MB (70% of 1945 MB)
[2016.10.03-13.28.00:581][  0]LogD3D11RHI: Async texture creation enabled
[2016.10.03-13.28.00:594][  0]LogD3D11RHI: GPU Timing Frequency: 1000.000000 (Debug: 2 2)
[2016.10.03-13.28.00:594][  0]LogShaderCompilers: Guid format shader working directory is -15 characters bigger than the processId version (../../../../../../Users/iarodri17/Google Drive/SchoolRunner 4.12/Intermediate/Shaders/WorkingDirectory/9048/).
[2016.10.03-13.28.00:594][  0]LogShaderCompilers: Cleaned the shader compiler working directory 'C:/Users/IARODR~1/AppData/Local/Temp/UnrealShaderWorkingDir/8A5E29024411DCBD5EAB2BBFAA2D9480/'.
[2016.10.03-13.28.00:594][  0]LogShaderCompilers:Display: Using Local Shader Compiler.
[2016.10.03-13.28.01:480][  0]LogTemp:Display: Loaded TP AllDesktopTargetPlatform
[2016.10.03-13.28.01:487][  0]LogTemp:Display: Loaded TP WindowsClientTargetPlatform
[2016.10.03-13.28.01:495][  0]LogTemp:Display: Loaded TP WindowsNoEditorTargetPlatform
[2016.10.03-13.28.01:503][  0]LogTemp:Display: Loaded TP WindowsServerTargetPlatform
[2016.10.03-13.28.01:510][  0]LogTemp:Display: Loaded TP WindowsTargetPlatform
[2016.10.03-13.28.01:517][  0]LogTemp:Display: Loaded TP AndroidTargetPlatform
[2016.10.03-13.28.01:523][  0]LogTemp:Display: Loaded TP Android_ASTCTargetPlatform
[2016.10.03-13.28.01:530][  0]LogTemp:Display: Loaded TP Android_ATCTargetPlatform
[2016.10.03-13.28.01:537][  0]LogTemp:Display: Loaded TP Android_DXTTargetPlatform
[2016.10.03-13.28.01:543][  0]LogTemp:Display: Loaded TP Android_ETC1TargetPlatform
[2016.10.03-13.28.01:550][  0]LogTemp:Display: Loaded TP Android_ETC2TargetPlatform
[2016.10.03-13.28.01:563][  0]LogTemp:Display: Loaded TP Android_MultiTargetPlatform
[2016.10.03-13.28.01:563][  0]LogTemp:Display: Loaded TP Android_PVRTCTargetPlatform
[2016.10.03-13.28.01:564][  0]LogTemp:Display: Loaded TP HTML5TargetPlatform
[2016.10.03-13.28.01:582][  0]LogTemp:Display: Loaded TP IOSTargetPlatform
[2016.10.03-13.28.01:589][  0]LogTemp:Display: Loaded TP TVOSTargetPlatform
[2016.10.03-13.28.01:595][  0]LogTemp:Display: Loaded TP LinuxNoEditorTargetPlatform
[2016.10.03-13.28.01:602][  0]LogTemp:Display: Loaded TP LinuxServerTargetPlatform
[2016.10.03-13.28.01:609][  0]LogTemp:Display: Loaded TP LinuxTargetPlatform
[2016.10.03-13.28.01:609][  0]LogTargetPlatformManager:Display: Building Assets For Windows
[2016.10.03-13.28.01:652][  0]LogDerivedDataCache:Display: Max Cache Size: 512 MB
[2016.10.03-13.28.01:693][  0]LogDerivedDataCache: Loaded boot cache 0.04s 48MB C:/Users/iarodri17/AppData/Local/UnrealEngine/4.12/DerivedDataCache/Boot.ddc.
[2016.10.03-13.28.01:693][  0]LogDerivedDataCache:Display: Loaded Boot cache: C:/Users/iarodri17/AppData/Local/UnrealEngine/4.12/DerivedDataCache/Boot.ddc
[2016.10.03-13.28.01:693][  0]LogDerivedDataCache: FDerivedDataBackendGraph:  Pak pak cache file ../../../../../../Users/iarodri17/Google Drive/SchoolRunner 4.12/DerivedDataCache/DDC.ddp not found, will not use a pak cache.
[2016.10.03-13.28.01:693][  0]LogDerivedDataCache: Unable to find inner node Pak for hierarchical cache Hierarchy.
[2016.10.03-13.28.01:693][  0]LogDerivedDataCache: FDerivedDataBackendGraph:  CompressedPak pak cache file ../../../../../../Users/iarodri17/Google Drive/SchoolRunner 4.12/DerivedDataCache/Compressed.ddp not found, will not use a pak cache.
[2016.10.03-13.28.01:693][  0]LogDerivedDataCache: Unable to find inner node CompressedPak for hierarchical cache Hierarchy.
[2016.10.03-13.28.01:707][  0]LogDerivedDataCache:Display: Pak cache opened for reading ../../../Engine/DerivedDataCache/Compressed.ddp.
[2016.10.03-13.28.01:718][  0]LogDerivedDataCache: Using Local data cache path C:/Users/iarodri17/AppData/Local/UnrealEngine/Common/DerivedDataCache: Writable
[2016.10.03-13.28.01:844][  0]LogInit: Selected Device Profile: [Windows]
[2016.10.03-13.28.01:845][  0]LogContentStreaming: Texture pool size is 0.00 MB
[2016.10.03-13.28.01:964][  0]LogMeshUtilities: No automatic mesh reduction module available
[2016.10.03-13.28.01:964][  0]LogMeshUtilities: No automatic mesh merging module available
[2016.10.03-13.28.01:964][  0]LogMeshUtilities: No distributed automatic mesh merging module available
[2016.10.03-13.28.02:163][  0]LogAssetRegistry: FAssetRegistry took 0.0203 seconds to start up
[2016.10.03-13.28.02:180][  0]LogPackageLocalizationCache: Processed 3 localized package path(s) for 2 prioritized culture(s) in 0.015120 seconds
[2016.10.03-13.28.02:184][  0]LogUObjectArray: 28741 objects as part of root set at end of initial load.
[2016.10.03-13.28.02:184][  0]LogUObjectAllocator: 5855912 out of 0 bytes used by permanent object pool.
[2016.10.03-13.28.02:184][  0]LogUObjectArray: CloseDisregardForGC: 0/0 objects in disregard for GC pool
[2016.10.03-13.28.02:189][  0]LogInit: WinSock: version 1.1 (2.2), MaxSocks=32767, MaxUdp=65467
[2016.10.03-13.28.02:311][  0]LogSlate: SlateFontCache - WITH_FREETYPE: 1, WITH_HARFBUZZ: 1
[2016.10.03-13.28.02:311][  0]LogSlate: SlateFontCache - WITH_FREETYPE: 1, WITH_HARFBUZZ: 1
[2016.10.03-13.28.02:772][  0]LogUdpMessaging: Initializing bridge on interface 0.0.0.0:0 to multicast group 230.0.0.1:6666.
[2016.10.03-13.28.02:929][  0]SourceControl: Info Source control is disabled
[2016.10.03-13.28.02:930][  0]SourceControl: Info Source control is disabled
[2016.10.03-13.28.02:934][  0]SourceControl: Info Source control is disabled
[2016.10.03-13.28.02:938][  0]SourceControl: Info Source control is disabled
[2016.10.03-13.28.03:075][  0]LogEngine: Initializing Engine...
[2016.10.03-13.28.03:075][  0]LogHMD: SteamVR failed to initialize.  Err: 110
[2016.10.03-13.28.03:076][  0]LogHMD: SteamVR failed to initialize.  Err: 110
[2016.10.03-13.28.03:187][  0]LogAIModule: Creating AISystem for world NewWorld
[2016.10.03-13.28.03:190][  0]LogInit: XAudio2 using 'Speakers (Realtek High Definition Audio)' : 2 channels at 48 kHz using 32 bits per sample (channel mask 0x3)
[2016.10.03-13.28.03:197][  0]LogInit: FAudioDevice initialized.
[2016.10.03-13.28.03:216][  0]LogDerivedDataCache: Saved boot cache 0.02s 48MB C:/Users/iarodri17/AppData/Local/UnrealEngine/4.12/DerivedDataCache/Boot.ddc.
[2016.10.03-13.28.03:220][  0]LogInit: Texture streaming: Enabled
[2016.10.03-13.28.03:233][  0]LogInit: Transaction tracking system initialized
[2016.10.03-13.28.03:247][  0]BlueprintLog: New page: Editor Load
[2016.10.03-13.28.03:290][  0]LocalizationService: Info Localization service is disabled
[2016.10.03-13.28.03:329][  0]LogConsoleResponse:Display: 
[2016.10.03-13.28.03:402][  0]LogCook:Display: Max memory allowance for cook 8192mb
[2016.10.03-13.28.03:402][  0]LogCook:Display: Mobile HDR setting 1
[2016.10.03-13.28.03:457][  0]LogFileCache: Scanning file cache for directory 'C:/Users/iarodri17/Google Drive/SchoolRunner 4.12/Content/' took 0.02s
[2016.10.03-13.28.03:457][  0]SourceControl: Info Source control is disabled
[2016.10.03-13.28.03:457][  0]Cmd: MAP LOAD FILE="../../../../../../Users/iarodri17/Google Drive/SchoolRunner 4.12/Content/ThirdPersonBP/Maps/ThirdPersonExampleMap.umap" TEMPLATE=0 SHOWPROGRESS=1 FEATURELEVEL=3
[2016.10.03-13.28.03:457][  0]LightingResults: New page: Lighting Build
[2016.10.03-13.28.03:459][  0]MapCheck: New page: Map Check
[2016.10.03-13.28.03:459][  0]LightingResults: New page: Lighting Build
[2016.10.03-13.28.03:483][  0]LogLinker:Warning: Asset '../../../../../../Users/iarodri17/Google Drive/SchoolRunner 4.12/Content/Mannequin/Animations/ThirdPerson_Jump.uasset' has been saved with empty engine version. The asset will be loaded but may be incompatible.
[2016.10.03-13.28.03:484][  0]LogLinker:Warning: Asset '../../../../../../Users/iarodri17/Google Drive/SchoolRunner 4.12/Content/Mannequin/Animations/ThirdPersonJump_Loop.uasset' has been saved with empty engine version. The asset will be loaded but may be incompatible.
[2016.10.03-13.28.03:484][  0]LogLinker:Warning: Asset '../../../../../../Users/iarodri17/Google Drive/SchoolRunner 4.12/Content/Mannequin/Animations/ThirdPersonJump_Start.uasset' has been saved with empty engine version. The asset will be loaded but may be incompatible.
[2016.10.03-13.28.03:485][  0]LogLinker:Warning: Asset '../../../../../../Users/iarodri17/Google Drive/SchoolRunner 4.12/Content/Mannequin/Animations/ThirdPerson_IdleRun_2D.uasset' has been saved with empty engine version. The asset will be loaded but may be incompatible.
[2016.10.03-13.28.03:485][  0]LogLinker:Warning: Asset '../../../../../../Users/iarodri17/Google Drive/SchoolRunner 4.12/Content/Mannequin/Animations/ThirdPersonIdle.uasset' has been saved with empty engine version. The asset will be loaded but may be incompatible.
[2016.10.03-13.28.03:486][  0]LogLinker:Warning: Asset '../../../../../../Users/iarodri17/Google Drive/SchoolRunner 4.12/Content/Mannequin/Animations/ThirdPersonRun.uasset' has been saved with empty engine version. The asset will be loaded but may be incompatible.
[2016.10.03-13.28.03:486][  0]LogLinker:Warning: Asset '../../../../../../Users/iarodri17/Google Drive/SchoolRunner 4.12/Content/Mannequin/Animations/ThirdPersonWalk.uasset' has been saved with empty engine version. The asset will be loaded but may be incompatible.
[2016.10.03-13.28.03:732][  0]LogLinker:Warning: Can't find file '/Engine/EngineDebugMaterials/MAT_Green'
[2016.10.03-13.28.03:732][  0]LogLinker:Warning: Can't find file for asset '/Engine/EngineDebugMaterials/MAT_Green' while loading ../../../../../../Users/iarodri17/Google Drive/SchoolRunner 4.12/Content/ThirdPersonBP/Maps/ThirdPersonExampleMap.umap.
[2016.10.03-13.28.03:732][  0]LoadErrors:Error: Error /Game/ThirdPersonBP/Maps/ThirdPersonExampleMap : Can't find file for asset. /Engine/EngineDebugMaterials/MAT_Green
[2016.10.03-13.28.03:749][  0]LogLinker:Warning: Can't find file '/Engine/EngineDebugMaterials/MAT_Green'
[2016.10.03-13.28.03:749][  0]LogLinker:Warning: Can't find file for asset '/Engine/EngineDebugMaterials/MAT_Green' while loading ../../../../../../Users/iarodri17/Google Drive/SchoolRunner 4.12/Content/ThirdPersonBP/Maps/ThirdPersonExampleMap.umap.
[2016.10.03-13.28.03:749][  0]LoadErrors:Error: Error /Game/ThirdPersonBP/Maps/ThirdPersonExampleMap : Can't find file for asset. /Engine/EngineDebugMaterials/MAT_Green
[2016.10.03-13.28.03:757][  0]LogLinker:Warning: Can't find file '/Engine/EngineDebugMaterials/MAT_Green'
[2016.10.03-13.28.03:757][  0]LogLinker:Warning: Can't find file for asset '/Engine/EngineDebugMaterials/MAT_Green' while loading NULL.
[2016.10.03-13.28.03:758][  0]LogLinker:Warning: Can't find file '/Engine/EngineDebugMaterials/MAT_Green'
[2016.10.03-13.28.03:758][  0]LogLinker:Warning: Can't find file for asset '/Engine/EngineDebugMaterials/MAT_Green' while loading NULL.
[2016.10.03-13.28.03:762][  0]LogBlueprint:Error: Compiler Error This blueprint (self) is not a SceneComponent, therefore ' Target ' must have a connection.
[2016.10.03-13.28.03:764][  0]LogBlueprint:Warning: Compiler Warning [0004.14] Compile of PersistentLevel.ThirdPersonExampleMap failed. 1 Fatal Issue(s) 0 Warning(s) [in 2 ms] (/Game/ThirdPersonBP/Maps/ThirdPersonExampleMap.ThirdPersonExampleMap:PersistentLevel.ThirdPersonExampleMap)
[2016.10.03-13.28.03:764][  0]LogBlueprint:Warning: Compiler Warning [0004.14] Compile of PersistentLevel.ThirdPersonExampleMap failed. 1 Fatal Issue(s) 1 Warning(s) [in 0 ms] (/Game/ThirdPersonBP/Maps/ThirdPersonExampleMap.ThirdPersonExampleMap:PersistentLevel.ThirdPersonExampleMap)
[2016.10.03-13.28.03:764][  0]LogBlueprint:Warning: Compiler Warning [0004.14] Compile of PersistentLevel.ThirdPersonExampleMap failed. 1 Fatal Issue(s) 2 Warning(s) [in 0 ms] (/Game/ThirdPersonBP/Maps/ThirdPersonExampleMap.ThirdPersonExampleMap:PersistentLevel.ThirdPersonExampleMap)
[2016.10.03-13.28.04:036][  0]LogLinker:Warning: Can't find file '/Engine/EngineDebugMaterials/MAT_Green'
[2016.10.03-13.28.04:037][  0]LoadErrors: Info Failed to load /Engine/EngineDebugMaterials/MAT_Green.MAT_Green Referenced by StaticMeshComponent0
[2016.10.03-13.28.04:037][  0]LogLinker:Warning: Can't find file for asset '/Engine/EngineDebugMaterials/MAT_Green' while loading NULL.
[2016.10.03-13.28.04:037][  0]LoadErrors: Info Failed to load /Engine/EngineDebugMaterials/MAT_Green.MAT_Green Referenced by StaticMeshComponent0
[2016.10.03-13.28.04:037][  0]LogLinker:Warning: Can't find file '/Engine/EngineDebugMaterials/MAT_Green'
[2016.10.03-13.28.04:037][  0]LoadErrors: Info Failed to load /Engine/EngineDebugMaterials/MAT_Green.MAT_Green Referenced by StaticMeshComponent0
[2016.10.03-13.28.04:037][  0]LogLinker:Warning: Can't find file for asset '/Engine/EngineDebugMaterials/MAT_Green' while loading NULL.
[2016.10.03-13.28.04:037][  0]LoadErrors: Info Failed to load /Engine/EngineDebugMaterials/MAT_Green.MAT_Green Referenced by StaticMeshComponent0
[2016.10.03-13.28.04:037][  0]LogLinker:Warning: Can't find file '/Engine/EngineDebugMaterials/MAT_Green'
[2016.10.03-13.28.04:037][  0]LoadErrors: Info Failed to load /Engine/EngineDebugMaterials/MAT_Green.MAT_Green Referenced by StaticMeshComponent0
[2016.10.03-13.28.04:037][  0]LogLinker:Warning: Can't find file for asset '/Engine/EngineDebugMaterials/MAT_Green' while loading NULL.
[2016.10.03-13.28.04:037][  0]LoadErrors: Info Failed to load /Engine/EngineDebugMaterials/MAT_Green.MAT_Green Referenced by StaticMeshComponent0
[2016.10.03-13.28.04:037][  0]LogLinker:Warning: Can't find file '/Engine/EngineDebugMaterials/MAT_Green'
[2016.10.03-13.28.04:037][  0]LoadErrors: Info Failed to load /Engine/EngineDebugMaterials/MAT_Green.MAT_Green Referenced by StaticMeshComponent0
[2016.10.03-13.28.04:038][  0]LogLinker:Warning: Can't find file for asset '/Engine/EngineDebugMaterials/MAT_Green' while loading NULL.
[2016.10.03-13.28.04:038][  0]LoadErrors: Info Failed to load /Engine/EngineDebugMaterials/MAT_Green.MAT_Green Referenced by StaticMeshComponent0
[2016.10.03-13.28.04:038][  0]LogLinker:Warning: Can't find file '/Engine/EngineDebugMaterials/MAT_Green'
[2016.10.03-13.28.04:038][  0]LoadErrors: Info Failed to load /Engine/EngineDebugMaterials/MAT_Green.MAT_Green Referenced by StaticMeshComponent0
[2016.10.03-13.28.04:038][  0]LogLinker:Warning: Can't find file for asset '/Engine/EngineDebugMaterials/MAT_Green' while loading NULL.
[2016.10.03-13.28.04:038][  0]LoadErrors: Info Failed to load /Engine/EngineDebugMaterials/MAT_Green.MAT_Green Referenced by StaticMeshComponent0
[2016.10.03-13.28.04:316][  0]LogTexture:Display: Building textures: HQ_Lightmap0_1 (AutoDXT)
[2016.10.03-13.28.04:598][  0]LogTexture:Display: Building textures: HQ_Lightmap0_2 (AutoDXT)
[2016.10.03-13.28.04:817][  0]LogTexture:Display: Building textures: HQ_Lightmap0_3 (AutoDXT)
[2016.10.03-13.28.04:971][  0]LogTexture:Display: Building textures: HQ_Lightmap0_4 (AutoDXT)
[2016.10.03-13.28.05:024][  0]LogTexture:Display: Building textures: HQ_Lightmap1_5 (AutoDXT)
[2016.10.03-13.28.05:041][  0]LogTexture:Display: Building textures: LQ_Lightmap_0_1 (DXT1)
[2016.10.03-13.28.05:161][  0]LogTexture:Display: Building textures: LQ_Lightmap_0_2 (DXT1)
[2016.10.03-13.28.05:255][  0]LogTexture:Display: Building textures: LQ_Lightmap_0_3 (DXT1)
[2016.10.03-13.28.05:325][  0]LogTexture:Display: Building textures: LQ_Lightmap_0_4 (DXT1)
[2016.10.03-13.28.05:355][  0]LogTexture:Display: Building textures: LQ_Lightmap_1_5 (DXT1)
[2016.10.03-13.28.05:368][  0]LogTexture:Display: Building textures: SkyOcclusion0_1 (AutoDXT)
[2016.10.03-13.28.05:506][  0]LogTexture:Display: Building textures: SkyOcclusion0_2 (AutoDXT)
[2016.10.03-13.28.05:620][  0]LogTexture:Display: Building textures: SkyOcclusion0_3 (AutoDXT)
[2016.10.03-13.28.05:686][  0]LogTexture:Display: Building textures: SkyOcclusion0_4 (AutoDXT)
[2016.10.03-13.28.05:708][  0]LogTexture:Display: Building textures: SkyOcclusion1_5 (AutoDXT)
[2016.10.03-13.28.05:741][  0]LogTexture:Display: Building textures: ShadowMapTexture2D_0 (BGRA8)
[2016.10.03-13.28.05:838][  0]LogTexture:Display: Building textures: ShadowMapTexture2D_1 (BGRA8)
[2016.10.03-13.28.05:856][  0]LogTexture:Display: Building textures: ShadowMapTexture2D_2 (BGRA8)
[2016.10.03-13.28.05:987][  0]LogAIModule: Creating AISystem for world ThirdPersonExampleMap
[2016.10.03-13.28.06:273][  0]LogEditorServer: Finished looking for orphan Actors (0.000 secs)
[2016.10.03-13.28.06:273][  0]Cmd: MAP CHECKDEP NOCLEARLOG
[2016.10.03-13.28.06:301][  0]MapCheck: Info Map check complete: 0 Error(s), 0 Warning(s), took 27.716ms to complete.
[2016.10.03-13.28.06:301][  0]LogFileHelpers: Loading map 'ThirdPersonExampleMap' took 2.844
[2016.10.03-13.28.07:035][  0]LogCollectionManager: Loaded 0 collections in 0.000944 seconds
[2016.10.03-13.28.07:087][  0]LogFileCache: Scanning file cache for directory 'C:/Users/iarodri17/Google Drive/SchoolRunner 4.12/Saved/Collections/' took 0.01s
[2016.10.03-13.28.07:088][  0]LogFileCache: Scanning file cache for directory 'C:/Users/iarodri17/Google Drive/SchoolRunner 4.12/Content/Developers/iarodri17/Collections/' took 0.01s
[2016.10.03-13.28.07:088][  0]LogFileCache: Scanning file cache for directory 'C:/Users/iarodri17/Google Drive/SchoolRunner 4.12/Content/Collections/' took 0.01s
[2016.10.03-13.28.07:088][  0]LogCollectionManager: Rebuilt the GUID cache for 0 collections in 0.000005 seconds
[2016.10.03-13.28.07:100][  0]LogContentBrowser: Native class hierarchy populated in 0.0125 seconds. Added 2047 classes and 369 folders.
[2016.10.03-13.28.07:104][  0]LogStats: UGameplayTagsManager::ConstructGameplayTagTree: Construct from data asset -  0.000 s
[2016.10.03-13.28.07:104][  0]LogStats: UGameplayTagsManager::ConstructGameplayTagTree: GameplayTagTreeChangedEvent.Broadcast -  0.000 s
[2016.10.03-13.28.07:104][  0]LogContentBrowser: Native class hierarchy updated for 'GameplayTags' in 0.0003 seconds. Added 12 classes and 0 folders.
[2016.10.03-13.28.07:107][  0]LogContentBrowser: Native class hierarchy updated for 'WidgetCarousel' in 0.0003 seconds. Added 0 classes and 0 folders.
[2016.10.03-13.28.07:131][  0]LogContentBrowser: Native class hierarchy updated for 'AddContentDialog' in 0.0003 seconds. Added 0 classes and 0 folders.
[2016.10.03-13.28.07:134][  0]LogContentBrowser: Native class hierarchy updated for 'SceneOutliner' in 0.0003 seconds. Added 1 classes and 2 folders.
[2016.10.03-13.28.07:157][  0]LogCrashTracker: Crashtracker disabled due to settings.
[2016.10.03-13.28.07:161][  0]LogUObjectGlobals:Warning: Failed to find object 'Class None.'
[2016.10.03-13.28.07:185][  0]LogContentBrowser: Native class hierarchy updated for 'HierarchicalLODOutliner' in 0.0003 seconds. Added 1 classes and 2 folders.
[2016.10.03-13.28.07:185][  0]LogLoad: Full Startup: 7.56 seconds (BP compile: 0.09 seconds)
[2016.10.03-13.28.07:185][  0]LogExternalProfiler: No external profilers were discovered.  External profiling features will not be available.
[2016.10.03-13.28.07:197][  0]LogOcInput: OculusInput pre-init called
[2016.10.03-13.28.07:226][  0]LogContentStreaming: Texture pool size now 700 MB
[2016.10.03-13.28.07:439][  0]LogRenderer: Reallocating scene render targets to support 848x540 (Frame:2).
[2016.10.03-13.28.07:840][  3]LogAssetRegistry: Asset discovery search completed in 5.6971 seconds
[2016.10.03-13.28.07:840][  3]LogCollectionManager: Rebuilt the object cache for 0 collections in 0.000000 seconds (found 0 objects)
[2016.10.03-13.28.07:840][  3]LogCollectionManager: Fixed up redirectors for 0 collections in 0.000016 seconds (updated 0 objects)
[2016.10.03-13.53.02:583][945]LogEditorViewport: Clicking on Actor (LMB): CeilingWOLight_C (CeilingWOLight205)
[2016.10.03-14.03.26:679][593]Cmd: DELETE
[2016.10.03-14.03.26:679][593]Cmd: ACTOR DELETE
[2016.10.03-14.03.26:684][593]LogEditorActor: Deleted Actor: CeilingWOLight_C
[2016.10.03-14.03.26:721][593]LogEditorActor: Deleted 1 Actors (0.042 secs)
[2016.10.03-14.03.28:667][826]LogEditorViewport: Clicking on Actor (LMB): CeilingWOLight_C (CeilingWOLight205)
[2016.10.03-16.05.46:047][436]LogBlueprint:Error: Compiler Error This blueprint (self) is not a SceneComponent, therefore ' Target ' must have a connection.
[2016.10.03-16.05.46:123][436]LogBlueprint:Warning: Compiler Warning [9465.89] Compile of PersistentLevel.ThirdPersonExampleMap failed. 1 Fatal Issue(s) 0 Warning(s) [in 79 ms] (/Game/ThirdPersonBP/Maps/ThirdPersonExampleMap.ThirdPersonExampleMap:PersistentLevel.ThirdPersonExampleMap)
[2016.10.03-16.05.46:124][436]LogBlueprint:Warning: Compiler Warning [9465.89] Compile of PersistentLevel.ThirdPersonExampleMap failed. 1 Fatal Issue(s) 1 Warning(s) [in 0 ms] (/Game/ThirdPersonBP/Maps/ThirdPersonExampleMap.ThirdPersonExampleMap:PersistentLevel.ThirdPersonExampleMap)
[2016.10.03-16.05.46:124][436]LogBlueprint:Warning: Compiler Warning [9465.89] Compile of PersistentLevel.ThirdPersonExampleMap failed. 1 Fatal Issue(s) 2 Warning(s) [in 0 ms] (/Game/ThirdPersonBP/Maps/ThirdPersonExampleMap.ThirdPersonExampleMap:PersistentLevel.ThirdPersonExampleMap)
[2016.10.03-16.05.46:124][436]LogBlueprint:Warning: Compiler Warning [9465.89] Compile of PersistentLevel.ThirdPersonExampleMap failed. 1 Fatal Issue(s) 3 Warning(s) [in 0 ms] (/Game/ThirdPersonBP/Maps/ThirdPersonExampleMap.ThirdPersonExampleMap:PersistentLevel.ThirdPersonExampleMap)
[2016.10.03-16.05.46:124][436]LogBlueprint:Warning: Compiler Warning [9465.89] Compile of PersistentLevel.ThirdPersonExampleMap failed. 1 Fatal Issue(s) 4 Warning(s) [in 0 ms] (/Game/ThirdPersonBP/Maps/ThirdPersonExampleMap.ThirdPersonExampleMap:PersistentLevel.ThirdPersonExampleMap)
[2016.10.03-16.05.46:124][436]LogBlueprint:Warning: Compiler Warning [9465.89] Compile of PersistentLevel.ThirdPersonExampleMap failed. 1 Fatal Issue(s) 5 Warning(s) [in 0 ms] (/Game/ThirdPersonBP/Maps/ThirdPersonExampleMap.ThirdPersonExampleMap:PersistentLevel.ThirdPersonExampleMap)
[2016.10.03-16.05.47:589][436]LogSavePackage: Save=1547.15ms
[2016.10.03-16.05.47:589][436]LogSavePackage: Moving '../../../../../../Users/iarodri17/Google Drive/SchoolRunner 4.12/Saved/ThirdPersonExampleMap5C654DC142035C37151BE182D278B6B1.tmp' to '../../../../../../Users/iarodri17/Google Drive/SchoolRunner 4.12/Content/ThirdPersonBP/Maps/ThirdPersonExampleMap.umap'
[2016.10.03-16.05.47:595][436]LogSavePackage:Display: Finished SavePackage ../../../../../../Users/iarodri17/Google Drive/SchoolRunner 4.12/Content/ThirdPersonBP/Maps/ThirdPersonExampleMap.umap
[2016.10.03-16.05.47:615][436]LogFileHelpers: Saving map 'ThirdPersonExampleMap' took 1.702
[2016.10.03-16.05.47:851][437]Cmd: QUIT_EDITOR
[2016.10.03-16.05.47:946][437]LogExit: Preparing to exit.
[2016.10.03-16.05.48:928][437]LogExit: Editor shut down
[2016.10.03-16.05.48:928][437]LogExit: Transaction tracking system shut down
[2016.10.03-16.05.49:017][437]LogObj: Freed 0b from 0 cluster array pools.
[2016.10.03-16.05.49:017][437]LogExit: Object subsystem successfully closed.
[2016.10.03-16.05.49:032][437]LogD3D11RHI: Shutdown
[2016.10.03-16.05.49:032][437]LogD3D11RHI: CleanupD3DDevice
[2016.10.03-16.05.49:157][437]LogD3D11RHI: ~FD3D11DynamicRHI
[2016.10.03-16.05.49:164][437]LogModuleManager: Shutting down and abandoning module HierarchicalLODOutliner (213)
[2016.10.03-16.05.49:164][437]LogModuleManager: Shutting down and abandoning module CrashTracker (212)
[2016.10.03-16.05.49:164][437]LogModuleManager: Shutting down and abandoning module SceneOutliner (211)
[2016.10.03-16.05.49:164][437]LogModuleManager: Shutting down and abandoning module WidgetCarousel (210)
[2016.10.03-16.05.49:164][437]LogModuleManager: Shutting down and abandoning module AddContentDialog (209)
[2016.10.03-16.05.49:164][437]LogModuleManager: Shutting down and abandoning module GameplayTags (208)
[2016.10.03-16.05.49:164][437]LogModuleManager: Shutting down and abandoning module EditorWidgets (207)
[2016.10.03-16.05.49:164][437]LogModuleManager: Shutting down and abandoning module CollectionManager (206)
[2016.10.03-16.05.49:164][437]LogModuleManager: Shutting down and abandoning module StatsViewer (205)
[2016.10.03-16.05.49:164][437]LogModuleManager: Shutting down and abandoning module FoliageEdit (204)
[2016.10.03-16.05.49:164][437]LogModuleManager: Shutting down and abandoning module LandscapeEditor (203)
[2016.10.03-16.05.49:164][437]LogModuleManager: Shutting down and abandoning module SceneDepthPickerMode (202)
[2016.10.03-16.05.49:164][437]LogModuleManager: Shutting down and abandoning module ActorPickerMode (201)
[2016.10.03-16.05.49:164][437]LogModuleManager: Shutting down and abandoning module GeometryMode (200)
[2016.10.03-16.05.49:164][437]LogModuleManager: Shutting down and abandoning module TextureAlignMode (199)
[2016.10.03-16.05.49:164][437]LogModuleManager: Shutting down and abandoning module BspMode (198)
[2016.10.03-16.05.49:165][437]LogModuleManager: Shutting down and abandoning module HardwareSurvey (197)
[2016.10.03-16.05.49:165][437]LogModuleManager: Shutting down and abandoning module SequenceRecorderSections (196)
[2016.10.03-16.05.49:165][437]LogModuleManager: Shutting down and abandoning module SequenceRecorder (195)
[2016.10.03-16.05.49:165][437]LogModuleManager: Shutting down and abandoning module AutomationWorker (194)
[2016.10.03-16.05.49:165][437]LogModuleManager: Shutting down and abandoning module MatineeToLevelSequence (193)
[2016.10.03-16.05.49:165][437]LogModuleManager: Shutting down and abandoning module PlacementMode (192)
[2016.10.03-16.05.49:165][437]LogModuleManager: Shutting down and abandoning module LevelSequenceEditor (191)
[2016.10.03-16.05.49:165][437]LogModuleManager: Shutting down and abandoning module CharacterAI (190)
[2016.10.03-16.05.49:165][437]LogModuleManager: Shutting down and abandoning module SmartSnapping (189)
[2016.10.03-16.05.49:165][437]LogModuleManager: Shutting down and abandoning module SessionServices (188)
[2016.10.03-16.05.49:165][437]LogModuleManager: Shutting down and abandoning module ViewportSnapping (187)
[2016.10.03-16.05.49:165][437]LogModuleManager: Shutting down and abandoning module LogVisualizer (186)
[2016.10.03-16.05.49:165][437]LogModuleManager: Shutting down and abandoning module GameProjectGeneration (185)
[2016.10.03-16.05.49:165][437]LogModuleManager: Shutting down and abandoning module IntroTutorials (184)
[2016.10.03-16.05.49:165][437]LogModuleManager: Shutting down and abandoning module EditorLiveStreaming (183)
[2016.10.03-16.05.49:165][437]LogModuleManager: Shutting down and abandoning module IOSPlatformEditor (182)
[2016.10.03-16.05.49:165][437]LogModuleManager: Shutting down and abandoning module HTML5PlatformEditor (181)
[2016.10.03-16.05.49:165][437]LogModuleManager: Shutting down and abandoning module AndroidDeviceDetection (180)
[2016.10.03-16.05.49:314][437]LogModuleManager: Shutting down and abandoning module AndroidPlatformEditor (179)
[2016.10.03-16.05.49:315][437]LogModuleManager: Shutting down and abandoning module IOSRuntimeSettings (178)
[2016.10.03-16.05.49:315][437]LogModuleManager: Shutting down and abandoning module AndroidRuntimeSettings (177)
[2016.10.03-16.05.49:315][437]LogModuleManager: Shutting down and abandoning module MergeActors (176)
[2016.10.03-16.05.49:315][437]LogModuleManager: Shutting down and abandoning module SizeMap (175)
[2016.10.03-16.05.49:315][437]LogModuleManager: Shutting down and abandoning module TreeMap (174)
[2016.10.03-16.05.49:315][437]LogModuleManager: Shutting down and abandoning module ReferenceViewer (173)
[2016.10.03-16.05.49:315][437]LogModuleManager: Shutting down and abandoning module LocalizationService (172)
[2016.10.03-16.05.49:315][437]LogModuleManager: Shutting down and abandoning module LocalizationDashboard (171)
[2016.10.03-16.05.49:315][437]LogModuleManager: Shutting down and abandoning module HardwareTargeting (170)
[2016.10.03-16.05.49:315][437]LogModuleManager: Shutting down and abandoning module DeviceProfileEditor (169)
[2016.10.03-16.05.49:315][437]LogModuleManager: Shutting down and abandoning module UndoHistory (168)
[2016.10.03-16.05.49:315][437]LogModuleManager: Shutting down and abandoning module UserFeedback (167)
[2016.10.03-16.05.49:315][437]LogModuleManager: Shutting down and abandoning module XmlParser (166)
[2016.10.03-16.05.49:315][437]LogModuleManager: Shutting down and abandoning module Blutility (165)
[2016.10.03-16.05.49:315][437]LogModuleManager: Shutting down and abandoning module ProjectTargetPlatformEditor (164)
[2016.10.03-16.05.49:315][437]LogModuleManager: Shutting down and abandoning module ProjectSettingsViewer (163)
[2016.10.03-16.05.49:315][437]LogModuleManager: Shutting down and abandoning module InputBindingEditor (162)
[2016.10.03-16.05.49:316][437]LogModuleManager: Shutting down and abandoning module EditorSettingsViewer (161)
[2016.10.03-16.05.49:316][437]LogModuleManager: Shutting down and abandoning module SettingsEditor (160)
[2016.10.03-16.05.49:316][437]LogModuleManager: Shutting down and abandoning module ProjectLauncher (159)
[2016.10.03-16.05.49:316][437]LogModuleManager: Shutting down and abandoning module SessionFrontend (158)
[2016.10.03-16.05.49:316][437]LogModuleManager: Shutting down and abandoning module ProfilerClient (157)
[2016.10.03-16.05.49:316][437]LogModuleManager: Shutting down and abandoning module TargetDeviceServices (156)
[2016.10.03-16.05.49:316][437]LogModuleManager: Shutting down and abandoning module DeviceManager (155)
[2016.10.03-16.05.49:366][437]LogModuleManager: Shutting down and abandoning module AutomationController (154)
[2016.10.03-16.05.49:366][437]LogModuleManager: Shutting down and abandoning module AutomationWindow (153)
[2016.10.03-16.05.49:366][437]LogModuleManager: Shutting down and abandoning module Layers (152)
[2016.10.03-16.05.49:366][437]LogModuleManager: Shutting down and abandoning module ComponentVisualizers (151)
[2016.10.03-16.05.49:366][437]LogModuleManager: Shutting down and abandoning module DetailCustomizations (150)
[2016.10.03-16.05.49:366][437]LogModuleManager: Shutting down and abandoning module PackagesDialog (149)
[2016.10.03-16.05.49:366][437]LogModuleManager: Shutting down and abandoning module Persona (148)
[2016.10.03-16.05.49:366][437]LogModuleManager: Shutting down and abandoning module Kismet (147)
[2016.10.03-16.05.49:367][437]LogModuleManager: Shutting down and abandoning module GraphEditor (146)
[2016.10.03-16.05.49:367][437]LogModuleManager: Shutting down and abandoning module ClassViewer (145)
[2016.10.03-16.05.49:367][437]LogModuleManager: Shutting down and abandoning module Toolbox (144)
[2016.10.03-16.05.49:367][437]LogModuleManager: Shutting down and abandoning module ModuleUI (143)
[2016.10.03-16.05.49:367][437]LogModuleManager: Shutting down and abandoning module MovieSceneTools (142)
[2016.10.03-16.05.49:367][437]LogModuleManager: Shutting down and abandoning module OutputLog (141)
[2016.10.03-16.05.49:367][437]LogModuleManager: Shutting down and abandoning module GammaUI (140)
[2016.10.03-16.05.49:367][437]LogModuleManager: Shutting down and abandoning module Documentation (139)
[2016.10.03-16.05.49:367][437]LogModuleManager: Shutting down and abandoning module StreamingPauseRendering (138)
[2016.10.03-16.05.49:367][437]LogModuleManager: Shutting down and abandoning module AnalyticsET (137)
[2016.10.03-16.05.49:367][437]LogModuleManager: Shutting down and abandoning module Analytics (136)
[2016.10.03-16.05.49:367][437]LogModuleManager: Shutting down and abandoning module PortalServices (135)
[2016.10.03-16.05.49:367][437]LogModuleManager: Shutting down and abandoning module PortalRpc (134)
[2016.10.03-16.05.49:367][437]LogModuleManager: Shutting down and abandoning module MessagingRpc (133)
[2016.10.03-16.05.49:367][437]LogModuleManager: Shutting down and abandoning module GameplayDebugger (132)
[2016.10.03-16.05.49:367][437]LogModuleManager: Shutting down and abandoning module AITestSuite (131)
[2016.10.03-16.05.49:367][437]LogModuleManager: Shutting down and abandoning module AIModule (130)
[2016.10.03-16.05.49:367][437]LogModuleManager: Shutting down and abandoning module ProfilerService (129)
[2016.10.03-16.05.49:555][437]LogModuleManager: Shutting down and abandoning module TaskGraph (128)
[2016.10.03-16.05.49:555][437]LogModuleManager: Shutting down and abandoning module SlateRemote (127)
[2016.10.03-16.05.49:555][437]LogModuleManager: Shutting down and abandoning module SteamVRController (126)
[2016.10.03-16.05.49:555][437]LogModuleManager: Shutting down and abandoning module SteamVR (125)
[2016.10.03-16.05.49:555][437]LogModuleManager: Shutting down and abandoning module ProceduralMeshComponent (124)
[2016.10.03-16.05.49:555][437]LogModuleManager: Shutting down and abandoning module OculusLibrary (123)
[2016.10.03-16.05.49:555][437]LogModuleManager: Shutting down and abandoning module OculusInput (122)
[2016.10.03-16.05.49:555][437]LogModuleManager: Shutting down and abandoning module CustomMeshComponent (121)
[2016.10.03-16.05.49:555][437]LogModuleManager: Shutting down and abandoning module CableComponent (120)
[2016.10.03-16.05.49:555][437]LogModuleManager: Shutting down and abandoning module ArchVisCharacter (119)
[2016.10.03-16.05.49:555][437]LogModuleManager: Shutting down and abandoning module MediaPlayerEditor (118)
[2016.10.03-16.05.49:555][437]LogModuleManager: Shutting down and abandoning module HTML5Networking (117)
[2016.10.03-16.05.49:555][437]LogModuleManager: Shutting down and abandoning module SuperSearch (116)
[2016.10.03-16.05.49:555][437]LogModuleManager: Shutting down and abandoning module SuperSearchEditor (115)
[2016.10.03-16.05.49:555][437]LogModuleManager: Shutting down and abandoning module SpeedTreeImporter (114)
[2016.10.03-16.05.49:555][437]LogModuleManager: Shutting down and abandoning module PluginBrowser (113)
[2016.10.03-16.05.49:555][437]LogModuleManager: Shutting down and abandoning module EpicSurvey (112)
[2016.10.03-16.05.49:556][437]LogModuleManager: Shutting down and abandoning module DesktopPlatform (111)
[2016.10.03-16.05.49:556][437]LogModuleManager: Shutting down and abandoning module VisualStudioSourceCodeAccess (110)
[2016.10.03-16.05.49:556][437]LogModuleManager: Shutting down and abandoning module UObjectPlugin (109)
[2016.10.03-16.05.49:556][437]LogModuleManager: Shutting down and abandoning module SubversionSourceControl (108)
[2016.10.03-16.05.49:556][437]LogModuleManager: Shutting down and abandoning module PerforceSourceControl (107)
[2016.10.03-16.05.49:556][437]LogModuleManager: Shutting down and abandoning module SourceControl (106)
[2016.10.03-16.05.49:556][437]LogModuleManager: Shutting down and abandoning module GitSourceControl (105)
[2016.10.03-16.05.49:556][437]LogModuleManager: Shutting down and abandoning module LightPropagationVolumeEditor (104)
[2016.10.03-16.05.49:556][437]LogModuleManager: Shutting down and abandoning module PaperTiledImporter (103)
[2016.10.03-16.05.49:556][437]LogModuleManager: Shutting down and abandoning module PaperSpriteSheetImporter (102)
[2016.10.03-16.05.49:556][437]LogModuleManager: Shutting down and abandoning module MeshPaint (101)
[2016.10.03-16.05.49:556][437]LogModuleManager: Shutting down and abandoning module PixelInspectorModule (100)
[2016.10.03-16.05.49:556][437]LogModuleManager: Shutting down and abandoning module HotReload (99)
[2016.10.03-16.05.49:557][437]LogModuleManager: Shutting down and abandoning module MainFrame (98)
[2016.10.03-16.05.49:557][437]LogModuleManager: Shutting down and abandoning module LevelEditor (97)
[2016.10.03-16.05.49:558][437]LogModuleManager: Shutting down and abandoning module ContentBrowser (96)
[2016.10.03-16.05.49:560][437]LogModuleManager: Shutting down and abandoning module Paper2DEditor (95)
[2016.10.03-16.05.49:560][437]LogModuleManager: Shutting down and abandoning module UdpMessaging (94)
[2016.10.03-16.05.49:660][437]LogModuleManager: Shutting down and abandoning module LightPropagationVolumeRuntime (93)
[2016.10.03-16.05.49:660][437]LogModuleManager: Shutting down and abandoning module Paper2D (92)
[2016.10.03-16.05.49:660][437]LogModuleManager: Shutting down and abandoning module WindowsMoviePlayer (91)
[2016.10.03-16.05.49:660][437]LogModuleManager: Shutting down and abandoning module Media (90)
[2016.10.03-16.05.49:660][437]LogModuleManager: Shutting down and abandoning module WmfMedia (89)
[2016.10.03-16.05.49:661][437]LogModuleManager: Shutting down and abandoning module MediaAssets (88)
[2016.10.03-16.05.49:661][437]LogModuleManager: Shutting down and abandoning module GameLiveStreaming (87)
[2016.10.03-16.05.49:661][437]LogModuleManager: Shutting down and abandoning module GameplayTagsEditor (86)
[2016.10.03-16.05.49:661][437]LogModuleManager: Shutting down and abandoning module OnlineBlueprintSupport (85)
[2016.10.03-16.05.49:661][437]LogModuleManager: Shutting down and abandoning module VREditor (84)
[2016.10.03-16.05.49:661][437]LogModuleManager: Shutting down and abandoning module GameplayTasksEditor (83)
[2016.10.03-16.05.49:661][437]LogModuleManager: Shutting down and abandoning module PropertyEditor (82)
[2016.10.03-16.05.49:661][437]LogModuleManager: Shutting down and abandoning module BehaviorTreeEditor (81)
[2016.10.03-16.05.49:661][437]LogModuleManager: Shutting down and abandoning module FunctionalTesting (80)
[2016.10.03-16.05.49:661][437]LogModuleManager: Shutting down and abandoning module CollisionAnalyzer (79)
[2016.10.03-16.05.49:662][437]LogModuleManager: Shutting down and abandoning module Sequencer (78)
[2016.10.03-16.05.49:662][437]LogModuleManager: Shutting down and abandoning module WorkspaceMenuStructure (77)
[2016.10.03-16.05.49:662][437]LogModuleManager: Shutting down and abandoning module MessageLog (76)
[2016.10.03-16.05.49:662][437]LogModuleManager: Shutting down and abandoning module AssetTools (75)
[2016.10.03-16.05.49:662][437]LogModuleManager: Shutting down and abandoning module UMGEditor (74)
[2016.10.03-16.05.49:662][437]LogModuleManager: Shutting down and abandoning module UMG (73)
[2016.10.03-16.05.49:662][437]LogModuleManager: Shutting down and abandoning module SlateReflector (72)
[2016.10.03-16.05.49:662][437]LogModuleManager: Shutting down and abandoning module Slate (71)
[2016.10.03-16.05.49:662][437]LogModuleManager: Shutting down and abandoning module EditorStyle (70)
[2016.10.03-16.05.49:667][437]LogModuleManager: Shutting down and abandoning module SourceCodeAccess (69)
[2016.10.03-16.05.49:667][437]LogModuleManager: Shutting down and abandoning module HeadMountedDisplay (68)
[2016.10.03-16.05.49:667][437]LogModuleManager: Shutting down and abandoning module XAudio2 (67)
[2016.10.03-16.05.49:668][437]LogModuleManager: Shutting down and abandoning module Networking (65)
[2016.10.03-16.05.49:668][437]LogModuleManager: Shutting down and abandoning module Core (64)
[2016.10.03-16.05.49:668][437]LogModuleManager: Shutting down and abandoning module DirectoryWatcher (63)
[2016.10.03-16.05.49:668][437]LogModuleManager: Shutting down and abandoning module AssetRegistry (62)
[2016.10.03-16.05.49:924][437]LogModuleManager: Shutting down and abandoning module KismetCompiler (61)
[2016.10.03-16.05.49:924][437]LogModuleManager: Shutting down and abandoning module PhysXFormats (60)
[2016.10.03-16.05.49:924][437]LogModuleManager: Shutting down and abandoning module MeshUtilities (59)
[2016.10.03-16.05.49:924][437]LogModuleManager: Shutting down and abandoning module DerivedDataCache (58)
[2016.10.03-16.05.49:985][437]LogDerivedDataCache: Shutdown
[2016.10.03-16.05.49:985][437]LogModuleManager: Shutting down and abandoning module VulkanShaderFormat (57)
[2016.10.03-16.05.49:985][437]LogModuleManager: Shutting down and abandoning module ShaderFormatOpenGL (56)
[2016.10.03-16.05.49:985][437]LogModuleManager: Shutting down and abandoning module ShaderFormatD3D (55)
[2016.10.03-16.05.49:985][437]LogModuleManager: Shutting down and abandoning module MetalShaderFormat (54)
[2016.10.03-16.05.49:985][437]LogModuleManager: Shutting down and abandoning module TextureFormatUncompressed (53)
[2016.10.03-16.05.49:985][437]LogModuleManager: Shutting down and abandoning module TextureFormatPVR (52)
[2016.10.03-16.05.49:985][437]LogModuleManager: Shutting down and abandoning module TextureFormatIntelISPCTexComp (51)
[2016.10.03-16.05.49:985][437]LogModuleManager: Shutting down and abandoning module TextureFormatDXT (50)
[2016.10.03-16.05.49:985][437]LogModuleManager: Shutting down and abandoning module ImageWrapper (49)
[2016.10.03-16.05.49:986][437]LogModuleManager: Shutting down and abandoning module TextureFormatASTC (48)
[2016.10.03-16.05.49:986][437]LogModuleManager: Shutting down and abandoning module TextureFormatAndroid (47)
[2016.10.03-16.05.49:986][437]LogModuleManager: Shutting down and abandoning module AudioFormatOpus (46)
[2016.10.03-16.05.49:986][437]LogModuleManager: Shutting down and abandoning module AudioFormatOgg (45)
[2016.10.03-16.05.49:986][437]LogModuleManager: Shutting down and abandoning module AudioFormatADPCM (44)
[2016.10.03-16.05.49:986][437]LogModuleManager: Shutting down and abandoning module LinuxTargetPlatform (43)
[2016.10.03-16.05.49:986][437]LogModuleManager: Shutting down and abandoning module LinuxServerTargetPlatform (42)
[2016.10.03-16.05.49:986][437]LogModuleManager: Shutting down and abandoning module LinuxNoEditorTargetPlatform (41)
[2016.10.03-16.05.49:986][437]LogModuleManager: Shutting down and abandoning module TVOSTargetPlatform (40)
[2016.10.03-16.05.49:986][437]LogModuleManager: Shutting down and abandoning module Messaging (39)
[2016.10.03-16.05.49:986][437]LogModuleManager: Shutting down and abandoning module IOSTargetPlatform (38)
[2016.10.03-16.05.49:986][437]LogModuleManager: Shutting down and abandoning module HTML5TargetPlatform (37)
[2016.10.03-16.05.49:986][437]LogModuleManager: Shutting down and abandoning module Android_PVRTCTargetPlatform (36)
[2016.10.03-16.05.49:986][437]LogModuleManager: Shutting down and abandoning module Android_MultiTargetPlatform (35)
[2016.10.03-16.05.49:986][437]LogModuleManager: Shutting down and abandoning module Android_ETC2TargetPlatform (34)
[2016.10.03-16.05.49:986][437]LogModuleManager: Shutting down and abandoning module Android_ETC1TargetPlatform (33)
[2016.10.03-16.05.49:986][437]LogModuleManager: Shutting down and abandoning module Android_DXTTargetPlatform (32)
[2016.10.03-16.05.49:986][437]LogModuleManager: Shutting down and abandoning module Android_ATCTargetPlatform (31)
[2016.10.03-16.05.49:986][437]LogModuleManager: Shutting down and abandoning module Android_ASTCTargetPlatform (30)
[2016.10.03-16.05.49:986][437]LogModuleManager: Shutting down and abandoning module AndroidTargetPlatform (29)
[2016.10.03-16.05.49:986][437]LogModuleManager: Shutting down and abandoning module WindowsTargetPlatform (28)
[2016.10.03-16.05.49:986][437]LogModuleManager: Shutting down and abandoning module WindowsServerTargetPlatform (27)
[2016.10.03-16.05.49:986][437]LogModuleManager: Shutting down and abandoning module WindowsNoEditorTargetPlatform (26)
[2016.10.03-16.05.49:986][437]LogModuleManager: Shutting down and abandoning module WindowsClientTargetPlatform (25)
[2016.10.03-16.05.49:986][437]LogModuleManager: Shutting down and abandoning module AllDesktopTargetPlatform (24)
[2016.10.03-16.05.49:986][437]LogModuleManager: Shutting down and abandoning module TargetPlatform (23)
[2016.10.03-16.05.49:986][437]LogModuleManager: Shutting down and abandoning module InputCore (22)
[2016.10.03-16.05.49:986][437]LogModuleManager: Shutting down and abandoning module Settings (21)
[2016.10.03-16.05.49:986][437]LogModuleManager: Shutting down and abandoning module OnlineSubsystem (19)
[2016.10.03-16.05.49:986][437]LogModuleManager: Shutting down and abandoning module HTTP (18)
[2016.10.03-16.05.54:505][437]LogModuleManager: Shutting down and abandoning module XMPP (17)
[2016.10.03-16.05.54:505][437]LogModuleManager: Shutting down and abandoning module OculusRift (16)
[2016.10.03-16.05.54:505][437]LogModuleManager: Shutting down and abandoning module ExampleDeviceProfileSelector (15)
[2016.10.03-16.05.54:505][437]LogModuleManager: Shutting down and abandoning module TextureCompressor (14)
[2016.10.03-16.05.54:505][437]LogModuleManager: Shutting down and abandoning module ShaderCore (13)
[2016.10.03-16.05.54:505][437]LogModuleManager: Shutting down and abandoning module Landscape (12)
[2016.10.03-16.05.54:505][437]LogModuleManager: Shutting down and abandoning module SlateRHIRenderer (11)
[2016.10.03-16.05.54:506][437]LogModuleManager: Shutting down and abandoning module OpenGLDrv (10)
[2016.10.03-16.05.54:506][437]LogModuleManager: Shutting down and abandoning module D3D11RHI (9)
[2016.10.03-16.05.54:506][437]LogModuleManager: Shutting down and abandoning module AnimGraphRuntime (8)
[2016.10.03-16.05.54:506][437]LogModuleManager: Shutting down and abandoning module Renderer (7)
[2016.10.03-16.05.54:506][437]LogModuleManager: Shutting down and abandoning module Engine (6)
[2016.10.03-16.05.54:506][437]LogModuleManager: Shutting down and abandoning module CoreUObject (5)
[2016.10.03-16.05.54:506][437]LogModuleManager: Shutting down and abandoning module NetworkFile (4)
[2016.10.03-16.05.54:506][437]LogModuleManager: Shutting down and abandoning module StreamingFile (3)
[2016.10.03-16.05.54:506][437]LogModuleManager: Shutting down and abandoning module SandboxFile (2)
[2016.10.03-16.05.54:506][437]LogModuleManager: Shutting down and abandoning module PakFile (1)
[2016.10.03-16.05.54:507][437]LogExit: Exiting.
[2016.10.03-16.05.54:517][437]Log file closed, 10/03/16 12:05:54
