Log file open, 10/04/16 08:58:01
LogInit:Display: Running engine without a game
LogPlatformFile: Not using cached read wrapper
LogInit:Display: Loading recent project file: ../../../../../../Ivan/SchoolRunner-4.12/SchoolRunner.uproject
LogInit:Display: RandInit(-163847684) SRandInit(-163847683).
LogTaskGraph: Started task graph with 4 named threads and 7 total threads with 1 sets of task threads.
LogStats: Stats thread started at 0.063821
LogInit: Version: 4.12.5-3039270+++UE4+Release-4.12
LogInit: API Version: 2992821
LogInit: Net Version: 3039270
LogDevObjectVersion: Number of dev versions registered: 13
LogDevObjectVersion:   Dev-Blueprints (B0D832E4-1F89-4F0D-ACCF-7EB736FD4AA2): 3
LogDevObjectVersion:   Dev-Build (E1C64328-A22C-4D53-A36C-8E866417BD8C): 0
LogDevObjectVersion:   Dev-Core (375EC13C-06E4-48FB-B500-84F0262A717E): 1
LogDevObjectVersion:   Dev-Editor (E4B068ED-F494-42E9-A231-DA0B2E46BB41): 2
LogDevObjectVersion:   Dev-Framework (CFFC743F-43B0-4480-9391-14DF171D2073): 6
LogDevObjectVersion:   Dev-Mobile (B02B49B5-BB20-44E9-A304-32B752E40360): 0
LogDevObjectVersion:   Dev-Networking (A4E4105C-59A1-49B5-A7C5-40C4547EDFEE): 0
LogDevObjectVersion:   Dev-Online (39C831C9-5AE6-47DC-9A44-9C173E1C8E7C): 0
LogDevObjectVersion:   Dev-Physics (78F01B33-EBEA-4F98-B9B4-84EACCB95AA2): 0
LogDevObjectVersion:   Dev-Platform (6631380F-2D4D-43E0-8009-CF276956A95A): 0
LogDevObjectVersion:   Dev-Rendering (12F88B9F-8875-4AFC-A67C-D90C383ABD29): 2
LogDevObjectVersion:   Dev-Sequencer (7B5AE74C-D270-4C10-A958-57980B212A5A): 0
LogDevObjectVersion:   Dev-VR (D7296918-1DD6-4BDD-9DE2-64A83CC13884): 0
LogInit: Compiled (64-bit): Jul  6 2016 09:09:46
LogInit: Compiled with Visual C++: 19.00.23026.00
LogInit: Build Configuration: Development
LogInit: Branch Name: ++UE4+Release-4.12
LogInit: Command line: -EpicPortal 
LogInit: Base directory: C:/Program Files (x86)/Epic Games/4.12/Engine/Binaries/Win64/
LogInit: Installed Engine Build: 1
LogInit: Using libcurl 7.41.0
LogInit:  - built for x86_64-pc-win32
LogInit:  - supports SSL with WinSSL
LogInit:  - other features:
LogInit:      CURL_VERSION_SSL
LogInit:      CURL_VERSION_IPV6
LogInit:      CURL_VERSION_ASYNCHDNS
LogInit:      CURL_VERSION_LARGEFILE
LogInit:      CURL_VERSION_IDN
LogInit:  CurlRequestOptions (configurable via config and command line):
LogInit:  - bVerifyPeer = true  - Libcurl will verify peer certificate
LogInit:  - bUseHttpProxy = false  - Libcurl will NOT use HTTP proxy
LogInit:  - bDontReuseConnections = false  - Libcurl will reuse connections
LogInit:  - CertBundlePath = nullptr  - Libcurl will use whatever was configured at build time.
LogInit: Presizing for max 8388607 objects, including 0 objects not considered by GC, pre-allocating 0 bytes for permanent pool.
LogInit: Object subsystem initialized
[2016.10.04-12.58.01:932][  0]LogInit: Selected Device Profile: [Windows]
[2016.10.04-12.58.01:932][  0]LogInit: Applying CVar settings loaded from the selected device profile: [Windows]
[2016.10.04-12.58.01:938][  0]LogInit: Computer: 2016-KISER-04
[2016.10.04-12.58.01:938][  0]LogInit: User: iarodri17
[2016.10.04-12.58.01:938][  0]LogInit: CPU Page size=65536, Cores=4
[2016.10.04-12.58.01:938][  0]LogInit: High frequency timer resolution =3.328339 MHz
[2016.10.04-12.58.01:939][  0]LogMemory: Memory total: Physical=15.9GB (16GB approx)
[2016.10.04-12.58.01:939][  0]LogMemory: Platform Memory Stats for Windows
[2016.10.04-12.58.01:939][  0]LogMemory: Process Physical Memory: 191.36 MB used, 191.36 MB peak
[2016.10.04-12.58.01:939][  0]LogMemory: Process Virtual Memory: 196.89 MB used, 196.89 MB peak
[2016.10.04-12.58.01:939][  0]LogMemory: Physical Memory: 5251.26 MB used, 16304.60 MB total
[2016.10.04-12.58.01:939][  0]LogMemory: Virtual Memory: 522.00 MB used, 8388608.00 MB total
[2016.10.04-12.58.01:962][  0]LogTextLocalizationManager: No specific translations for ('en-US') exist, so ('en') translations will be used.
[2016.10.04-12.58.02:260][  0]LogD3D11RHI: D3D11 adapters:
[2016.10.04-12.58.02:274][  0]LogD3D11RHI:    0. 'NVIDIA Quadro K2200 ' (Feature Level 11_0)
[2016.10.04-12.58.02:274][  0]LogD3D11RHI:       4034/0/7896 MB DedicatedVideo/DedicatedSystem/SharedSystem, Outputs:2, VendorId:0x10de
[2016.10.04-12.58.02:274][  0]LogD3D11RHI: Chosen D3D11 Adapter: 0
[2016.10.04-12.58.02:278][  0]LogD3D11RHI: Creating new Direct3DDevice
[2016.10.04-12.58.02:278][  0]LogD3D11RHI:     GPU DeviceId: 0x13ba (for the marketing name, search the web for "GPU Device Id")
[2016.10.04-12.58.02:278][  0]LogWindows: EnumDisplayDevices:
[2016.10.04-12.58.02:278][  0]LogWindows:    0. 'NVIDIA Quadro K2200 ' (P:1 D:1)
[2016.10.04-12.58.02:278][  0]LogWindows:    1. 'NVIDIA Quadro K2200 ' (P:0 D:1)
[2016.10.04-12.58.02:278][  0]LogWindows:    2. 'NVIDIA Quadro K2200 ' (P:0 D:0)
[2016.10.04-12.58.02:278][  0]LogWindows:    3. 'NVIDIA Quadro K2200 ' (P:0 D:0)
[2016.10.04-12.58.02:278][  0]LogWindows:    4. 'RDPDD Chained DD' (P:0 D:0)
[2016.10.04-12.58.02:278][  0]LogWindows:    5. 'RDP Encoder Mirror Driver' (P:0 D:0)
[2016.10.04-12.58.02:278][  0]LogWindows:    6. 'RDP Reflector Display Driver' (P:0 D:0)
[2016.10.04-12.58.02:278][  0]LogWindows: DebugString: GetVideoDriverDetailsInvalid PrimaryIsNotTheChoosenAdapter GetVideoDriverDetailsInvalid PrimaryIsNotTheChoosenAdapter GetVideoDriverDetailsInvalid PrimaryIsNotTheChoosenAdapter FoundDriverCount:4 
[2016.10.04-12.58.02:278][  0]LogD3D11RHI:     Adapter Name: NVIDIA Quadro K2200 
[2016.10.04-12.58.02:278][  0]LogD3D11RHI:   Driver Version: 361.91 (internal:10.18.13.6191, unified:361.91)
[2016.10.04-12.58.02:278][  0]LogD3D11RHI:      Driver Date: 2-8-2016
[2016.10.04-12.58.02:278][  0]LogRHI: Texture pool is 1361 MB (70% of 1945 MB)
[2016.10.04-12.58.02:284][  0]LogD3D11RHI: Async texture creation enabled
[2016.10.04-12.58.02:297][  0]LogD3D11RHI: GPU Timing Frequency: 1000.000000 (Debug: 2 2)
[2016.10.04-12.58.02:297][  0]LogShaderCompilers: Guid format shader working directory is 9 characters bigger than the processId version (../../../../../../Ivan/SchoolRunner-4.12/Intermediate/Shaders/WorkingDirectory/3424/).
[2016.10.04-12.58.02:297][  0]LogShaderCompilers: Cleaned the shader compiler working directory 'C:/Users/IARODR~1/AppData/Local/Temp/UnrealShaderWorkingDir/28B0385F453E595E04DE87AE21714287/'.
[2016.10.04-12.58.02:297][  0]LogShaderCompilers:Display: Using Local Shader Compiler.
[2016.10.04-12.58.03:084][  0]LogTemp:Display: Loaded TP AllDesktopTargetPlatform
[2016.10.04-12.58.03:091][  0]LogTemp:Display: Loaded TP WindowsClientTargetPlatform
[2016.10.04-12.58.03:098][  0]LogTemp:Display: Loaded TP WindowsNoEditorTargetPlatform
[2016.10.04-12.58.03:105][  0]LogTemp:Display: Loaded TP WindowsServerTargetPlatform
[2016.10.04-12.58.03:112][  0]LogTemp:Display: Loaded TP WindowsTargetPlatform
[2016.10.04-12.58.03:119][  0]LogTemp:Display: Loaded TP AndroidTargetPlatform
[2016.10.04-12.58.03:125][  0]LogTemp:Display: Loaded TP Android_ASTCTargetPlatform
[2016.10.04-12.58.03:132][  0]LogTemp:Display: Loaded TP Android_ATCTargetPlatform
[2016.10.04-12.58.03:138][  0]LogTemp:Display: Loaded TP Android_DXTTargetPlatform
[2016.10.04-12.58.03:145][  0]LogTemp:Display: Loaded TP Android_ETC1TargetPlatform
[2016.10.04-12.58.03:151][  0]LogTemp:Display: Loaded TP Android_ETC2TargetPlatform
[2016.10.04-12.58.03:164][  0]LogTemp:Display: Loaded TP Android_MultiTargetPlatform
[2016.10.04-12.58.03:164][  0]LogTemp:Display: Loaded TP Android_PVRTCTargetPlatform
[2016.10.04-12.58.03:164][  0]LogTemp:Display: Loaded TP HTML5TargetPlatform
[2016.10.04-12.58.03:184][  0]LogTemp:Display: Loaded TP IOSTargetPlatform
[2016.10.04-12.58.03:191][  0]LogTemp:Display: Loaded TP TVOSTargetPlatform
[2016.10.04-12.58.03:197][  0]LogTemp:Display: Loaded TP LinuxNoEditorTargetPlatform
[2016.10.04-12.58.03:204][  0]LogTemp:Display: Loaded TP LinuxServerTargetPlatform
[2016.10.04-12.58.03:212][  0]LogTemp:Display: Loaded TP LinuxTargetPlatform
[2016.10.04-12.58.03:212][  0]LogTargetPlatformManager:Display: Building Assets For Windows
[2016.10.04-12.58.03:256][  0]LogDerivedDataCache:Display: Max Cache Size: 512 MB
[2016.10.04-12.58.03:296][  0]LogDerivedDataCache: Loaded boot cache 0.04s 48MB C:/Users/iarodri17/AppData/Local/UnrealEngine/4.12/DerivedDataCache/Boot.ddc.
[2016.10.04-12.58.03:296][  0]LogDerivedDataCache:Display: Loaded Boot cache: C:/Users/iarodri17/AppData/Local/UnrealEngine/4.12/DerivedDataCache/Boot.ddc
[2016.10.04-12.58.03:296][  0]LogDerivedDataCache: FDerivedDataBackendGraph:  Pak pak cache file ../../../../../../Ivan/SchoolRunner-4.12/DerivedDataCache/DDC.ddp not found, will not use a pak cache.
[2016.10.04-12.58.03:296][  0]LogDerivedDataCache: Unable to find inner node Pak for hierarchical cache Hierarchy.
[2016.10.04-12.58.03:296][  0]LogDerivedDataCache: FDerivedDataBackendGraph:  CompressedPak pak cache file ../../../../../../Ivan/SchoolRunner-4.12/DerivedDataCache/Compressed.ddp not found, will not use a pak cache.
[2016.10.04-12.58.03:296][  0]LogDerivedDataCache: Unable to find inner node CompressedPak for hierarchical cache Hierarchy.
[2016.10.04-12.58.03:310][  0]LogDerivedDataCache:Display: Pak cache opened for reading ../../../Engine/DerivedDataCache/Compressed.ddp.
[2016.10.04-12.58.03:321][  0]LogDerivedDataCache: Using Local data cache path C:/Users/iarodri17/AppData/Local/UnrealEngine/Common/DerivedDataCache: Writable
[2016.10.04-12.58.03:450][  0]LogInit: Selected Device Profile: [Windows]
[2016.10.04-12.58.03:450][  0]LogContentStreaming: Texture pool size is 0.00 MB
[2016.10.04-12.58.03:563][  0]LogMeshUtilities: No automatic mesh reduction module available
[2016.10.04-12.58.03:563][  0]LogMeshUtilities: No automatic mesh merging module available
[2016.10.04-12.58.03:563][  0]LogMeshUtilities: No distributed automatic mesh merging module available
[2016.10.04-12.58.03:755][  0]LogAssetRegistry: FAssetRegistry took 0.0199 seconds to start up
[2016.10.04-12.58.03:770][  0]LogPackageLocalizationCache: Processed 3 localized package path(s) for 2 prioritized culture(s) in 0.013077 seconds
[2016.10.04-12.58.03:773][  0]LogUObjectArray: 28741 objects as part of root set at end of initial load.
[2016.10.04-12.58.03:773][  0]LogUObjectAllocator: 5855920 out of 0 bytes used by permanent object pool.
[2016.10.04-12.58.03:773][  0]LogUObjectArray: CloseDisregardForGC: 0/0 objects in disregard for GC pool
[2016.10.04-12.58.03:778][  0]LogInit: WinSock: version 1.1 (2.2), MaxSocks=32767, MaxUdp=65467
[2016.10.04-12.58.03:897][  0]LogSlate: SlateFontCache - WITH_FREETYPE: 1, WITH_HARFBUZZ: 1
[2016.10.04-12.58.03:897][  0]LogSlate: SlateFontCache - WITH_FREETYPE: 1, WITH_HARFBUZZ: 1
[2016.10.04-12.58.04:340][  0]LogUdpMessaging: Initializing bridge on interface 0.0.0.0:0 to multicast group 230.0.0.1:6666.
[2016.10.04-12.58.04:495][  0]SourceControl: Info Source control is disabled
[2016.10.04-12.58.04:616][  0]LogEngine: Initializing Engine...
[2016.10.04-12.58.04:617][  0]LogHMD: SteamVR failed to initialize.  Err: 110
[2016.10.04-12.58.04:617][  0]LogHMD: SteamVR failed to initialize.  Err: 110
[2016.10.04-12.58.04:723][  0]LogAIModule: Creating AISystem for world NewWorld
[2016.10.04-12.58.04:727][  0]LogInit: XAudio2 using 'Speakers (Realtek High Definition Audio)' : 2 channels at 48 kHz using 32 bits per sample (channel mask 0x3)
[2016.10.04-12.58.04:772][  0]LogInit: FAudioDevice initialized.
[2016.10.04-12.58.04:791][  0]LogDerivedDataCache: Saved boot cache 0.02s 48MB C:/Users/iarodri17/AppData/Local/UnrealEngine/4.12/DerivedDataCache/Boot.ddc.
[2016.10.04-12.58.04:794][  0]LogInit: Texture streaming: Enabled
[2016.10.04-12.58.04:808][  0]LogInit: Transaction tracking system initialized
[2016.10.04-12.58.04:821][  0]BlueprintLog: New page: Editor Load
[2016.10.04-12.58.04:863][  0]LocalizationService: Info Localization service is disabled
[2016.10.04-12.58.04:901][  0]LogConsoleResponse:Display: 
[2016.10.04-12.58.04:976][  0]LogCook:Display: Max memory allowance for cook 8192mb
[2016.10.04-12.58.04:976][  0]LogCook:Display: Mobile HDR setting 1
[2016.10.04-12.58.05:031][  0]LogFileCache: Scanning file cache for directory 'C:/Ivan/SchoolRunner-4.12/Content/' took 0.02s
[2016.10.04-12.58.05:031][  0]Cmd: MAP LOAD FILE="../../../../../../Ivan/SchoolRunner-4.12/Content/ThirdPersonBP/Maps/ThirdPersonExampleMap.umap" TEMPLATE=0 SHOWPROGRESS=1 FEATURELEVEL=3
[2016.10.04-12.58.05:031][  0]LightingResults: New page: Lighting Build
[2016.10.04-12.58.05:033][  0]MapCheck: New page: Map Check
[2016.10.04-12.58.05:033][  0]LightingResults: New page: Lighting Build
[2016.10.04-12.58.05:056][  0]LogLinker:Warning: Asset '../../../../../../Ivan/SchoolRunner-4.12/Content/Mannequin/Animations/ThirdPerson_Jump.uasset' has been saved with empty engine version. The asset will be loaded but may be incompatible.
[2016.10.04-12.58.05:057][  0]LogLinker:Warning: Asset '../../../../../../Ivan/SchoolRunner-4.12/Content/Mannequin/Animations/ThirdPersonJump_Loop.uasset' has been saved with empty engine version. The asset will be loaded but may be incompatible.
[2016.10.04-12.58.05:057][  0]LogLinker:Warning: Asset '../../../../../../Ivan/SchoolRunner-4.12/Content/Mannequin/Animations/ThirdPersonJump_Start.uasset' has been saved with empty engine version. The asset will be loaded but may be incompatible.
[2016.10.04-12.58.05:058][  0]LogLinker:Warning: Asset '../../../../../../Ivan/SchoolRunner-4.12/Content/Mannequin/Animations/ThirdPerson_IdleRun_2D.uasset' has been saved with empty engine version. The asset will be loaded but may be incompatible.
[2016.10.04-12.58.05:058][  0]LogLinker:Warning: Asset '../../../../../../Ivan/SchoolRunner-4.12/Content/Mannequin/Animations/ThirdPersonIdle.uasset' has been saved with empty engine version. The asset will be loaded but may be incompatible.
[2016.10.04-12.58.05:058][  0]LogLinker:Warning: Asset '../../../../../../Ivan/SchoolRunner-4.12/Content/Mannequin/Animations/ThirdPersonRun.uasset' has been saved with empty engine version. The asset will be loaded but may be incompatible.
[2016.10.04-12.58.05:059][  0]LogLinker:Warning: Asset '../../../../../../Ivan/SchoolRunner-4.12/Content/Mannequin/Animations/ThirdPersonWalk.uasset' has been saved with empty engine version. The asset will be loaded but may be incompatible.
[2016.10.04-12.58.05:316][  0]LogLinker:Warning: Can't find file '/Engine/EngineDebugMaterials/MAT_Green'
[2016.10.04-12.58.05:316][  0]LogLinker:Warning: Can't find file for asset '/Engine/EngineDebugMaterials/MAT_Green' while loading ../../../../../../Ivan/SchoolRunner-4.12/Content/ThirdPersonBP/Maps/ThirdPersonExampleMap.umap.
[2016.10.04-12.58.05:316][  0]LoadErrors:Error: Error /Game/ThirdPersonBP/Maps/ThirdPersonExampleMap : Can't find file for asset. /Engine/EngineDebugMaterials/MAT_Green
[2016.10.04-12.58.05:332][  0]LogLinker:Warning: Can't find file '/Engine/EngineDebugMaterials/MAT_Green'
[2016.10.04-12.58.05:332][  0]LogLinker:Warning: Can't find file for asset '/Engine/EngineDebugMaterials/MAT_Green' while loading ../../../../../../Ivan/SchoolRunner-4.12/Content/ThirdPersonBP/Maps/ThirdPersonExampleMap.umap.
[2016.10.04-12.58.05:332][  0]LoadErrors:Error: Error /Game/ThirdPersonBP/Maps/ThirdPersonExampleMap : Can't find file for asset. /Engine/EngineDebugMaterials/MAT_Green
[2016.10.04-12.58.05:341][  0]LogLinker:Warning: Can't find file '/Engine/EngineDebugMaterials/MAT_Green'
[2016.10.04-12.58.05:341][  0]LogLinker:Warning: Can't find file for asset '/Engine/EngineDebugMaterials/MAT_Green' while loading NULL.
[2016.10.04-12.58.05:341][  0]LogLinker:Warning: Can't find file '/Engine/EngineDebugMaterials/MAT_Green'
[2016.10.04-12.58.05:341][  0]LogLinker:Warning: Can't find file for asset '/Engine/EngineDebugMaterials/MAT_Green' while loading NULL.
[2016.10.04-12.58.05:346][  0]LogBlueprint:Error: Compiler Error This blueprint (self) is not a SceneComponent, therefore ' Target ' must have a connection.
[2016.10.04-12.58.05:347][  0]LogBlueprint:Warning: Compiler Warning [0003.99] Compile of PersistentLevel.ThirdPersonExampleMap failed. 1 Fatal Issue(s) 0 Warning(s) [in 2 ms] (/Game/ThirdPersonBP/Maps/ThirdPersonExampleMap.ThirdPersonExampleMap:PersistentLevel.ThirdPersonExampleMap)
[2016.10.04-12.58.05:347][  0]LogBlueprint:Warning: Compiler Warning [0003.99] Compile of PersistentLevel.ThirdPersonExampleMap failed. 1 Fatal Issue(s) 1 Warning(s) [in 0 ms] (/Game/ThirdPersonBP/Maps/ThirdPersonExampleMap.ThirdPersonExampleMap:PersistentLevel.ThirdPersonExampleMap)
[2016.10.04-12.58.05:347][  0]LogBlueprint:Warning: Compiler Warning [0003.99] Compile of PersistentLevel.ThirdPersonExampleMap failed. 1 Fatal Issue(s) 2 Warning(s) [in 0 ms] (/Game/ThirdPersonBP/Maps/ThirdPersonExampleMap.ThirdPersonExampleMap:PersistentLevel.ThirdPersonExampleMap)
[2016.10.04-12.58.05:611][  0]LogLinker:Warning: Can't find file '/Engine/EngineDebugMaterials/MAT_Green'
[2016.10.04-12.58.05:611][  0]LoadErrors: Info Failed to load /Engine/EngineDebugMaterials/MAT_Green.MAT_Green Referenced by StaticMeshComponent0
[2016.10.04-12.58.05:611][  0]LogLinker:Warning: Can't find file for asset '/Engine/EngineDebugMaterials/MAT_Green' while loading NULL.
[2016.10.04-12.58.05:611][  0]LoadErrors: Info Failed to load /Engine/EngineDebugMaterials/MAT_Green.MAT_Green Referenced by StaticMeshComponent0
[2016.10.04-12.58.05:611][  0]LogLinker:Warning: Can't find file '/Engine/EngineDebugMaterials/MAT_Green'
[2016.10.04-12.58.05:611][  0]LoadErrors: Info Failed to load /Engine/EngineDebugMaterials/MAT_Green.MAT_Green Referenced by StaticMeshComponent0
[2016.10.04-12.58.05:611][  0]LogLinker:Warning: Can't find file for asset '/Engine/EngineDebugMaterials/MAT_Green' while loading NULL.
[2016.10.04-12.58.05:611][  0]LoadErrors: Info Failed to load /Engine/EngineDebugMaterials/MAT_Green.MAT_Green Referenced by StaticMeshComponent0
[2016.10.04-12.58.05:903][  0]LogAIModule: Creating AISystem for world ThirdPersonExampleMap
[2016.10.04-12.58.06:187][  0]LogEditorServer: Finished looking for orphan Actors (0.000 secs)
[2016.10.04-12.58.06:188][  0]Cmd: MAP CHECKDEP NOCLEARLOG
[2016.10.04-12.58.06:216][  0]MapCheck: Info Map check complete: 0 Error(s), 0 Warning(s), took 27.435ms to complete.
[2016.10.04-12.58.06:216][  0]LogFileHelpers: Loading map 'ThirdPersonExampleMap' took 1.185
[2016.10.04-12.58.07:010][  0]LogCollectionManager: Loaded 0 collections in 0.001198 seconds
[2016.10.04-12.58.07:053][  0]LogFileCache: Scanning file cache for directory 'C:/Ivan/SchoolRunner-4.12/Saved/Collections/' took 0.01s
[2016.10.04-12.58.07:053][  0]LogFileCache: Scanning file cache for directory 'C:/Ivan/SchoolRunner-4.12/Content/Developers/iarodri17/Collections/' took 0.01s
[2016.10.04-12.58.07:053][  0]LogFileCache: Scanning file cache for directory 'C:/Ivan/SchoolRunner-4.12/Content/Collections/' took 0.01s
[2016.10.04-12.58.07:053][  0]LogCollectionManager: Rebuilt the GUID cache for 0 collections in 0.000004 seconds
[2016.10.04-12.58.07:067][  0]LogContentBrowser: Native class hierarchy populated in 0.0138 seconds. Added 2047 classes and 369 folders.
[2016.10.04-12.58.07:070][  0]LogStats: UGameplayTagsManager::ConstructGameplayTagTree: Construct from data asset -  0.000 s
[2016.10.04-12.58.07:070][  0]LogStats: UGameplayTagsManager::ConstructGameplayTagTree: GameplayTagTreeChangedEvent.Broadcast -  0.000 s
[2016.10.04-12.58.07:071][  0]LogContentBrowser: Native class hierarchy updated for 'GameplayTags' in 0.0003 seconds. Added 12 classes and 0 folders.
[2016.10.04-12.58.07:073][  0]LogContentBrowser: Native class hierarchy updated for 'WidgetCarousel' in 0.0003 seconds. Added 0 classes and 0 folders.
[2016.10.04-12.58.07:097][  0]LogContentBrowser: Native class hierarchy updated for 'AddContentDialog' in 0.0003 seconds. Added 0 classes and 0 folders.
[2016.10.04-12.58.07:099][  0]LogContentBrowser: Native class hierarchy updated for 'SceneOutliner' in 0.0002 seconds. Added 1 classes and 2 folders.
[2016.10.04-12.58.07:109][  0]LogCrashTracker: Crashtracker disabled due to settings.
[2016.10.04-12.58.07:114][  0]LogUObjectGlobals:Warning: Failed to find object 'Class None.'
[2016.10.04-12.58.07:137][  0]LogContentBrowser: Native class hierarchy updated for 'HierarchicalLODOutliner' in 0.0003 seconds. Added 1 classes and 2 folders.
[2016.10.04-12.58.07:137][  0]LogLoad: Full Startup: 5.78 seconds (BP compile: 0.10 seconds)
[2016.10.04-12.58.07:137][  0]LogExternalProfiler: No external profilers were discovered.  External profiling features will not be available.
[2016.10.04-12.58.07:146][  0]LogOcInput: OculusInput pre-init called
[2016.10.04-12.58.07:186][  0]LogContentStreaming: Texture pool size now 700 MB
[2016.10.04-12.58.07:338][  0]LogRenderer: Reallocating scene render targets to support 848x564 (Frame:2).
[2016.10.04-12.58.07:490][  1]LogFileCache: Retrieving MD5 hashes for directory 'C:/Ivan/SchoolRunner-4.12/Content/' took 0.33s
[2016.10.04-12.58.07:553][  2]LogAssetRegistry: Asset discovery search completed in 3.8176 seconds
[2016.10.04-12.58.07:553][  2]LogCollectionManager: Rebuilt the object cache for 0 collections in 0.000001 seconds (found 0 objects)
[2016.10.04-12.58.07:553][  2]LogCollectionManager: Fixed up redirectors for 0 collections in 0.000017 seconds (updated 0 objects)
[2016.10.04-12.58.31:057][765]LogRenderer: Reallocating scene render targets to support 848x628 (Frame:239).
[2016.10.04-12.59.01:316][953]LogEditorViewport: Clicking on Actor (LMB): Glass_C (Glass)
[2016.10.04-12.59.04:158][285]Cmd: DELETE
[2016.10.04-12.59.04:159][285]Cmd: ACTOR DELETE
[2016.10.04-12.59.04:174][285]LogEditorActor: Deleted Actor: Glass_C
[2016.10.04-12.59.04:209][285]LogEditorActor: Deleted 1 Actors (0.050 secs)
[2016.10.04-12.59.06:595][568]LogEditorViewport: Clicking on Actor (LMB): Glass_C (Glass2)
[2016.10.04-12.59.08:482][786]Cmd: DELETE
[2016.10.04-12.59.08:482][786]Cmd: ACTOR DELETE
[2016.10.04-12.59.08:490][786]LogEditorActor: Deleted Actor: Glass_C
[2016.10.04-12.59.08:500][786]LogEditorActor: Deleted 1 Actors (0.018 secs)
[2016.10.04-12.59.31:683][556]LogBlueprintUserMessages: Early PlayInEditor Detection: Level '/Game/ThirdPersonBP/Maps/ThirdPersonExampleMap.ThirdPersonExampleMap:PersistentLevel' has LevelScriptBlueprint '/Game/ThirdPersonBP/Maps/ThirdPersonExampleMap.ThirdPersonExampleMap:PersistentLevel.ThirdPersonExampleMap' with GeneratedClass '/Game/ThirdPersonBP/Maps/ThirdPersonExampleMap.ThirdPersonExampleMap_C' with ClassGeneratedBy '/Game/ThirdPersonBP/Maps/ThirdPersonExampleMap.ThirdPersonExampleMap:PersistentLevel.ThirdPersonExampleMap'
[2016.10.04-12.59.31:683][556]BlueprintLog: New page: Pre-Play auto-recompile
[2016.10.04-12.59.31:683][556]LogPlayLevel: [PlayLevel] Compiling ThirdPersonExampleMap before play...
[2016.10.04-12.59.31:693][556]LogBlueprint:Error: Compiler Error This blueprint (self) is not a SceneComponent, therefore ' Target ' must have a connection.
[2016.10.04-12.59.31:792][556]LogBlueprint:Warning: Compiler Warning [0090.43] Compile of PersistentLevel.ThirdPersonExampleMap failed. 1 Fatal Issue(s) 0 Warning(s) [in 106 ms] (/Game/ThirdPersonBP/Maps/ThirdPersonExampleMap.ThirdPersonExampleMap:PersistentLevel.ThirdPersonExampleMap)
[2016.10.04-12.59.31:792][556]LogBlueprint:Warning: Compiler Warning [0090.43] Compile of PersistentLevel.ThirdPersonExampleMap failed. 1 Fatal Issue(s) 1 Warning(s) [in 0 ms] (/Game/ThirdPersonBP/Maps/ThirdPersonExampleMap.ThirdPersonExampleMap:PersistentLevel.ThirdPersonExampleMap)
[2016.10.04-12.59.31:792][556]LogBlueprint:Warning: Compiler Warning [0090.43] Compile of PersistentLevel.ThirdPersonExampleMap failed. 1 Fatal Issue(s) 2 Warning(s) [in 0 ms] (/Game/ThirdPersonBP/Maps/ThirdPersonExampleMap.ThirdPersonExampleMap:PersistentLevel.ThirdPersonExampleMap)
[2016.10.04-12.59.31:792][556]LogBlueprint:Warning: Compiler Warning [0090.43] Compile of PersistentLevel.ThirdPersonExampleMap failed. 1 Fatal Issue(s) 3 Warning(s) [in 0 ms] (/Game/ThirdPersonBP/Maps/ThirdPersonExampleMap.ThirdPersonExampleMap:PersistentLevel.ThirdPersonExampleMap)
[2016.10.04-12.59.31:792][556]LogBlueprint:Warning: Compiler Warning [0090.43] Compile of PersistentLevel.ThirdPersonExampleMap failed. 1 Fatal Issue(s) 4 Warning(s) [in 0 ms] (/Game/ThirdPersonBP/Maps/ThirdPersonExampleMap.ThirdPersonExampleMap:PersistentLevel.ThirdPersonExampleMap)
[2016.10.04-12.59.31:792][556]LogBlueprint:Warning: Compiler Warning [0090.43] Compile of PersistentLevel.ThirdPersonExampleMap failed. 1 Fatal Issue(s) 5 Warning(s) [in 0 ms] (/Game/ThirdPersonBP/Maps/ThirdPersonExampleMap.ThirdPersonExampleMap:PersistentLevel.ThirdPersonExampleMap)
[2016.10.04-12.59.31:793][556]LogPlayLevel: PlayLevel: Blueprint regeneration took 109 ms (1 blueprints)
[2016.10.04-12.59.31:820][556]BlueprintLog: Info Blueprint ThirdPersonExampleMap failed to compile
[2016.10.04-12.59.34:745][556]PIE: New page: PIE session: ThirdPersonExampleMap (Oct 4, 2016, 3:59:34 AM)
[2016.10.04-12.59.34:745][556]LogPlayLevel: Creating play world package: /Game/ThirdPersonBP/Maps/UEDPIE_0_ThirdPersonExampleMap
[2016.10.04-12.59.34:970][556]LogPlayLevel: PIE: StaticDuplicateObject took: (0.225032s)
[2016.10.04-12.59.34:971][556]LogAIModule: Creating AISystem for world ThirdPersonExampleMap
[2016.10.04-12.59.34:971][556]LogPlayLevel: PIE: World Init took: (0.000684s)
[2016.10.04-12.59.34:971][556]LogPlayLevel: PIE: Created PIE world by copying editor world from /Game/ThirdPersonBP/Maps/ThirdPersonExampleMap.ThirdPersonExampleMap to /Game/ThirdPersonBP/Maps/UEDPIE_0_ThirdPersonExampleMap.ThirdPersonExampleMap (0.226341s)
[2016.10.04-12.59.34:984][556]LogInit: XAudio2 using 'Speakers (Realtek High Definition Audio)' : 2 channels at 48 kHz using 32 bits per sample (channel mask 0x3)
[2016.10.04-12.59.34:991][556]LogInit: FAudioDevice initialized.
[2016.10.04-12.59.35:052][556]LogWorld: Game class is 'ThirdPersonGameMode_C'
[2016.10.04-12.59.35:121][556]LogWorld: Bringing World /Game/ThirdPersonBP/Maps/UEDPIE_0_ThirdPersonExampleMap.ThirdPersonExampleMap up for play (max tick rate 0) at 2016.10.04-08.59.35
[2016.10.04-12.59.35:138][556]LogWorld: Bringing up level for play took: 0.083917
[2016.10.04-12.59.35:140][556]LogContentBrowser: Native class hierarchy updated for 'MovieSceneCapture' in 0.0003 seconds. Added 11 classes and 0 folders.
[2016.10.04-12.59.35:149][556]PIE: Info Play in editor start time for /Game/ThirdPersonBP/Maps/UEDPIE_0_ThirdPersonExampleMap 3.679
[2016.10.04-12.59.35:150][556]LogBlueprintUserMessages: Late PlayInEditor Detection: Level '/Game/ThirdPersonBP/Maps/ThirdPersonExampleMap.ThirdPersonExampleMap:PersistentLevel' has LevelScriptBlueprint '/Game/ThirdPersonBP/Maps/ThirdPersonExampleMap.ThirdPersonExampleMap:PersistentLevel.ThirdPersonExampleMap' with GeneratedClass '/Game/ThirdPersonBP/Maps/ThirdPersonExampleMap.ThirdPersonExampleMap_C' with ClassGeneratedBy '/Game/ThirdPersonBP/Maps/ThirdPersonExampleMap.ThirdPersonExampleMap:PersistentLevel.ThirdPersonExampleMap'
[2016.10.04-12.59.43:508][ 61]LogBlueprintUserMessages: [BP_Pickup_Child_Hex2] Destination Reached
[2016.10.04-12.59.46:595][343]LogBlueprintUserMessages: [BP_Pickup_Child_Hex_155] Destination Reached
[2016.10.04-12.59.50:283][685]LogBlueprintUserMessages: Early EndPlayMap Detection: Level '/Game/ThirdPersonBP/Maps/ThirdPersonExampleMap.ThirdPersonExampleMap:PersistentLevel' has LevelScriptBlueprint '/Game/ThirdPersonBP/Maps/ThirdPersonExampleMap.ThirdPersonExampleMap:PersistentLevel.ThirdPersonExampleMap' with GeneratedClass '/Game/ThirdPersonBP/Maps/ThirdPersonExampleMap.ThirdPersonExampleMap_C' with ClassGeneratedBy '/Game/ThirdPersonBP/Maps/ThirdPersonExampleMap.ThirdPersonExampleMap:PersistentLevel.ThirdPersonExampleMap'
[2016.10.04-12.59.50:328][685]LogBlueprintUserMessages: Late EndPlayMap Detection: Level '/Game/ThirdPersonBP/Maps/ThirdPersonExampleMap.ThirdPersonExampleMap:PersistentLevel' has LevelScriptBlueprint '/Game/ThirdPersonBP/Maps/ThirdPersonExampleMap.ThirdPersonExampleMap:PersistentLevel.ThirdPersonExampleMap' with GeneratedClass '/Game/ThirdPersonBP/Maps/ThirdPersonExampleMap.ThirdPersonExampleMap_C' with ClassGeneratedBy '/Game/ThirdPersonBP/Maps/ThirdPersonExampleMap.ThirdPersonExampleMap:PersistentLevel.ThirdPersonExampleMap'
[2016.10.04-12.59.57:632][528]LogEditorViewport: Clicking on Actor (LMB): ThirdPersonCharacter_C (ThirdPersonCharacter)
[2016.10.04-13.01.00:835][ 38]LogBlueprintUserMessages: Early PlayInEditor Detection: Level '/Game/ThirdPersonBP/Maps/ThirdPersonExampleMap.ThirdPersonExampleMap:PersistentLevel' has LevelScriptBlueprint '/Game/ThirdPersonBP/Maps/ThirdPersonExampleMap.ThirdPersonExampleMap:PersistentLevel.ThirdPersonExampleMap' with GeneratedClass '/Game/ThirdPersonBP/Maps/ThirdPersonExampleMap.ThirdPersonExampleMap_C' with ClassGeneratedBy '/Game/ThirdPersonBP/Maps/ThirdPersonExampleMap.ThirdPersonExampleMap:PersistentLevel.ThirdPersonExampleMap'
[2016.10.04-13.01.00:836][ 38]BlueprintLog: New page: Pre-Play auto-recompile
[2016.10.04-13.01.00:836][ 38]LogPlayLevel: [PlayLevel] Compiling ThirdPersonExampleMap before play...
[2016.10.04-13.01.00:840][ 38]LogBlueprint:Error: Compiler Error This blueprint (self) is not a SceneComponent, therefore ' Target ' must have a connection.
[2016.10.04-13.01.00:910][ 38]LogBlueprint:Warning: Compiler Warning [0179.54] Compile of PersistentLevel.ThirdPersonExampleMap failed. 1 Fatal Issue(s) 0 Warning(s) [in 72 ms] (/Game/ThirdPersonBP/Maps/ThirdPersonExampleMap.ThirdPersonExampleMap:PersistentLevel.ThirdPersonExampleMap)
[2016.10.04-13.01.00:910][ 38]LogBlueprint:Warning: Compiler Warning [0179.54] Compile of PersistentLevel.ThirdPersonExampleMap failed. 1 Fatal Issue(s) 1 Warning(s) [in 0 ms] (/Game/ThirdPersonBP/Maps/ThirdPersonExampleMap.ThirdPersonExampleMap:PersistentLevel.ThirdPersonExampleMap)
[2016.10.04-13.01.00:910][ 38]LogBlueprint:Warning: Compiler Warning [0179.54] Compile of PersistentLevel.ThirdPersonExampleMap failed. 1 Fatal Issue(s) 2 Warning(s) [in 0 ms] (/Game/ThirdPersonBP/Maps/ThirdPersonExampleMap.ThirdPersonExampleMap:PersistentLevel.ThirdPersonExampleMap)
[2016.10.04-13.01.00:910][ 38]LogBlueprint:Warning: Compiler Warning [0179.54] Compile of PersistentLevel.ThirdPersonExampleMap failed. 1 Fatal Issue(s) 3 Warning(s) [in 0 ms] (/Game/ThirdPersonBP/Maps/ThirdPersonExampleMap.ThirdPersonExampleMap:PersistentLevel.ThirdPersonExampleMap)
[2016.10.04-13.01.00:910][ 38]LogBlueprint:Warning: Compiler Warning [0179.54] Compile of PersistentLevel.ThirdPersonExampleMap failed. 1 Fatal Issue(s) 4 Warning(s) [in 0 ms] (/Game/ThirdPersonBP/Maps/ThirdPersonExampleMap.ThirdPersonExampleMap:PersistentLevel.ThirdPersonExampleMap)
[2016.10.04-13.01.00:910][ 38]LogBlueprint:Warning: Compiler Warning [0179.54] Compile of PersistentLevel.ThirdPersonExampleMap failed. 1 Fatal Issue(s) 5 Warning(s) [in 0 ms] (/Game/ThirdPersonBP/Maps/ThirdPersonExampleMap.ThirdPersonExampleMap:PersistentLevel.ThirdPersonExampleMap)
[2016.10.04-13.01.00:910][ 38]LogPlayLevel: PlayLevel: Blueprint regeneration took 74 ms (1 blueprints)
[2016.10.04-13.01.00:919][ 38]BlueprintLog: Info Blueprint ThirdPersonExampleMap failed to compile
[2016.10.04-13.01.02:268][ 38]PIE: New page: PIE session: ThirdPersonExampleMap (Oct 4, 2016, 4:01:02 AM)
[2016.10.04-13.01.02:268][ 38]LogPlayLevel: Creating play world package: /Game/ThirdPersonBP/Maps/UEDPIE_0_ThirdPersonExampleMap
[2016.10.04-13.01.02:492][ 38]LogPlayLevel: PIE: StaticDuplicateObject took: (0.224460s)
[2016.10.04-13.01.02:493][ 38]LogAIModule: Creating AISystem for world ThirdPersonExampleMap
[2016.10.04-13.01.02:493][ 38]LogPlayLevel: PIE: World Init took: (0.000625s)
[2016.10.04-13.01.02:494][ 38]LogPlayLevel: PIE: Created PIE world by copying editor world from /Game/ThirdPersonBP/Maps/ThirdPersonExampleMap.ThirdPersonExampleMap to /Game/ThirdPersonBP/Maps/UEDPIE_0_ThirdPersonExampleMap.ThirdPersonExampleMap (0.225668s)
[2016.10.04-13.01.02:529][ 38]LogInit: XAudio2 using 'Speakers (Realtek High Definition Audio)' : 2 channels at 48 kHz using 32 bits per sample (channel mask 0x3)
[2016.10.04-13.01.02:537][ 38]LogInit: FAudioDevice initialized.
[2016.10.04-13.01.02:616][ 38]LogWorld: Game class is 'ThirdPersonGameMode_C'
[2016.10.04-13.01.02:695][ 38]LogWorld: Bringing World /Game/ThirdPersonBP/Maps/UEDPIE_0_ThirdPersonExampleMap.ThirdPersonExampleMap up for play (max tick rate 0) at 2016.10.04-09.01.02
[2016.10.04-13.01.02:711][ 38]LogWorld: Bringing up level for play took: 0.092430
[2016.10.04-13.01.02:713][ 38]PIE: Info Play in editor start time for /Game/ThirdPersonBP/Maps/UEDPIE_0_ThirdPersonExampleMap 1.238
[2016.10.04-13.01.02:713][ 38]LogBlueprintUserMessages: Late PlayInEditor Detection: Level '/Game/ThirdPersonBP/Maps/ThirdPersonExampleMap.ThirdPersonExampleMap:PersistentLevel' has LevelScriptBlueprint '/Game/ThirdPersonBP/Maps/ThirdPersonExampleMap.ThirdPersonExampleMap:PersistentLevel.ThirdPersonExampleMap' with GeneratedClass '/Game/ThirdPersonBP/Maps/ThirdPersonExampleMap.ThirdPersonExampleMap_C' with ClassGeneratedBy '/Game/ThirdPersonBP/Maps/ThirdPersonExampleMap.ThirdPersonExampleMap:PersistentLevel.ThirdPersonExampleMap'
[2016.10.04-13.01.21:255][ 79]LogBlueprintUserMessages: Early EndPlayMap Detection: Level '/Game/ThirdPersonBP/Maps/ThirdPersonExampleMap.ThirdPersonExampleMap:PersistentLevel' has LevelScriptBlueprint '/Game/ThirdPersonBP/Maps/ThirdPersonExampleMap.ThirdPersonExampleMap:PersistentLevel.ThirdPersonExampleMap' with GeneratedClass '/Game/ThirdPersonBP/Maps/ThirdPersonExampleMap.ThirdPersonExampleMap_C' with ClassGeneratedBy '/Game/ThirdPersonBP/Maps/ThirdPersonExampleMap.ThirdPersonExampleMap:PersistentLevel.ThirdPersonExampleMap'
[2016.10.04-13.01.21:417][ 79]LogBlueprintUserMessages: Late EndPlayMap Detection: Level '/Game/ThirdPersonBP/Maps/ThirdPersonExampleMap.ThirdPersonExampleMap:PersistentLevel' has LevelScriptBlueprint '/Game/ThirdPersonBP/Maps/ThirdPersonExampleMap.ThirdPersonExampleMap:PersistentLevel.ThirdPersonExampleMap' with GeneratedClass '/Game/ThirdPersonBP/Maps/ThirdPersonExampleMap.ThirdPersonExampleMap_C' with ClassGeneratedBy '/Game/ThirdPersonBP/Maps/ThirdPersonExampleMap.ThirdPersonExampleMap:PersistentLevel.ThirdPersonExampleMap'
[2016.10.04-13.01.41:662][360]Cmd: TRANSACTION UNDO
[2016.10.04-13.01.41:662][360]LogEditorTransaction: Undo Scale Actors
[2016.10.04-13.02.03:632][ 50]LogBlueprintUserMessages: Early PlayInEditor Detection: Level '/Game/ThirdPersonBP/Maps/ThirdPersonExampleMap.ThirdPersonExampleMap:PersistentLevel' has LevelScriptBlueprint '/Game/ThirdPersonBP/Maps/ThirdPersonExampleMap.ThirdPersonExampleMap:PersistentLevel.ThirdPersonExampleMap' with GeneratedClass '/Game/ThirdPersonBP/Maps/ThirdPersonExampleMap.ThirdPersonExampleMap_C' with ClassGeneratedBy '/Game/ThirdPersonBP/Maps/ThirdPersonExampleMap.ThirdPersonExampleMap:PersistentLevel.ThirdPersonExampleMap'
[2016.10.04-13.02.03:632][ 50]BlueprintLog: New page: Pre-Play auto-recompile
[2016.10.04-13.02.03:632][ 50]LogPlayLevel: [PlayLevel] Compiling ThirdPersonExampleMap before play...
[2016.10.04-13.02.03:636][ 50]LogBlueprint:Error: Compiler Error This blueprint (self) is not a SceneComponent, therefore ' Target ' must have a connection.
[2016.10.04-13.02.03:706][ 50]LogBlueprint:Warning: Compiler Warning [0242.33] Compile of PersistentLevel.ThirdPersonExampleMap failed. 1 Fatal Issue(s) 0 Warning(s) [in 72 ms] (/Game/ThirdPersonBP/Maps/ThirdPersonExampleMap.ThirdPersonExampleMap:PersistentLevel.ThirdPersonExampleMap)
[2016.10.04-13.02.03:706][ 50]LogBlueprint:Warning: Compiler Warning [0242.33] Compile of PersistentLevel.ThirdPersonExampleMap failed. 1 Fatal Issue(s) 1 Warning(s) [in 0 ms] (/Game/ThirdPersonBP/Maps/ThirdPersonExampleMap.ThirdPersonExampleMap:PersistentLevel.ThirdPersonExampleMap)
[2016.10.04-13.02.03:706][ 50]LogBlueprint:Warning: Compiler Warning [0242.33] Compile of PersistentLevel.ThirdPersonExampleMap failed. 1 Fatal Issue(s) 2 Warning(s) [in 0 ms] (/Game/ThirdPersonBP/Maps/ThirdPersonExampleMap.ThirdPersonExampleMap:PersistentLevel.ThirdPersonExampleMap)
[2016.10.04-13.02.03:706][ 50]LogBlueprint:Warning: Compiler Warning [0242.33] Compile of PersistentLevel.ThirdPersonExampleMap failed. 1 Fatal Issue(s) 3 Warning(s) [in 0 ms] (/Game/ThirdPersonBP/Maps/ThirdPersonExampleMap.ThirdPersonExampleMap:PersistentLevel.ThirdPersonExampleMap)
[2016.10.04-13.02.03:706][ 50]LogBlueprint:Warning: Compiler Warning [0242.33] Compile of PersistentLevel.ThirdPersonExampleMap failed. 1 Fatal Issue(s) 4 Warning(s) [in 0 ms] (/Game/ThirdPersonBP/Maps/ThirdPersonExampleMap.ThirdPersonExampleMap:PersistentLevel.ThirdPersonExampleMap)
[2016.10.04-13.02.03:706][ 50]LogBlueprint:Warning: Compiler Warning [0242.33] Compile of PersistentLevel.ThirdPersonExampleMap failed. 1 Fatal Issue(s) 5 Warning(s) [in 0 ms] (/Game/ThirdPersonBP/Maps/ThirdPersonExampleMap.ThirdPersonExampleMap:PersistentLevel.ThirdPersonExampleMap)
[2016.10.04-13.02.03:707][ 50]LogPlayLevel: PlayLevel: Blueprint regeneration took 74 ms (1 blueprints)
[2016.10.04-13.02.03:717][ 50]BlueprintLog: Info Blueprint ThirdPersonExampleMap failed to compile
[2016.10.04-13.02.04:967][ 50]PIE: New page: PIE session: ThirdPersonExampleMap (Oct 4, 2016, 4:02:04 AM)
[2016.10.04-13.02.04:967][ 50]LogPlayLevel: Creating play world package: /Game/ThirdPersonBP/Maps/UEDPIE_0_ThirdPersonExampleMap
[2016.10.04-13.02.05:191][ 50]LogPlayLevel: PIE: StaticDuplicateObject took: (0.223137s)
[2016.10.04-13.02.05:191][ 50]LogAIModule: Creating AISystem for world ThirdPersonExampleMap
[2016.10.04-13.02.05:191][ 50]LogPlayLevel: PIE: World Init took: (0.000818s)
[2016.10.04-13.02.05:192][ 50]LogPlayLevel: PIE: Created PIE world by copying editor world from /Game/ThirdPersonBP/Maps/ThirdPersonExampleMap.ThirdPersonExampleMap to /Game/ThirdPersonBP/Maps/UEDPIE_0_ThirdPersonExampleMap.ThirdPersonExampleMap (0.224540s)
[2016.10.04-13.02.05:229][ 50]LogInit: XAudio2 using 'Speakers (Realtek High Definition Audio)' : 2 channels at 48 kHz using 32 bits per sample (channel mask 0x3)
[2016.10.04-13.02.05:236][ 50]LogInit: FAudioDevice initialized.
[2016.10.04-13.02.05:313][ 50]LogWorld: Game class is 'ThirdPersonGameMode_C'
[2016.10.04-13.02.05:386][ 50]LogWorld: Bringing World /Game/ThirdPersonBP/Maps/UEDPIE_0_ThirdPersonExampleMap.ThirdPersonExampleMap up for play (max tick rate 0) at 2016.10.04-09.02.05
[2016.10.04-13.02.05:402][ 50]LogWorld: Bringing up level for play took: 0.086869
[2016.10.04-13.02.05:404][ 50]PIE: Info Play in editor start time for /Game/ThirdPersonBP/Maps/UEDPIE_0_ThirdPersonExampleMap 1.925
[2016.10.04-13.02.05:405][ 50]LogBlueprintUserMessages: Late PlayInEditor Detection: Level '/Game/ThirdPersonBP/Maps/ThirdPersonExampleMap.ThirdPersonExampleMap:PersistentLevel' has LevelScriptBlueprint '/Game/ThirdPersonBP/Maps/ThirdPersonExampleMap.ThirdPersonExampleMap:PersistentLevel.ThirdPersonExampleMap' with GeneratedClass '/Game/ThirdPersonBP/Maps/ThirdPersonExampleMap.ThirdPersonExampleMap_C' with ClassGeneratedBy '/Game/ThirdPersonBP/Maps/ThirdPersonExampleMap.ThirdPersonExampleMap:PersistentLevel.ThirdPersonExampleMap'
[2016.10.04-13.02.22:784][144]LogBlueprintUserMessages: [BP_Pickup_Child_Hex3] Destination Reached
[2016.10.04-13.02.25:136][292]LogBlueprintUserMessages: [BP_Pickup_Child_Hex4] Destination Reached
[2016.10.04-13.02.33:983][994]LogBlueprintUserMessages: Early EndPlayMap Detection: Level '/Game/ThirdPersonBP/Maps/ThirdPersonExampleMap.ThirdPersonExampleMap:PersistentLevel' has LevelScriptBlueprint '/Game/ThirdPersonBP/Maps/ThirdPersonExampleMap.ThirdPersonExampleMap:PersistentLevel.ThirdPersonExampleMap' with GeneratedClass '/Game/ThirdPersonBP/Maps/ThirdPersonExampleMap.ThirdPersonExampleMap_C' with ClassGeneratedBy '/Game/ThirdPersonBP/Maps/ThirdPersonExampleMap.ThirdPersonExampleMap:PersistentLevel.ThirdPersonExampleMap'
[2016.10.04-13.02.34:134][994]LogBlueprintUserMessages: Late EndPlayMap Detection: Level '/Game/ThirdPersonBP/Maps/ThirdPersonExampleMap.ThirdPersonExampleMap:PersistentLevel' has LevelScriptBlueprint '/Game/ThirdPersonBP/Maps/ThirdPersonExampleMap.ThirdPersonExampleMap:PersistentLevel.ThirdPersonExampleMap' with GeneratedClass '/Game/ThirdPersonBP/Maps/ThirdPersonExampleMap.ThirdPersonExampleMap_C' with ClassGeneratedBy '/Game/ThirdPersonBP/Maps/ThirdPersonExampleMap.ThirdPersonExampleMap:PersistentLevel.ThirdPersonExampleMap'
[2016.10.04-13.02.47:601][557]LogBlueprintUserMessages: Early PlayInEditor Detection: Level '/Game/ThirdPersonBP/Maps/ThirdPersonExampleMap.ThirdPersonExampleMap:PersistentLevel' has LevelScriptBlueprint '/Game/ThirdPersonBP/Maps/ThirdPersonExampleMap.ThirdPersonExampleMap:PersistentLevel.ThirdPersonExampleMap' with GeneratedClass '/Game/ThirdPersonBP/Maps/ThirdPersonExampleMap.ThirdPersonExampleMap_C' with ClassGeneratedBy '/Game/ThirdPersonBP/Maps/ThirdPersonExampleMap.ThirdPersonExampleMap:PersistentLevel.ThirdPersonExampleMap'
[2016.10.04-13.02.47:601][557]BlueprintLog: New page: Pre-Play auto-recompile
[2016.10.04-13.02.47:601][557]LogPlayLevel: [PlayLevel] Compiling ThirdPersonExampleMap before play...
[2016.10.04-13.02.47:605][557]LogBlueprint:Error: Compiler Error This blueprint (self) is not a SceneComponent, therefore ' Target ' must have a connection.
[2016.10.04-13.02.47:675][557]LogBlueprint:Warning: Compiler Warning [0286.30] Compile of PersistentLevel.ThirdPersonExampleMap failed. 1 Fatal Issue(s) 0 Warning(s) [in 72 ms] (/Game/ThirdPersonBP/Maps/ThirdPersonExampleMap.ThirdPersonExampleMap:PersistentLevel.ThirdPersonExampleMap)
[2016.10.04-13.02.47:675][557]LogBlueprint:Warning: Compiler Warning [0286.30] Compile of PersistentLevel.ThirdPersonExampleMap failed. 1 Fatal Issue(s) 1 Warning(s) [in 0 ms] (/Game/ThirdPersonBP/Maps/ThirdPersonExampleMap.ThirdPersonExampleMap:PersistentLevel.ThirdPersonExampleMap)
[2016.10.04-13.02.47:675][557]LogBlueprint:Warning: Compiler Warning [0286.30] Compile of PersistentLevel.ThirdPersonExampleMap failed. 1 Fatal Issue(s) 2 Warning(s) [in 0 ms] (/Game/ThirdPersonBP/Maps/ThirdPersonExampleMap.ThirdPersonExampleMap:PersistentLevel.ThirdPersonExampleMap)
[2016.10.04-13.02.47:675][557]LogBlueprint:Warning: Compiler Warning [0286.30] Compile of PersistentLevel.ThirdPersonExampleMap failed. 1 Fatal Issue(s) 3 Warning(s) [in 0 ms] (/Game/ThirdPersonBP/Maps/ThirdPersonExampleMap.ThirdPersonExampleMap:PersistentLevel.ThirdPersonExampleMap)
[2016.10.04-13.02.47:676][557]LogBlueprint:Warning: Compiler Warning [0286.30] Compile of PersistentLevel.ThirdPersonExampleMap failed. 1 Fatal Issue(s) 4 Warning(s) [in 0 ms] (/Game/ThirdPersonBP/Maps/ThirdPersonExampleMap.ThirdPersonExampleMap:PersistentLevel.ThirdPersonExampleMap)
[2016.10.04-13.02.47:676][557]LogBlueprint:Warning: Compiler Warning [0286.30] Compile of PersistentLevel.ThirdPersonExampleMap failed. 1 Fatal Issue(s) 5 Warning(s) [in 0 ms] (/Game/ThirdPersonBP/Maps/ThirdPersonExampleMap.ThirdPersonExampleMap:PersistentLevel.ThirdPersonExampleMap)
[2016.10.04-13.02.47:676][557]LogPlayLevel: PlayLevel: Blueprint regeneration took 75 ms (1 blueprints)
[2016.10.04-13.02.47:684][557]BlueprintLog: Info Blueprint ThirdPersonExampleMap failed to compile
[2016.10.04-13.02.48:926][557]PIE: New page: PIE session: ThirdPersonExampleMap (Oct 4, 2016, 4:02:48 AM)
[2016.10.04-13.02.48:926][557]LogPlayLevel: Creating play world package: /Game/ThirdPersonBP/Maps/UEDPIE_0_ThirdPersonExampleMap
[2016.10.04-13.02.49:139][557]LogPlayLevel: PIE: StaticDuplicateObject took: (0.213000s)
[2016.10.04-13.02.49:140][557]LogAIModule: Creating AISystem for world ThirdPersonExampleMap
[2016.10.04-13.02.49:140][557]LogPlayLevel: PIE: World Init took: (0.000862s)
[2016.10.04-13.02.49:141][557]LogPlayLevel: PIE: Created PIE world by copying editor world from /Game/ThirdPersonBP/Maps/ThirdPersonExampleMap.ThirdPersonExampleMap to /Game/ThirdPersonBP/Maps/UEDPIE_0_ThirdPersonExampleMap.ThirdPersonExampleMap (0.214601s)
[2016.10.04-13.02.49:174][557]LogInit: XAudio2 using 'Speakers (Realtek High Definition Audio)' : 2 channels at 48 kHz using 32 bits per sample (channel mask 0x3)
[2016.10.04-13.02.49:182][557]LogInit: FAudioDevice initialized.
[2016.10.04-13.02.49:226][557]LogWorld: Game class is 'ThirdPersonGameMode_C'
[2016.10.04-13.02.49:292][557]LogWorld: Bringing World /Game/ThirdPersonBP/Maps/UEDPIE_0_ThirdPersonExampleMap.ThirdPersonExampleMap up for play (max tick rate 0) at 2016.10.04-09.02.49
[2016.10.04-13.02.49:309][557]LogWorld: Bringing up level for play took: 0.081171
[2016.10.04-13.02.49:311][557]PIE: Info Play in editor start time for /Game/ThirdPersonBP/Maps/UEDPIE_0_ThirdPersonExampleMap 1.828
[2016.10.04-13.02.49:311][557]LogBlueprintUserMessages: Late PlayInEditor Detection: Level '/Game/ThirdPersonBP/Maps/ThirdPersonExampleMap.ThirdPersonExampleMap:PersistentLevel' has LevelScriptBlueprint '/Game/ThirdPersonBP/Maps/ThirdPersonExampleMap.ThirdPersonExampleMap:PersistentLevel.ThirdPersonExampleMap' with GeneratedClass '/Game/ThirdPersonBP/Maps/ThirdPersonExampleMap.ThirdPersonExampleMap_C' with ClassGeneratedBy '/Game/ThirdPersonBP/Maps/ThirdPersonExampleMap.ThirdPersonExampleMap:PersistentLevel.ThirdPersonExampleMap'
[2016.10.04-13.02.59:418][226]LogBlueprintUserMessages: Early EndPlayMap Detection: Level '/Game/ThirdPersonBP/Maps/ThirdPersonExampleMap.ThirdPersonExampleMap:PersistentLevel' has LevelScriptBlueprint '/Game/ThirdPersonBP/Maps/ThirdPersonExampleMap.ThirdPersonExampleMap:PersistentLevel.ThirdPersonExampleMap' with GeneratedClass '/Game/ThirdPersonBP/Maps/ThirdPersonExampleMap.ThirdPersonExampleMap_C' with ClassGeneratedBy '/Game/ThirdPersonBP/Maps/ThirdPersonExampleMap.ThirdPersonExampleMap:PersistentLevel.ThirdPersonExampleMap'
[2016.10.04-13.02.59:571][226]LogBlueprintUserMessages: Late EndPlayMap Detection: Level '/Game/ThirdPersonBP/Maps/ThirdPersonExampleMap.ThirdPersonExampleMap:PersistentLevel' has LevelScriptBlueprint '/Game/ThirdPersonBP/Maps/ThirdPersonExampleMap.ThirdPersonExampleMap:PersistentLevel.ThirdPersonExampleMap' with GeneratedClass '/Game/ThirdPersonBP/Maps/ThirdPersonExampleMap.ThirdPersonExampleMap_C' with ClassGeneratedBy '/Game/ThirdPersonBP/Maps/ThirdPersonExampleMap.ThirdPersonExampleMap:PersistentLevel.ThirdPersonExampleMap'
[2016.10.04-13.03.13:683][818]LogBlueprintUserMessages: Early PlayInEditor Detection: Level '/Game/ThirdPersonBP/Maps/ThirdPersonExampleMap.ThirdPersonExampleMap:PersistentLevel' has LevelScriptBlueprint '/Game/ThirdPersonBP/Maps/ThirdPersonExampleMap.ThirdPersonExampleMap:PersistentLevel.ThirdPersonExampleMap' with GeneratedClass '/Game/ThirdPersonBP/Maps/ThirdPersonExampleMap.ThirdPersonExampleMap_C' with ClassGeneratedBy '/Game/ThirdPersonBP/Maps/ThirdPersonExampleMap.ThirdPersonExampleMap:PersistentLevel.ThirdPersonExampleMap'
[2016.10.04-13.03.13:683][818]BlueprintLog: New page: Pre-Play auto-recompile
[2016.10.04-13.03.13:683][818]LogPlayLevel: [PlayLevel] Compiling ThirdPersonExampleMap before play...
[2016.10.04-13.03.13:687][818]LogBlueprint:Error: Compiler Error This blueprint (self) is not a SceneComponent, therefore ' Target ' must have a connection.
[2016.10.04-13.03.13:758][818]LogBlueprint:Warning: Compiler Warning [0312.38] Compile of PersistentLevel.ThirdPersonExampleMap failed. 1 Fatal Issue(s) 0 Warning(s) [in 73 ms] (/Game/ThirdPersonBP/Maps/ThirdPersonExampleMap.ThirdPersonExampleMap:PersistentLevel.ThirdPersonExampleMap)
[2016.10.04-13.03.13:759][818]LogBlueprint:Warning: Compiler Warning [0312.38] Compile of PersistentLevel.ThirdPersonExampleMap failed. 1 Fatal Issue(s) 1 Warning(s) [in 0 ms] (/Game/ThirdPersonBP/Maps/ThirdPersonExampleMap.ThirdPersonExampleMap:PersistentLevel.ThirdPersonExampleMap)
[2016.10.04-13.03.13:759][818]LogBlueprint:Warning: Compiler Warning [0312.38] Compile of PersistentLevel.ThirdPersonExampleMap failed. 1 Fatal Issue(s) 2 Warning(s) [in 0 ms] (/Game/ThirdPersonBP/Maps/ThirdPersonExampleMap.ThirdPersonExampleMap:PersistentLevel.ThirdPersonExampleMap)
[2016.10.04-13.03.13:759][818]LogBlueprint:Warning: Compiler Warning [0312.38] Compile of PersistentLevel.ThirdPersonExampleMap failed. 1 Fatal Issue(s) 3 Warning(s) [in 0 ms] (/Game/ThirdPersonBP/Maps/ThirdPersonExampleMap.ThirdPersonExampleMap:PersistentLevel.ThirdPersonExampleMap)
[2016.10.04-13.03.13:759][818]LogBlueprint:Warning: Compiler Warning [0312.38] Compile of PersistentLevel.ThirdPersonExampleMap failed. 1 Fatal Issue(s) 4 Warning(s) [in 0 ms] (/Game/ThirdPersonBP/Maps/ThirdPersonExampleMap.ThirdPersonExampleMap:PersistentLevel.ThirdPersonExampleMap)
[2016.10.04-13.03.13:759][818]LogBlueprint:Warning: Compiler Warning [0312.38] Compile of PersistentLevel.ThirdPersonExampleMap failed. 1 Fatal Issue(s) 5 Warning(s) [in 0 ms] (/Game/ThirdPersonBP/Maps/ThirdPersonExampleMap.ThirdPersonExampleMap:PersistentLevel.ThirdPersonExampleMap)
[2016.10.04-13.03.13:759][818]LogPlayLevel: PlayLevel: Blueprint regeneration took 75 ms (1 blueprints)
[2016.10.04-13.03.13:769][818]BlueprintLog: Info Blueprint ThirdPersonExampleMap failed to compile
[2016.10.04-13.03.15:109][818]PIE: New page: PIE session: ThirdPersonExampleMap (Oct 4, 2016, 4:03:15 AM)
[2016.10.04-13.03.15:109][818]LogPlayLevel: Creating play world package: /Game/ThirdPersonBP/Maps/UEDPIE_0_ThirdPersonExampleMap
[2016.10.04-13.03.15:314][818]LogPlayLevel: PIE: StaticDuplicateObject took: (0.205332s)
[2016.10.04-13.03.15:315][818]LogAIModule: Creating AISystem for world ThirdPersonExampleMap
[2016.10.04-13.03.15:315][818]LogPlayLevel: PIE: World Init took: (0.000759s)
[2016.10.04-13.03.15:316][818]LogPlayLevel: PIE: Created PIE world by copying editor world from /Game/ThirdPersonBP/Maps/ThirdPersonExampleMap.ThirdPersonExampleMap to /Game/ThirdPersonBP/Maps/UEDPIE_0_ThirdPersonExampleMap.ThirdPersonExampleMap (0.206729s)
[2016.10.04-13.03.15:354][818]LogInit: XAudio2 using 'Speakers (Realtek High Definition Audio)' : 2 channels at 48 kHz using 32 bits per sample (channel mask 0x3)
[2016.10.04-13.03.15:359][818]LogInit: FAudioDevice initialized.
[2016.10.04-13.03.15:415][818]LogWorld: Game class is 'ThirdPersonGameMode_C'
[2016.10.04-13.03.15:483][818]LogWorld: Bringing World /Game/ThirdPersonBP/Maps/UEDPIE_0_ThirdPersonExampleMap.ThirdPersonExampleMap up for play (max tick rate 0) at 2016.10.04-09.03.15
[2016.10.04-13.03.15:500][818]LogWorld: Bringing up level for play took: 0.083321
[2016.10.04-13.03.15:502][818]PIE: Info Play in editor start time for /Game/ThirdPersonBP/Maps/UEDPIE_0_ThirdPersonExampleMap 2.018
[2016.10.04-13.03.15:502][818]LogBlueprintUserMessages: Late PlayInEditor Detection: Level '/Game/ThirdPersonBP/Maps/ThirdPersonExampleMap.ThirdPersonExampleMap:PersistentLevel' has LevelScriptBlueprint '/Game/ThirdPersonBP/Maps/ThirdPersonExampleMap.ThirdPersonExampleMap:PersistentLevel.ThirdPersonExampleMap' with GeneratedClass '/Game/ThirdPersonBP/Maps/ThirdPersonExampleMap.ThirdPersonExampleMap_C' with ClassGeneratedBy '/Game/ThirdPersonBP/Maps/ThirdPersonExampleMap.ThirdPersonExampleMap:PersistentLevel.ThirdPersonExampleMap'
[2016.10.04-13.03.19:781][ 34]LogBlueprintUserMessages: Early EndPlayMap Detection: Level '/Game/ThirdPersonBP/Maps/ThirdPersonExampleMap.ThirdPersonExampleMap:PersistentLevel' has LevelScriptBlueprint '/Game/ThirdPersonBP/Maps/ThirdPersonExampleMap.ThirdPersonExampleMap:PersistentLevel.ThirdPersonExampleMap' with GeneratedClass '/Game/ThirdPersonBP/Maps/ThirdPersonExampleMap.ThirdPersonExampleMap_C' with ClassGeneratedBy '/Game/ThirdPersonBP/Maps/ThirdPersonExampleMap.ThirdPersonExampleMap:PersistentLevel.ThirdPersonExampleMap'
[2016.10.04-13.03.19:949][ 34]LogBlueprintUserMessages: Late EndPlayMap Detection: Level '/Game/ThirdPersonBP/Maps/ThirdPersonExampleMap.ThirdPersonExampleMap:PersistentLevel' has LevelScriptBlueprint '/Game/ThirdPersonBP/Maps/ThirdPersonExampleMap.ThirdPersonExampleMap:PersistentLevel.ThirdPersonExampleMap' with GeneratedClass '/Game/ThirdPersonBP/Maps/ThirdPersonExampleMap.ThirdPersonExampleMap_C' with ClassGeneratedBy '/Game/ThirdPersonBP/Maps/ThirdPersonExampleMap.ThirdPersonExampleMap:PersistentLevel.ThirdPersonExampleMap'
[2016.10.04-13.03.22:922][321]LogBlueprint:Error: Compiler Error This blueprint (self) is not a SceneComponent, therefore ' Target ' must have a connection.
[2016.10.04-13.03.22:992][321]LogBlueprint:Warning: Compiler Warning [0321.61] Compile of PersistentLevel.ThirdPersonExampleMap failed. 1 Fatal Issue(s) 0 Warning(s) [in 72 ms] (/Game/ThirdPersonBP/Maps/ThirdPersonExampleMap.ThirdPersonExampleMap:PersistentLevel.ThirdPersonExampleMap)
[2016.10.04-13.03.22:992][321]LogBlueprint:Warning: Compiler Warning [0321.61] Compile of PersistentLevel.ThirdPersonExampleMap failed. 1 Fatal Issue(s) 1 Warning(s) [in 0 ms] (/Game/ThirdPersonBP/Maps/ThirdPersonExampleMap.ThirdPersonExampleMap:PersistentLevel.ThirdPersonExampleMap)
[2016.10.04-13.03.22:992][321]LogBlueprint:Warning: Compiler Warning [0321.61] Compile of PersistentLevel.ThirdPersonExampleMap failed. 1 Fatal Issue(s) 2 Warning(s) [in 0 ms] (/Game/ThirdPersonBP/Maps/ThirdPersonExampleMap.ThirdPersonExampleMap:PersistentLevel.ThirdPersonExampleMap)
[2016.10.04-13.03.22:992][321]LogBlueprint:Warning: Compiler Warning [0321.61] Compile of PersistentLevel.ThirdPersonExampleMap failed. 1 Fatal Issue(s) 3 Warning(s) [in 0 ms] (/Game/ThirdPersonBP/Maps/ThirdPersonExampleMap.ThirdPersonExampleMap:PersistentLevel.ThirdPersonExampleMap)
[2016.10.04-13.03.22:992][321]LogBlueprint:Warning: Compiler Warning [0321.61] Compile of PersistentLevel.ThirdPersonExampleMap failed. 1 Fatal Issue(s) 4 Warning(s) [in 0 ms] (/Game/ThirdPersonBP/Maps/ThirdPersonExampleMap.ThirdPersonExampleMap:PersistentLevel.ThirdPersonExampleMap)
[2016.10.04-13.03.22:992][321]LogBlueprint:Warning: Compiler Warning [0321.61] Compile of PersistentLevel.ThirdPersonExampleMap failed. 1 Fatal Issue(s) 5 Warning(s) [in 0 ms] (/Game/ThirdPersonBP/Maps/ThirdPersonExampleMap.ThirdPersonExampleMap:PersistentLevel.ThirdPersonExampleMap)
[2016.10.04-13.03.24:134][321]LogSavePackage: Save=1216.19ms
[2016.10.04-13.03.24:134][321]LogSavePackage: Moving '../../../../../../Ivan/SchoolRunner-4.12/Saved/ThirdPersonExampleMap811B1C934555297E7E709EBAB50E1378.tmp' to '../../../../../../Ivan/SchoolRunner-4.12/Content/ThirdPersonBP/Maps/ThirdPersonExampleMap.umap'
[2016.10.04-13.03.24:138][321]LogSavePackage:Display: Finished SavePackage ../../../../../../Ivan/SchoolRunner-4.12/Content/ThirdPersonBP/Maps/ThirdPersonExampleMap.umap
[2016.10.04-13.03.25:549][471]LogBlueprintUserMessages: Early PlayInEditor Detection: Level '/Game/ThirdPersonBP/Maps/ThirdPersonExampleMap.ThirdPersonExampleMap:PersistentLevel' has LevelScriptBlueprint '/Game/ThirdPersonBP/Maps/ThirdPersonExampleMap.ThirdPersonExampleMap:PersistentLevel.ThirdPersonExampleMap' with GeneratedClass '/Game/ThirdPersonBP/Maps/ThirdPersonExampleMap.ThirdPersonExampleMap_C' with ClassGeneratedBy '/Game/ThirdPersonBP/Maps/ThirdPersonExampleMap.ThirdPersonExampleMap:PersistentLevel.ThirdPersonExampleMap'
[2016.10.04-13.03.25:549][471]BlueprintLog: New page: Pre-Play auto-recompile
[2016.10.04-13.03.25:549][471]LogPlayLevel: [PlayLevel] Compiling ThirdPersonExampleMap before play...
[2016.10.04-13.03.25:553][471]LogBlueprint:Error: Compiler Error This blueprint (self) is not a SceneComponent, therefore ' Target ' must have a connection.
[2016.10.04-13.03.25:623][471]LogBlueprint:Warning: Compiler Warning [0324.24] Compile of PersistentLevel.ThirdPersonExampleMap failed. 1 Fatal Issue(s) 0 Warning(s) [in 72 ms] (/Game/ThirdPersonBP/Maps/ThirdPersonExampleMap.ThirdPersonExampleMap:PersistentLevel.ThirdPersonExampleMap)
[2016.10.04-13.03.25:623][471]LogBlueprint:Warning: Compiler Warning [0324.24] Compile of PersistentLevel.ThirdPersonExampleMap failed. 1 Fatal Issue(s) 1 Warning(s) [in 0 ms] (/Game/ThirdPersonBP/Maps/ThirdPersonExampleMap.ThirdPersonExampleMap:PersistentLevel.ThirdPersonExampleMap)
[2016.10.04-13.03.25:623][471]LogBlueprint:Warning: Compiler Warning [0324.24] Compile of PersistentLevel.ThirdPersonExampleMap failed. 1 Fatal Issue(s) 2 Warning(s) [in 0 ms] (/Game/ThirdPersonBP/Maps/ThirdPersonExampleMap.ThirdPersonExampleMap:PersistentLevel.ThirdPersonExampleMap)
[2016.10.04-13.03.25:623][471]LogBlueprint:Warning: Compiler Warning [0324.24] Compile of PersistentLevel.ThirdPersonExampleMap failed. 1 Fatal Issue(s) 3 Warning(s) [in 0 ms] (/Game/ThirdPersonBP/Maps/ThirdPersonExampleMap.ThirdPersonExampleMap:PersistentLevel.ThirdPersonExampleMap)
[2016.10.04-13.03.25:623][471]LogBlueprint:Warning: Compiler Warning [0324.24] Compile of PersistentLevel.ThirdPersonExampleMap failed. 1 Fatal Issue(s) 4 Warning(s) [in 0 ms] (/Game/ThirdPersonBP/Maps/ThirdPersonExampleMap.ThirdPersonExampleMap:PersistentLevel.ThirdPersonExampleMap)
[2016.10.04-13.03.25:623][471]LogBlueprint:Warning: Compiler Warning [0324.24] Compile of PersistentLevel.ThirdPersonExampleMap failed. 1 Fatal Issue(s) 5 Warning(s) [in 0 ms] (/Game/ThirdPersonBP/Maps/ThirdPersonExampleMap.ThirdPersonExampleMap:PersistentLevel.ThirdPersonExampleMap)
[2016.10.04-13.03.25:623][471]LogPlayLevel: PlayLevel: Blueprint regeneration took 74 ms (1 blueprints)
[2016.10.04-13.03.25:632][471]BlueprintLog: Info Blueprint ThirdPersonExampleMap failed to compile
[2016.10.04-13.03.26:651][471]PIE: New page: PIE session: ThirdPersonExampleMap (Oct 4, 2016, 4:03:26 AM)
[2016.10.04-13.03.26:652][471]LogPlayLevel: Creating play world package: /Game/ThirdPersonBP/Maps/UEDPIE_0_ThirdPersonExampleMap
[2016.10.04-13.03.26:863][471]LogPlayLevel: PIE: StaticDuplicateObject took: (0.211628s)
[2016.10.04-13.03.26:864][471]LogAIModule: Creating AISystem for world ThirdPersonExampleMap
[2016.10.04-13.03.26:864][471]LogPlayLevel: PIE: World Init took: (0.000726s)
[2016.10.04-13.03.26:864][471]LogPlayLevel: PIE: Created PIE world by copying editor world from /Game/ThirdPersonBP/Maps/ThirdPersonExampleMap.ThirdPersonExampleMap to /Game/ThirdPersonBP/Maps/UEDPIE_0_ThirdPersonExampleMap.ThirdPersonExampleMap (0.212852s)
[2016.10.04-13.03.26:900][471]LogInit: XAudio2 using 'Speakers (Realtek High Definition Audio)' : 2 channels at 48 kHz using 32 bits per sample (channel mask 0x3)
[2016.10.04-13.03.26:906][471]LogInit: FAudioDevice initialized.
[2016.10.04-13.03.26:951][471]LogWorld: Game class is 'ThirdPersonGameMode_C'
[2016.10.04-13.03.27:020][471]LogWorld: Bringing World /Game/ThirdPersonBP/Maps/UEDPIE_0_ThirdPersonExampleMap.ThirdPersonExampleMap up for play (max tick rate 0) at 2016.10.04-09.03.27
[2016.10.04-13.03.27:037][471]LogWorld: Bringing up level for play took: 0.084588
[2016.10.04-13.03.27:040][471]PIE: Info Play in editor start time for /Game/ThirdPersonBP/Maps/UEDPIE_0_ThirdPersonExampleMap 1.555
[2016.10.04-13.03.27:041][471]LogBlueprintUserMessages: Late PlayInEditor Detection: Level '/Game/ThirdPersonBP/Maps/ThirdPersonExampleMap.ThirdPersonExampleMap:PersistentLevel' has LevelScriptBlueprint '/Game/ThirdPersonBP/Maps/ThirdPersonExampleMap.ThirdPersonExampleMap:PersistentLevel.ThirdPersonExampleMap' with GeneratedClass '/Game/ThirdPersonBP/Maps/ThirdPersonExampleMap.ThirdPersonExampleMap_C' with ClassGeneratedBy '/Game/ThirdPersonBP/Maps/ThirdPersonExampleMap.ThirdPersonExampleMap:PersistentLevel.ThirdPersonExampleMap'
[2016.10.04-13.03.45:521][749]LogBlueprintUserMessages: Early EndPlayMap Detection: Level '/Game/ThirdPersonBP/Maps/ThirdPersonExampleMap.ThirdPersonExampleMap:PersistentLevel' has LevelScriptBlueprint '/Game/ThirdPersonBP/Maps/ThirdPersonExampleMap.ThirdPersonExampleMap:PersistentLevel.ThirdPersonExampleMap' with GeneratedClass '/Game/ThirdPersonBP/Maps/ThirdPersonExampleMap.ThirdPersonExampleMap_C' with ClassGeneratedBy '/Game/ThirdPersonBP/Maps/ThirdPersonExampleMap.ThirdPersonExampleMap:PersistentLevel.ThirdPersonExampleMap'
[2016.10.04-13.03.45:678][749]LogBlueprintUserMessages: Late EndPlayMap Detection: Level '/Game/ThirdPersonBP/Maps/ThirdPersonExampleMap.ThirdPersonExampleMap:PersistentLevel' has LevelScriptBlueprint '/Game/ThirdPersonBP/Maps/ThirdPersonExampleMap.ThirdPersonExampleMap:PersistentLevel.ThirdPersonExampleMap' with GeneratedClass '/Game/ThirdPersonBP/Maps/ThirdPersonExampleMap.ThirdPersonExampleMap_C' with ClassGeneratedBy '/Game/ThirdPersonBP/Maps/ThirdPersonExampleMap.ThirdPersonExampleMap:PersistentLevel.ThirdPersonExampleMap'
[2016.10.04-13.04.01:930][478]SourceControl: Info Source control is disabled
[2016.10.04-13.06.07:426][ 33]SourceControl:Error: Error Failed to enable Git source control. You need to initialize the project as a Git repository first.
[2016.10.04-13.06.11:346][453]Cmd: QUIT_EDITOR
[2016.10.04-13.06.11:411][453]LogExit: Preparing to exit.
[2016.10.04-13.06.12:513][453]LogExit: Editor shut down
[2016.10.04-13.06.12:513][453]LogExit: Transaction tracking system shut down
[2016.10.04-13.06.12:597][453]LogObj: Freed 0b from 0 cluster array pools.
[2016.10.04-13.06.12:597][453]LogExit: Object subsystem successfully closed.
[2016.10.04-13.06.12:612][453]LogD3D11RHI: Shutdown
[2016.10.04-13.06.12:612][453]LogD3D11RHI: CleanupD3DDevice
[2016.10.04-13.06.12:674][453]LogD3D11RHI: ~FD3D11DynamicRHI
[2016.10.04-13.06.12:681][453]LogModuleManager: Shutting down and abandoning module MovieSceneCapture (214)
[2016.10.04-13.06.12:681][453]LogModuleManager: Shutting down and abandoning module HierarchicalLODOutliner (213)
[2016.10.04-13.06.12:681][453]LogModuleManager: Shutting down and abandoning module CrashTracker (212)
[2016.10.04-13.06.12:681][453]LogModuleManager: Shutting down and abandoning module SceneOutliner (211)
[2016.10.04-13.06.12:681][453]LogModuleManager: Shutting down and abandoning module WidgetCarousel (210)
[2016.10.04-13.06.12:681][453]LogModuleManager: Shutting down and abandoning module AddContentDialog (209)
[2016.10.04-13.06.12:682][453]LogModuleManager: Shutting down and abandoning module GameplayTags (208)
[2016.10.04-13.06.12:682][453]LogModuleManager: Shutting down and abandoning module EditorWidgets (207)
[2016.10.04-13.06.12:682][453]LogModuleManager: Shutting down and abandoning module CollectionManager (206)
[2016.10.04-13.06.12:682][453]LogModuleManager: Shutting down and abandoning module StatsViewer (205)
[2016.10.04-13.06.12:682][453]LogModuleManager: Shutting down and abandoning module FoliageEdit (204)
[2016.10.04-13.06.12:682][453]LogModuleManager: Shutting down and abandoning module LandscapeEditor (203)
[2016.10.04-13.06.12:682][453]LogModuleManager: Shutting down and abandoning module SceneDepthPickerMode (202)
[2016.10.04-13.06.12:682][453]LogModuleManager: Shutting down and abandoning module ActorPickerMode (201)
[2016.10.04-13.06.12:682][453]LogModuleManager: Shutting down and abandoning module GeometryMode (200)
[2016.10.04-13.06.12:682][453]LogModuleManager: Shutting down and abandoning module TextureAlignMode (199)
[2016.10.04-13.06.12:682][453]LogModuleManager: Shutting down and abandoning module BspMode (198)
[2016.10.04-13.06.12:682][453]LogModuleManager: Shutting down and abandoning module HardwareSurvey (197)
[2016.10.04-13.06.12:682][453]LogModuleManager: Shutting down and abandoning module SequenceRecorderSections (196)
[2016.10.04-13.06.12:682][453]LogModuleManager: Shutting down and abandoning module SequenceRecorder (195)
[2016.10.04-13.06.12:682][453]LogModuleManager: Shutting down and abandoning module AutomationWorker (194)
[2016.10.04-13.06.12:682][453]LogModuleManager: Shutting down and abandoning module MatineeToLevelSequence (193)
[2016.10.04-13.06.12:682][453]LogModuleManager: Shutting down and abandoning module PlacementMode (192)
[2016.10.04-13.06.12:682][453]LogModuleManager: Shutting down and abandoning module LevelSequenceEditor (191)
[2016.10.04-13.06.12:682][453]LogModuleManager: Shutting down and abandoning module CharacterAI (190)
[2016.10.04-13.06.12:682][453]LogModuleManager: Shutting down and abandoning module SmartSnapping (189)
[2016.10.04-13.06.12:682][453]LogModuleManager: Shutting down and abandoning module SessionServices (188)
[2016.10.04-13.06.12:682][453]LogModuleManager: Shutting down and abandoning module ViewportSnapping (187)
[2016.10.04-13.06.12:682][453]LogModuleManager: Shutting down and abandoning module LogVisualizer (186)
[2016.10.04-13.06.12:682][453]LogModuleManager: Shutting down and abandoning module GameProjectGeneration (185)
[2016.10.04-13.06.12:682][453]LogModuleManager: Shutting down and abandoning module IntroTutorials (184)
[2016.10.04-13.06.12:682][453]LogModuleManager: Shutting down and abandoning module EditorLiveStreaming (183)
[2016.10.04-13.06.12:682][453]LogModuleManager: Shutting down and abandoning module IOSPlatformEditor (182)
[2016.10.04-13.06.12:682][453]LogModuleManager: Shutting down and abandoning module HTML5PlatformEditor (181)
[2016.10.04-13.06.12:682][453]LogModuleManager: Shutting down and abandoning module AndroidDeviceDetection (180)
[2016.10.04-13.06.12:880][453]LogModuleManager: Shutting down and abandoning module AndroidPlatformEditor (179)
[2016.10.04-13.06.12:880][453]LogModuleManager: Shutting down and abandoning module IOSRuntimeSettings (178)
[2016.10.04-13.06.12:880][453]LogModuleManager: Shutting down and abandoning module AndroidRuntimeSettings (177)
[2016.10.04-13.06.12:880][453]LogModuleManager: Shutting down and abandoning module MergeActors (176)
[2016.10.04-13.06.12:880][453]LogModuleManager: Shutting down and abandoning module SizeMap (175)
[2016.10.04-13.06.12:880][453]LogModuleManager: Shutting down and abandoning module TreeMap (174)
[2016.10.04-13.06.12:880][453]LogModuleManager: Shutting down and abandoning module ReferenceViewer (173)
[2016.10.04-13.06.12:881][453]LogModuleManager: Shutting down and abandoning module LocalizationService (172)
[2016.10.04-13.06.12:881][453]LogModuleManager: Shutting down and abandoning module LocalizationDashboard (171)
[2016.10.04-13.06.12:881][453]LogModuleManager: Shutting down and abandoning module HardwareTargeting (170)
[2016.10.04-13.06.12:881][453]LogModuleManager: Shutting down and abandoning module DeviceProfileEditor (169)
[2016.10.04-13.06.12:881][453]LogModuleManager: Shutting down and abandoning module UndoHistory (168)
[2016.10.04-13.06.12:881][453]LogModuleManager: Shutting down and abandoning module UserFeedback (167)
[2016.10.04-13.06.12:881][453]LogModuleManager: Shutting down and abandoning module XmlParser (166)
[2016.10.04-13.06.12:881][453]LogModuleManager: Shutting down and abandoning module Blutility (165)
[2016.10.04-13.06.12:881][453]LogModuleManager: Shutting down and abandoning module ProjectTargetPlatformEditor (164)
[2016.10.04-13.06.12:881][453]LogModuleManager: Shutting down and abandoning module ProjectSettingsViewer (163)
[2016.10.04-13.06.12:881][453]LogModuleManager: Shutting down and abandoning module InputBindingEditor (162)
[2016.10.04-13.06.12:881][453]LogModuleManager: Shutting down and abandoning module EditorSettingsViewer (161)
[2016.10.04-13.06.12:881][453]LogModuleManager: Shutting down and abandoning module SettingsEditor (160)
[2016.10.04-13.06.12:881][453]LogModuleManager: Shutting down and abandoning module ProjectLauncher (159)
[2016.10.04-13.06.12:882][453]LogModuleManager: Shutting down and abandoning module SessionFrontend (158)
[2016.10.04-13.06.12:882][453]LogModuleManager: Shutting down and abandoning module ProfilerClient (157)
[2016.10.04-13.06.12:882][453]LogModuleManager: Shutting down and abandoning module TargetDeviceServices (156)
[2016.10.04-13.06.12:882][453]LogModuleManager: Shutting down and abandoning module DeviceManager (155)
[2016.10.04-13.06.12:932][453]LogModuleManager: Shutting down and abandoning module AutomationController (154)
[2016.10.04-13.06.12:932][453]LogModuleManager: Shutting down and abandoning module AutomationWindow (153)
[2016.10.04-13.06.12:932][453]LogModuleManager: Shutting down and abandoning module Layers (152)
[2016.10.04-13.06.12:932][453]LogModuleManager: Shutting down and abandoning module ComponentVisualizers (151)
[2016.10.04-13.06.12:932][453]LogModuleManager: Shutting down and abandoning module DetailCustomizations (150)
[2016.10.04-13.06.12:932][453]LogModuleManager: Shutting down and abandoning module PackagesDialog (149)
[2016.10.04-13.06.12:932][453]LogModuleManager: Shutting down and abandoning module Persona (148)
[2016.10.04-13.06.12:933][453]LogModuleManager: Shutting down and abandoning module Kismet (147)
[2016.10.04-13.06.12:933][453]LogModuleManager: Shutting down and abandoning module GraphEditor (146)
[2016.10.04-13.06.12:933][453]LogModuleManager: Shutting down and abandoning module ClassViewer (145)
[2016.10.04-13.06.12:933][453]LogModuleManager: Shutting down and abandoning module Toolbox (144)
[2016.10.04-13.06.12:933][453]LogModuleManager: Shutting down and abandoning module ModuleUI (143)
[2016.10.04-13.06.12:933][453]LogModuleManager: Shutting down and abandoning module MovieSceneTools (142)
[2016.10.04-13.06.12:933][453]LogModuleManager: Shutting down and abandoning module OutputLog (141)
[2016.10.04-13.06.12:933][453]LogModuleManager: Shutting down and abandoning module GammaUI (140)
[2016.10.04-13.06.12:933][453]LogModuleManager: Shutting down and abandoning module Documentation (139)
[2016.10.04-13.06.12:933][453]LogModuleManager: Shutting down and abandoning module StreamingPauseRendering (138)
[2016.10.04-13.06.12:933][453]LogModuleManager: Shutting down and abandoning module AnalyticsET (137)
[2016.10.04-13.06.12:933][453]LogModuleManager: Shutting down and abandoning module Analytics (136)
[2016.10.04-13.06.12:933][453]LogModuleManager: Shutting down and abandoning module PortalServices (135)
[2016.10.04-13.06.12:933][453]LogModuleManager: Shutting down and abandoning module PortalRpc (134)
[2016.10.04-13.06.12:933][453]LogModuleManager: Shutting down and abandoning module MessagingRpc (133)
[2016.10.04-13.06.12:933][453]LogModuleManager: Shutting down and abandoning module GameplayDebugger (132)
[2016.10.04-13.06.12:933][453]LogModuleManager: Shutting down and abandoning module AITestSuite (131)
[2016.10.04-13.06.12:933][453]LogModuleManager: Shutting down and abandoning module AIModule (130)
[2016.10.04-13.06.12:933][453]LogModuleManager: Shutting down and abandoning module ProfilerService (129)
[2016.10.04-13.06.13:079][453]LogModuleManager: Shutting down and abandoning module TaskGraph (128)
[2016.10.04-13.06.13:080][453]LogModuleManager: Shutting down and abandoning module SlateRemote (127)
[2016.10.04-13.06.13:080][453]LogModuleManager: Shutting down and abandoning module SteamVRController (126)
[2016.10.04-13.06.13:080][453]LogModuleManager: Shutting down and abandoning module SteamVR (125)
[2016.10.04-13.06.13:080][453]LogModuleManager: Shutting down and abandoning module ProceduralMeshComponent (124)
[2016.10.04-13.06.13:080][453]LogModuleManager: Shutting down and abandoning module OculusLibrary (123)
[2016.10.04-13.06.13:080][453]LogModuleManager: Shutting down and abandoning module OculusInput (122)
[2016.10.04-13.06.13:080][453]LogModuleManager: Shutting down and abandoning module CustomMeshComponent (121)
[2016.10.04-13.06.13:080][453]LogModuleManager: Shutting down and abandoning module CableComponent (120)
[2016.10.04-13.06.13:080][453]LogModuleManager: Shutting down and abandoning module ArchVisCharacter (119)
[2016.10.04-13.06.13:080][453]LogModuleManager: Shutting down and abandoning module MediaPlayerEditor (118)
[2016.10.04-13.06.13:080][453]LogModuleManager: Shutting down and abandoning module HTML5Networking (117)
[2016.10.04-13.06.13:080][453]LogModuleManager: Shutting down and abandoning module SuperSearch (116)
[2016.10.04-13.06.13:080][453]LogModuleManager: Shutting down and abandoning module SuperSearchEditor (115)
[2016.10.04-13.06.13:080][453]LogModuleManager: Shutting down and abandoning module SpeedTreeImporter (114)
[2016.10.04-13.06.13:080][453]LogModuleManager: Shutting down and abandoning module PluginBrowser (113)
[2016.10.04-13.06.13:080][453]LogModuleManager: Shutting down and abandoning module EpicSurvey (112)
[2016.10.04-13.06.13:080][453]LogModuleManager: Shutting down and abandoning module DesktopPlatform (111)
[2016.10.04-13.06.13:080][453]LogModuleManager: Shutting down and abandoning module VisualStudioSourceCodeAccess (110)
[2016.10.04-13.06.13:080][453]LogModuleManager: Shutting down and abandoning module UObjectPlugin (109)
[2016.10.04-13.06.13:080][453]LogModuleManager: Shutting down and abandoning module SubversionSourceControl (108)
[2016.10.04-13.06.13:080][453]LogModuleManager: Shutting down and abandoning module PerforceSourceControl (107)
[2016.10.04-13.06.13:081][453]LogModuleManager: Shutting down and abandoning module SourceControl (106)
[2016.10.04-13.06.13:081][453]LogModuleManager: Shutting down and abandoning module GitSourceControl (105)
[2016.10.04-13.06.13:081][453]LogModuleManager: Shutting down and abandoning module LightPropagationVolumeEditor (104)
[2016.10.04-13.06.13:081][453]LogModuleManager: Shutting down and abandoning module PaperTiledImporter (103)
[2016.10.04-13.06.13:081][453]LogModuleManager: Shutting down and abandoning module PaperSpriteSheetImporter (102)
[2016.10.04-13.06.13:081][453]LogModuleManager: Shutting down and abandoning module MeshPaint (101)
[2016.10.04-13.06.13:081][453]LogModuleManager: Shutting down and abandoning module PixelInspectorModule (100)
[2016.10.04-13.06.13:081][453]LogModuleManager: Shutting down and abandoning module HotReload (99)
[2016.10.04-13.06.13:082][453]LogModuleManager: Shutting down and abandoning module MainFrame (98)
[2016.10.04-13.06.13:082][453]LogModuleManager: Shutting down and abandoning module LevelEditor (97)
[2016.10.04-13.06.13:083][453]LogModuleManager: Shutting down and abandoning module ContentBrowser (96)
[2016.10.04-13.06.13:085][453]LogModuleManager: Shutting down and abandoning module Paper2DEditor (95)
[2016.10.04-13.06.13:086][453]LogModuleManager: Shutting down and abandoning module UdpMessaging (94)
[2016.10.04-13.06.13:186][453]LogModuleManager: Shutting down and abandoning module LightPropagationVolumeRuntime (93)
[2016.10.04-13.06.13:186][453]LogModuleManager: Shutting down and abandoning module Paper2D (92)
[2016.10.04-13.06.13:186][453]LogModuleManager: Shutting down and abandoning module WindowsMoviePlayer (91)
[2016.10.04-13.06.13:186][453]LogModuleManager: Shutting down and abandoning module Media (90)
[2016.10.04-13.06.13:186][453]LogModuleManager: Shutting down and abandoning module WmfMedia (89)
[2016.10.04-13.06.13:187][453]LogModuleManager: Shutting down and abandoning module MediaAssets (88)
[2016.10.04-13.06.13:187][453]LogModuleManager: Shutting down and abandoning module GameLiveStreaming (87)
[2016.10.04-13.06.13:187][453]LogModuleManager: Shutting down and abandoning module GameplayTagsEditor (86)
[2016.10.04-13.06.13:187][453]LogModuleManager: Shutting down and abandoning module OnlineBlueprintSupport (85)
[2016.10.04-13.06.13:187][453]LogModuleManager: Shutting down and abandoning module VREditor (84)
[2016.10.04-13.06.13:187][453]LogModuleManager: Shutting down and abandoning module GameplayTasksEditor (83)
[2016.10.04-13.06.13:187][453]LogModuleManager: Shutting down and abandoning module PropertyEditor (82)
[2016.10.04-13.06.13:187][453]LogModuleManager: Shutting down and abandoning module BehaviorTreeEditor (81)
[2016.10.04-13.06.13:187][453]LogModuleManager: Shutting down and abandoning module FunctionalTesting (80)
[2016.10.04-13.06.13:187][453]LogModuleManager: Shutting down and abandoning module CollisionAnalyzer (79)
[2016.10.04-13.06.13:187][453]LogModuleManager: Shutting down and abandoning module Sequencer (78)
[2016.10.04-13.06.13:187][453]LogModuleManager: Shutting down and abandoning module WorkspaceMenuStructure (77)
[2016.10.04-13.06.13:187][453]LogModuleManager: Shutting down and abandoning module MessageLog (76)
[2016.10.04-13.06.13:187][453]LogModuleManager: Shutting down and abandoning module AssetTools (75)
[2016.10.04-13.06.13:188][453]LogModuleManager: Shutting down and abandoning module UMGEditor (74)
[2016.10.04-13.06.13:188][453]LogModuleManager: Shutting down and abandoning module UMG (73)
[2016.10.04-13.06.13:188][453]LogModuleManager: Shutting down and abandoning module SlateReflector (72)
[2016.10.04-13.06.13:188][453]LogModuleManager: Shutting down and abandoning module Slate (71)
[2016.10.04-13.06.13:188][453]LogModuleManager: Shutting down and abandoning module EditorStyle (70)
[2016.10.04-13.06.13:193][453]LogModuleManager: Shutting down and abandoning module SourceCodeAccess (69)
[2016.10.04-13.06.13:193][453]LogModuleManager: Shutting down and abandoning module HeadMountedDisplay (68)
[2016.10.04-13.06.13:193][453]LogModuleManager: Shutting down and abandoning module XAudio2 (67)
[2016.10.04-13.06.13:193][453]LogModuleManager: Shutting down and abandoning module Networking (65)
[2016.10.04-13.06.13:193][453]LogModuleManager: Shutting down and abandoning module Core (64)
[2016.10.04-13.06.13:193][453]LogModuleManager: Shutting down and abandoning module DirectoryWatcher (63)
[2016.10.04-13.06.13:194][453]LogModuleManager: Shutting down and abandoning module AssetRegistry (62)
[2016.10.04-13.06.13:284][453]LogModuleManager: Shutting down and abandoning module KismetCompiler (61)
[2016.10.04-13.06.13:284][453]LogModuleManager: Shutting down and abandoning module PhysXFormats (60)
[2016.10.04-13.06.13:284][453]LogModuleManager: Shutting down and abandoning module MeshUtilities (59)
[2016.10.04-13.06.13:284][453]LogModuleManager: Shutting down and abandoning module DerivedDataCache (58)
[2016.10.04-13.06.13:356][453]LogDerivedDataCache: Shutdown
[2016.10.04-13.06.13:356][453]LogModuleManager: Shutting down and abandoning module VulkanShaderFormat (57)
[2016.10.04-13.06.13:356][453]LogModuleManager: Shutting down and abandoning module ShaderFormatOpenGL (56)
[2016.10.04-13.06.13:356][453]LogModuleManager: Shutting down and abandoning module ShaderFormatD3D (55)
[2016.10.04-13.06.13:356][453]LogModuleManager: Shutting down and abandoning module MetalShaderFormat (54)
[2016.10.04-13.06.13:356][453]LogModuleManager: Shutting down and abandoning module TextureFormatUncompressed (53)
[2016.10.04-13.06.13:356][453]LogModuleManager: Shutting down and abandoning module TextureFormatPVR (52)
[2016.10.04-13.06.13:356][453]LogModuleManager: Shutting down and abandoning module TextureFormatIntelISPCTexComp (51)
[2016.10.04-13.06.13:356][453]LogModuleManager: Shutting down and abandoning module TextureFormatDXT (50)
[2016.10.04-13.06.13:356][453]LogModuleManager: Shutting down and abandoning module ImageWrapper (49)
[2016.10.04-13.06.13:356][453]LogModuleManager: Shutting down and abandoning module TextureFormatASTC (48)
[2016.10.04-13.06.13:356][453]LogModuleManager: Shutting down and abandoning module TextureFormatAndroid (47)
[2016.10.04-13.06.13:356][453]LogModuleManager: Shutting down and abandoning module AudioFormatOpus (46)
[2016.10.04-13.06.13:356][453]LogModuleManager: Shutting down and abandoning module AudioFormatOgg (45)
[2016.10.04-13.06.13:356][453]LogModuleManager: Shutting down and abandoning module AudioFormatADPCM (44)
[2016.10.04-13.06.13:356][453]LogModuleManager: Shutting down and abandoning module LinuxTargetPlatform (43)
[2016.10.04-13.06.13:356][453]LogModuleManager: Shutting down and abandoning module LinuxServerTargetPlatform (42)
[2016.10.04-13.06.13:356][453]LogModuleManager: Shutting down and abandoning module LinuxNoEditorTargetPlatform (41)
[2016.10.04-13.06.13:356][453]LogModuleManager: Shutting down and abandoning module TVOSTargetPlatform (40)
[2016.10.04-13.06.13:356][453]LogModuleManager: Shutting down and abandoning module Messaging (39)
[2016.10.04-13.06.13:356][453]LogModuleManager: Shutting down and abandoning module IOSTargetPlatform (38)
[2016.10.04-13.06.13:356][453]LogModuleManager: Shutting down and abandoning module HTML5TargetPlatform (37)
[2016.10.04-13.06.13:357][453]LogModuleManager: Shutting down and abandoning module Android_PVRTCTargetPlatform (36)
[2016.10.04-13.06.13:357][453]LogModuleManager: Shutting down and abandoning module Android_MultiTargetPlatform (35)
[2016.10.04-13.06.13:357][453]LogModuleManager: Shutting down and abandoning module Android_ETC2TargetPlatform (34)
[2016.10.04-13.06.13:357][453]LogModuleManager: Shutting down and abandoning module Android_ETC1TargetPlatform (33)
[2016.10.04-13.06.13:357][453]LogModuleManager: Shutting down and abandoning module Android_DXTTargetPlatform (32)
[2016.10.04-13.06.13:357][453]LogModuleManager: Shutting down and abandoning module Android_ATCTargetPlatform (31)
[2016.10.04-13.06.13:357][453]LogModuleManager: Shutting down and abandoning module Android_ASTCTargetPlatform (30)
[2016.10.04-13.06.13:357][453]LogModuleManager: Shutting down and abandoning module AndroidTargetPlatform (29)
[2016.10.04-13.06.13:357][453]LogModuleManager: Shutting down and abandoning module WindowsTargetPlatform (28)
[2016.10.04-13.06.13:357][453]LogModuleManager: Shutting down and abandoning module WindowsServerTargetPlatform (27)
[2016.10.04-13.06.13:357][453]LogModuleManager: Shutting down and abandoning module WindowsNoEditorTargetPlatform (26)
[2016.10.04-13.06.13:357][453]LogModuleManager: Shutting down and abandoning module WindowsClientTargetPlatform (25)
[2016.10.04-13.06.13:357][453]LogModuleManager: Shutting down and abandoning module AllDesktopTargetPlatform (24)
[2016.10.04-13.06.13:357][453]LogModuleManager: Shutting down and abandoning module TargetPlatform (23)
[2016.10.04-13.06.13:357][453]LogModuleManager: Shutting down and abandoning module InputCore (22)
[2016.10.04-13.06.13:357][453]LogModuleManager: Shutting down and abandoning module Settings (21)
[2016.10.04-13.06.13:357][453]LogModuleManager: Shutting down and abandoning module OnlineSubsystem (19)
[2016.10.04-13.06.13:357][453]LogModuleManager: Shutting down and abandoning module HTTP (18)
[2016.10.04-13.06.17:880][453]LogModuleManager: Shutting down and abandoning module XMPP (17)
[2016.10.04-13.06.17:880][453]LogModuleManager: Shutting down and abandoning module OculusRift (16)
[2016.10.04-13.06.17:880][453]LogModuleManager: Shutting down and abandoning module ExampleDeviceProfileSelector (15)
[2016.10.04-13.06.17:880][453]LogModuleManager: Shutting down and abandoning module TextureCompressor (14)
[2016.10.04-13.06.17:880][453]LogModuleManager: Shutting down and abandoning module ShaderCore (13)
[2016.10.04-13.06.17:880][453]LogModuleManager: Shutting down and abandoning module Landscape (12)
[2016.10.04-13.06.17:880][453]LogModuleManager: Shutting down and abandoning module SlateRHIRenderer (11)
[2016.10.04-13.06.17:882][453]LogModuleManager: Shutting down and abandoning module OpenGLDrv (10)
[2016.10.04-13.06.17:882][453]LogModuleManager: Shutting down and abandoning module D3D11RHI (9)
[2016.10.04-13.06.17:882][453]LogModuleManager: Shutting down and abandoning module AnimGraphRuntime (8)
[2016.10.04-13.06.17:882][453]LogModuleManager: Shutting down and abandoning module Renderer (7)
[2016.10.04-13.06.17:883][453]LogModuleManager: Shutting down and abandoning module Engine (6)
[2016.10.04-13.06.17:883][453]LogModuleManager: Shutting down and abandoning module CoreUObject (5)
[2016.10.04-13.06.17:883][453]LogModuleManager: Shutting down and abandoning module NetworkFile (4)
[2016.10.04-13.06.17:883][453]LogModuleManager: Shutting down and abandoning module StreamingFile (3)
[2016.10.04-13.06.17:883][453]LogModuleManager: Shutting down and abandoning module SandboxFile (2)
[2016.10.04-13.06.17:883][453]LogModuleManager: Shutting down and abandoning module PakFile (1)
[2016.10.04-13.06.17:887][453]LogExit: Exiting.
[2016.10.04-13.06.17:918][453]Log file closed, 10/04/16 09:06:17
