Log file open, 10/03/16 08:02:21
LogInit:Display: Running engine without a game
LogPlatformFile: Not using cached read wrapper
LogInit:Display: Loading recent project file: ../../../../../../Users/anpaint19/Google Drive/SchoolRunner 4.12/SchoolRunner.uproject
LogInit:Display: RandInit(-519071014) SRandInit(-519071013).
LogTaskGraph: Started task graph with 4 named threads and 7 total threads with 1 sets of task threads.
LogStats: Stats thread started at 0.064823
LogInit: Version: 4.12.5-3039270+++UE4+Release-4.12
LogInit: API Version: 2992821
LogInit: Net Version: 3039270
LogDevObjectVersion: Number of dev versions registered: 13
LogDevObjectVersion:   Dev-Blueprints (B0D832E4-1F89-4F0D-ACCF-7EB736FD4AA2): 3
LogDevObjectVersion:   Dev-Build (E1C64328-A22C-4D53-A36C-8E866417BD8C): 0
LogDevObjectVersion:   Dev-Core (375EC13C-06E4-48FB-B500-84F0262A717E): 1
LogDevObjectVersion:   Dev-Editor (E4B068ED-F494-42E9-A231-DA0B2E46BB41): 2
LogDevObjectVersion:   Dev-Framework (CFFC743F-43B0-4480-9391-14DF171D2073): 6
LogDevObjectVersion:   Dev-Mobile (B02B49B5-BB20-44E9-A304-32B752E40360): 0
LogDevObjectVersion:   Dev-Networking (A4E4105C-59A1-49B5-A7C5-40C4547EDFEE): 0
LogDevObjectVersion:   Dev-Online (39C831C9-5AE6-47DC-9A44-9C173E1C8E7C): 0
LogDevObjectVersion:   Dev-Physics (78F01B33-EBEA-4F98-B9B4-84EACCB95AA2): 0
LogDevObjectVersion:   Dev-Platform (6631380F-2D4D-43E0-8009-CF276956A95A): 0
LogDevObjectVersion:   Dev-Rendering (12F88B9F-8875-4AFC-A67C-D90C383ABD29): 2
LogDevObjectVersion:   Dev-Sequencer (7B5AE74C-D270-4C10-A958-57980B212A5A): 0
LogDevObjectVersion:   Dev-VR (D7296918-1DD6-4BDD-9DE2-64A83CC13884): 0
LogInit: Compiled (64-bit): Jul  6 2016 09:09:46
LogInit: Compiled with Visual C++: 19.00.23026.00
LogInit: Build Configuration: Development
LogInit: Branch Name: ++UE4+Release-4.12
LogInit: Command line: 
LogInit: Base directory: C:/Program Files (x86)/Epic Games/4.12/Engine/Binaries/Win64/
LogInit: Installed Engine Build: 1
LogInit: Using libcurl 7.41.0
LogInit:  - built for x86_64-pc-win32
LogInit:  - supports SSL with WinSSL
LogInit:  - other features:
LogInit:      CURL_VERSION_SSL
LogInit:      CURL_VERSION_IPV6
LogInit:      CURL_VERSION_ASYNCHDNS
LogInit:      CURL_VERSION_LARGEFILE
LogInit:      CURL_VERSION_IDN
LogInit:  CurlRequestOptions (configurable via config and command line):
LogInit:  - bVerifyPeer = true  - Libcurl will verify peer certificate
LogInit:  - bUseHttpProxy = false  - Libcurl will NOT use HTTP proxy
LogInit:  - bDontReuseConnections = false  - Libcurl will reuse connections
LogInit:  - CertBundlePath = nullptr  - Libcurl will use whatever was configured at build time.
LogInit: Presizing for max 8388607 objects, including 0 objects not considered by GC, pre-allocating 0 bytes for permanent pool.
LogInit: Object subsystem initialized
[2016.10.03-12.02.21:833][  0]LogInit: Selected Device Profile: [Windows]
[2016.10.03-12.02.21:833][  0]LogInit: Applying CVar settings loaded from the selected device profile: [Windows]
[2016.10.03-12.02.21:842][  0]LogInit: Computer: 2016-KISER-06
[2016.10.03-12.02.21:842][  0]LogInit: User: anpaint19
[2016.10.03-12.02.21:842][  0]LogInit: CPU Page size=65536, Cores=4
[2016.10.03-12.02.21:842][  0]LogInit: High frequency timer resolution =3.328203 MHz
[2016.10.03-12.02.21:842][  0]LogMemory: Memory total: Physical=15.9GB (16GB approx)
[2016.10.03-12.02.21:842][  0]LogMemory: Platform Memory Stats for Windows
[2016.10.03-12.02.21:842][  0]LogMemory: Process Physical Memory: 191.63 MB used, 191.63 MB peak
[2016.10.03-12.02.21:842][  0]LogMemory: Process Virtual Memory: 196.98 MB used, 196.98 MB peak
[2016.10.03-12.02.21:842][  0]LogMemory: Physical Memory: 2893.61 MB used, 16304.60 MB total
[2016.10.03-12.02.21:842][  0]LogMemory: Virtual Memory: 522.00 MB used, 8388608.00 MB total
[2016.10.03-12.02.21:870][  0]LogTextLocalizationManager: No specific translations for ('en-US') exist, so ('en') translations will be used.
[2016.10.03-12.02.22:184][  0]LogD3D11RHI: D3D11 adapters:
[2016.10.03-12.02.22:200][  0]LogD3D11RHI:    0. 'NVIDIA Quadro K2200 ' (Feature Level 11_0)
[2016.10.03-12.02.22:200][  0]LogD3D11RHI:       4034/0/7896 MB DedicatedVideo/DedicatedSystem/SharedSystem, Outputs:2, VendorId:0x10de
[2016.10.03-12.02.22:200][  0]LogD3D11RHI: Chosen D3D11 Adapter: 0
[2016.10.03-12.02.22:203][  0]LogD3D11RHI: Creating new Direct3DDevice
[2016.10.03-12.02.22:203][  0]LogD3D11RHI:     GPU DeviceId: 0x13ba (for the marketing name, search the web for "GPU Device Id")
[2016.10.03-12.02.22:203][  0]LogWindows: EnumDisplayDevices:
[2016.10.03-12.02.22:203][  0]LogWindows:    0. 'NVIDIA Quadro K2200 ' (P:0 D:1)
[2016.10.03-12.02.22:203][  0]LogWindows:    1. 'NVIDIA Quadro K2200 ' (P:1 D:1)
[2016.10.03-12.02.22:203][  0]LogWindows:    2. 'NVIDIA Quadro K2200 ' (P:0 D:0)
[2016.10.03-12.02.22:203][  0]LogWindows:    3. 'NVIDIA Quadro K2200 ' (P:0 D:0)
[2016.10.03-12.02.22:203][  0]LogWindows:    4. 'RDPDD Chained DD' (P:0 D:0)
[2016.10.03-12.02.22:203][  0]LogWindows:    5. 'RDP Encoder Mirror Driver' (P:0 D:0)
[2016.10.03-12.02.22:203][  0]LogWindows:    6. 'RDP Reflector Display Driver' (P:0 D:0)
[2016.10.03-12.02.22:203][  0]LogWindows: DebugString: GetVideoDriverDetailsInvalid PrimaryIsNotTheChoosenAdapter GetVideoDriverDetailsInvalid PrimaryIsNotTheChoosenAdapter GetVideoDriverDetailsInvalid PrimaryIsNotTheChoosenAdapter FoundDriverCount:4 
[2016.10.03-12.02.22:203][  0]LogD3D11RHI:     Adapter Name: NVIDIA Quadro K2200 
[2016.10.03-12.02.22:203][  0]LogD3D11RHI:   Driver Version: 361.91 (internal:10.18.13.6191, unified:361.91)
[2016.10.03-12.02.22:203][  0]LogD3D11RHI:      Driver Date: 2-8-2016
[2016.10.03-12.02.22:203][  0]LogRHI: Texture pool is 1361 MB (70% of 1945 MB)
[2016.10.03-12.02.22:209][  0]LogD3D11RHI: Async texture creation enabled
[2016.10.03-12.02.22:223][  0]LogD3D11RHI: GPU Timing Frequency: 1000.000000 (Debug: 2 2)
[2016.10.03-12.02.22:223][  0]LogShaderCompilers: Guid format shader working directory is -15 characters bigger than the processId version (../../../../../../Users/anpaint19/Google Drive/SchoolRunner 4.12/Intermediate/Shaders/WorkingDirectory/3716/).
[2016.10.03-12.02.22:223][  0]LogShaderCompilers: Cleaned the shader compiler working directory 'C:/Users/ANPAIN~1/AppData/Local/Temp/UnrealShaderWorkingDir/5DDC4A3D4D1B11C270463E93FE55DF19/'.
[2016.10.03-12.02.22:223][  0]LogShaderCompilers:Display: Using Local Shader Compiler.
[2016.10.03-12.02.23:165][  0]LogTemp:Display: Loaded TP AllDesktopTargetPlatform
[2016.10.03-12.02.23:173][  0]LogTemp:Display: Loaded TP WindowsClientTargetPlatform
[2016.10.03-12.02.23:180][  0]LogTemp:Display: Loaded TP WindowsNoEditorTargetPlatform
[2016.10.03-12.02.23:188][  0]LogTemp:Display: Loaded TP WindowsServerTargetPlatform
[2016.10.03-12.02.23:196][  0]LogTemp:Display: Loaded TP WindowsTargetPlatform
[2016.10.03-12.02.23:202][  0]LogTemp:Display: Loaded TP AndroidTargetPlatform
[2016.10.03-12.02.23:208][  0]LogTemp:Display: Loaded TP Android_ASTCTargetPlatform
[2016.10.03-12.02.23:214][  0]LogTemp:Display: Loaded TP Android_ATCTargetPlatform
[2016.10.03-12.02.23:221][  0]LogTemp:Display: Loaded TP Android_DXTTargetPlatform
[2016.10.03-12.02.23:227][  0]LogTemp:Display: Loaded TP Android_ETC1TargetPlatform
[2016.10.03-12.02.23:234][  0]LogTemp:Display: Loaded TP Android_ETC2TargetPlatform
[2016.10.03-12.02.23:247][  0]LogTemp:Display: Loaded TP Android_MultiTargetPlatform
[2016.10.03-12.02.23:247][  0]LogTemp:Display: Loaded TP Android_PVRTCTargetPlatform
[2016.10.03-12.02.23:247][  0]LogTemp:Display: Loaded TP HTML5TargetPlatform
[2016.10.03-12.02.23:266][  0]LogTemp:Display: Loaded TP IOSTargetPlatform
[2016.10.03-12.02.23:272][  0]LogTemp:Display: Loaded TP TVOSTargetPlatform
[2016.10.03-12.02.23:279][  0]LogTemp:Display: Loaded TP LinuxNoEditorTargetPlatform
[2016.10.03-12.02.23:285][  0]LogTemp:Display: Loaded TP LinuxServerTargetPlatform
[2016.10.03-12.02.23:292][  0]LogTemp:Display: Loaded TP LinuxTargetPlatform
[2016.10.03-12.02.23:292][  0]LogTargetPlatformManager:Display: Building Assets For Windows
[2016.10.03-12.02.23:351][  0]LogDerivedDataCache:Display: Max Cache Size: 512 MB
[2016.10.03-12.02.23:389][  0]LogDerivedDataCache: Loaded boot cache 0.04s 48MB C:/Users/anpaint19/AppData/Local/UnrealEngine/4.12/DerivedDataCache/Boot.ddc.
[2016.10.03-12.02.23:389][  0]LogDerivedDataCache:Display: Loaded Boot cache: C:/Users/anpaint19/AppData/Local/UnrealEngine/4.12/DerivedDataCache/Boot.ddc
[2016.10.03-12.02.23:389][  0]LogDerivedDataCache: FDerivedDataBackendGraph:  Pak pak cache file ../../../../../../Users/anpaint19/Google Drive/SchoolRunner 4.12/DerivedDataCache/DDC.ddp not found, will not use a pak cache.
[2016.10.03-12.02.23:389][  0]LogDerivedDataCache: Unable to find inner node Pak for hierarchical cache Hierarchy.
[2016.10.03-12.02.23:389][  0]LogDerivedDataCache: FDerivedDataBackendGraph:  CompressedPak pak cache file ../../../../../../Users/anpaint19/Google Drive/SchoolRunner 4.12/DerivedDataCache/Compressed.ddp not found, will not use a pak cache.
[2016.10.03-12.02.23:389][  0]LogDerivedDataCache: Unable to find inner node CompressedPak for hierarchical cache Hierarchy.
[2016.10.03-12.02.23:403][  0]LogDerivedDataCache:Display: Pak cache opened for reading ../../../Engine/DerivedDataCache/Compressed.ddp.
[2016.10.03-12.02.23:414][  0]LogDerivedDataCache: Using Local data cache path C:/Users/anpaint19/AppData/Local/UnrealEngine/Common/DerivedDataCache: Writable
[2016.10.03-12.02.23:549][  0]LogInit: Selected Device Profile: [Windows]
[2016.10.03-12.02.23:549][  0]LogContentStreaming: Texture pool size is 0.00 MB
[2016.10.03-12.02.23:672][  0]LogMeshUtilities: No automatic mesh reduction module available
[2016.10.03-12.02.23:672][  0]LogMeshUtilities: No automatic mesh merging module available
[2016.10.03-12.02.23:672][  0]LogMeshUtilities: No distributed automatic mesh merging module available
[2016.10.03-12.02.23:868][  0]LogAssetRegistry: FAssetRegistry took 0.0199 seconds to start up
[2016.10.03-12.02.23:885][  0]LogPackageLocalizationCache: Processed 3 localized package path(s) for 2 prioritized culture(s) in 0.015251 seconds
[2016.10.03-12.02.23:890][  0]LogUObjectArray: 28741 objects as part of root set at end of initial load.
[2016.10.03-12.02.23:890][  0]LogUObjectAllocator: 5855912 out of 0 bytes used by permanent object pool.
[2016.10.03-12.02.23:890][  0]LogUObjectArray: CloseDisregardForGC: 0/0 objects in disregard for GC pool
[2016.10.03-12.02.23:897][  0]LogInit: WinSock: version 1.1 (2.2), MaxSocks=32767, MaxUdp=65467
[2016.10.03-12.02.24:032][  0]LogFileManager:Warning: MoveFile was unable to move '../../../../../../Users/anpaint19/Google Drive/SchoolRunner 4.12/Intermediate/CachedAssetRegistry.bin.tmp' to '../../../../../../Users/anpaint19/Google Drive/SchoolRunner 4.12/Intermediate/CachedAssetRegistry.bin', retrying in .5s...
[2016.10.03-12.02.24:032][  0]LogSlate: SlateFontCache - WITH_FREETYPE: 1, WITH_HARFBUZZ: 1
[2016.10.03-12.02.24:032][  0]LogSlate: SlateFontCache - WITH_FREETYPE: 1, WITH_HARFBUZZ: 1
[2016.10.03-12.02.24:486][  0]LogUdpMessaging: Initializing bridge on interface 0.0.0.0:0 to multicast group 230.0.0.1:6666.
[2016.10.03-12.02.24:660][  0]LogFileManager:Warning: MoveFile was unable to move '../../../../../../Users/anpaint19/Google Drive/SchoolRunner 4.12/Intermediate/CachedAssetRegistry.bin.tmp' to '../../../../../../Users/anpaint19/Google Drive/SchoolRunner 4.12/Intermediate/CachedAssetRegistry.bin', retrying in .5s...
[2016.10.03-12.02.24:660][  0]SourceControl: Info Source control is disabled
[2016.10.03-12.02.24:661][  0]SourceControl: Info Source control is disabled
[2016.10.03-12.02.24:667][  0]SourceControl: Info Source control is disabled
[2016.10.03-12.02.24:672][  0]SourceControl: Info Source control is disabled
[2016.10.03-12.02.24:824][  0]LogEngine: Initializing Engine...
[2016.10.03-12.02.24:825][  0]LogHMD: SteamVR failed to initialize.  Err: 110
[2016.10.03-12.02.24:825][  0]LogHMD: SteamVR failed to initialize.  Err: 110
[2016.10.03-12.02.24:936][  0]LogAIModule: Creating AISystem for world NewWorld
[2016.10.03-12.02.24:939][  0]LogInit: XAudio2 using 'Speakers (Realtek High Definition Audio)' : 2 channels at 48 kHz using 32 bits per sample (channel mask 0x3)
[2016.10.03-12.02.24:953][  0]LogInit: FAudioDevice initialized.
[2016.10.03-12.02.24:972][  0]LogDerivedDataCache: Saved boot cache 0.02s 48MB C:/Users/anpaint19/AppData/Local/UnrealEngine/4.12/DerivedDataCache/Boot.ddc.
[2016.10.03-12.02.24:975][  0]LogInit: Texture streaming: Enabled
[2016.10.03-12.02.25:003][  0]LogInit: Transaction tracking system initialized
[2016.10.03-12.02.25:024][  0]BlueprintLog: New page: Editor Load
[2016.10.03-12.02.25:084][  0]LogFileManager:Warning: MoveFile was unable to move '../../../../../../Users/anpaint19/Google Drive/SchoolRunner 4.12/Intermediate/CachedAssetRegistry.bin.tmp' to '../../../../../../Users/anpaint19/Google Drive/SchoolRunner 4.12/Intermediate/CachedAssetRegistry.bin', retrying in .5s...
[2016.10.03-12.02.25:084][  0]LocalizationService: Info Localization service is disabled
[2016.10.03-12.02.25:136][  0]LogConsoleResponse:Display: 
[2016.10.03-12.02.25:216][  0]LogCook:Display: Max memory allowance for cook 8192mb
[2016.10.03-12.02.25:216][  0]LogCook:Display: Mobile HDR setting 1
[2016.10.03-12.02.25:290][  0]LogFileCache: Scanning file cache for directory 'C:/Users/anpaint19/Google Drive/SchoolRunner 4.12/Content/' took 0.03s
[2016.10.03-12.02.25:290][  0]SourceControl: Info Source control is disabled
[2016.10.03-12.02.25:290][  0]Cmd: MAP LOAD FILE="../../../../../../Users/anpaint19/Google Drive/SchoolRunner 4.12/Content/ThirdPersonBP/Maps/ThirdPersonExampleMap.umap" TEMPLATE=0 SHOWPROGRESS=1 FEATURELEVEL=3
[2016.10.03-12.02.25:291][  0]LightingResults: New page: Lighting Build
[2016.10.03-12.02.25:293][  0]MapCheck: New page: Map Check
[2016.10.03-12.02.25:293][  0]LightingResults: New page: Lighting Build
[2016.10.03-12.02.25:320][  0]LogLinker:Warning: Asset '../../../../../../Users/anpaint19/Google Drive/SchoolRunner 4.12/Content/Mannequin/Animations/ThirdPerson_Jump.uasset' has been saved with empty engine version. The asset will be loaded but may be incompatible.
[2016.10.03-12.02.25:321][  0]LogLinker:Warning: Asset '../../../../../../Users/anpaint19/Google Drive/SchoolRunner 4.12/Content/Mannequin/Animations/ThirdPersonJump_Loop.uasset' has been saved with empty engine version. The asset will be loaded but may be incompatible.
[2016.10.03-12.02.25:321][  0]LogLinker:Warning: Asset '../../../../../../Users/anpaint19/Google Drive/SchoolRunner 4.12/Content/Mannequin/Animations/ThirdPersonJump_Start.uasset' has been saved with empty engine version. The asset will be loaded but may be incompatible.
[2016.10.03-12.02.25:322][  0]LogLinker:Warning: Asset '../../../../../../Users/anpaint19/Google Drive/SchoolRunner 4.12/Content/Mannequin/Animations/ThirdPerson_IdleRun_2D.uasset' has been saved with empty engine version. The asset will be loaded but may be incompatible.
[2016.10.03-12.02.25:322][  0]LogLinker:Warning: Asset '../../../../../../Users/anpaint19/Google Drive/SchoolRunner 4.12/Content/Mannequin/Animations/ThirdPersonIdle.uasset' has been saved with empty engine version. The asset will be loaded but may be incompatible.
[2016.10.03-12.02.25:323][  0]LogLinker:Warning: Asset '../../../../../../Users/anpaint19/Google Drive/SchoolRunner 4.12/Content/Mannequin/Animations/ThirdPersonRun.uasset' has been saved with empty engine version. The asset will be loaded but may be incompatible.
[2016.10.03-12.02.25:323][  0]LogLinker:Warning: Asset '../../../../../../Users/anpaint19/Google Drive/SchoolRunner 4.12/Content/Mannequin/Animations/ThirdPersonWalk.uasset' has been saved with empty engine version. The asset will be loaded but may be incompatible.
[2016.10.03-12.02.25:640][  0]LogFileManager:Warning: MoveFile was unable to move '../../../../../../Users/anpaint19/Google Drive/SchoolRunner 4.12/Intermediate/CachedAssetRegistry.bin.tmp' to '../../../../../../Users/anpaint19/Google Drive/SchoolRunner 4.12/Intermediate/CachedAssetRegistry.bin', retrying in .5s...
[2016.10.03-12.02.25:640][  0]LogBlueprint:Error: Compiler Error This blueprint (self) is not a SceneComponent, therefore ' Target ' must have a connection.
[2016.10.03-12.02.25:641][  0]LogBlueprint:Warning: Compiler Warning [0004.41] Compile of PersistentLevel.ThirdPersonExampleMap failed. 1 Fatal Issue(s) 0 Warning(s) [in 2 ms] (/Game/ThirdPersonBP/Maps/ThirdPersonExampleMap.ThirdPersonExampleMap:PersistentLevel.ThirdPersonExampleMap)
[2016.10.03-12.02.25:641][  0]LogBlueprint:Warning: Compiler Warning [0004.41] Compile of PersistentLevel.ThirdPersonExampleMap failed. 1 Fatal Issue(s) 1 Warning(s) [in 0 ms] (/Game/ThirdPersonBP/Maps/ThirdPersonExampleMap.ThirdPersonExampleMap:PersistentLevel.ThirdPersonExampleMap)
[2016.10.03-12.02.25:641][  0]LogBlueprint:Warning: Compiler Warning [0004.41] Compile of PersistentLevel.ThirdPersonExampleMap failed. 1 Fatal Issue(s) 2 Warning(s) [in 0 ms] (/Game/ThirdPersonBP/Maps/ThirdPersonExampleMap.ThirdPersonExampleMap:PersistentLevel.ThirdPersonExampleMap)
[2016.10.03-12.02.26:080][  0]LogFileManager:Warning: MoveFile was unable to move '../../../../../../Users/anpaint19/Google Drive/SchoolRunner 4.12/Intermediate/CachedAssetRegistry.bin.tmp' to '../../../../../../Users/anpaint19/Google Drive/SchoolRunner 4.12/Intermediate/CachedAssetRegistry.bin', retrying in .5s...
[2016.10.03-12.02.26:351][  0]LogAIModule: Creating AISystem for world ThirdPersonExampleMap
[2016.10.03-12.02.26:721][  0]LogFileManager:Warning: MoveFile was unable to move '../../../../../../Users/anpaint19/Google Drive/SchoolRunner 4.12/Intermediate/CachedAssetRegistry.bin.tmp' to '../../../../../../Users/anpaint19/Google Drive/SchoolRunner 4.12/Intermediate/CachedAssetRegistry.bin', retrying in .5s...
[2016.10.03-12.02.26:722][  0]LogEditorServer: Finished looking for orphan Actors (0.000 secs)
[2016.10.03-12.02.26:723][  0]Cmd: MAP CHECKDEP NOCLEARLOG
[2016.10.03-12.02.26:757][  0]MapCheck: Info Map check complete: 0 Error(s), 0 Warning(s), took 34.723ms to complete.
[2016.10.03-12.02.26:758][  0]LogFileHelpers: Loading map 'ThirdPersonExampleMap' took 1.467
[2016.10.03-12.02.26:815][  0]LogCollectionManager: Loaded 0 collections in 0.002605 seconds
[2016.10.03-12.02.26:854][  0]LogFileCache: Scanning file cache for directory 'C:/Users/anpaint19/Google Drive/SchoolRunner 4.12/Saved/Collections/' took 0.01s
[2016.10.03-12.02.26:854][  0]LogFileCache: Scanning file cache for directory 'C:/Users/anpaint19/Google Drive/SchoolRunner 4.12/Content/Developers/anpaint19/Collections/' took 0.01s
[2016.10.03-12.02.26:854][  0]LogFileCache: Scanning file cache for directory 'C:/Users/anpaint19/Google Drive/SchoolRunner 4.12/Content/Collections/' took 0.01s
[2016.10.03-12.02.26:854][  0]LogCollectionManager: Rebuilt the GUID cache for 0 collections in 0.000002 seconds
[2016.10.03-12.02.26:864][  0]LogContentBrowser: Native class hierarchy populated in 0.0091 seconds. Added 2047 classes and 369 folders.
[2016.10.03-12.02.26:868][  0]LogStats: UGameplayTagsManager::ConstructGameplayTagTree: Construct from data asset -  0.000 s
[2016.10.03-12.02.26:868][  0]LogStats: UGameplayTagsManager::ConstructGameplayTagTree: GameplayTagTreeChangedEvent.Broadcast -  0.000 s
[2016.10.03-12.02.26:868][  0]LogContentBrowser: Native class hierarchy updated for 'GameplayTags' in 0.0003 seconds. Added 12 classes and 0 folders.
[2016.10.03-12.02.26:874][  0]LogContentBrowser: Native class hierarchy updated for 'WidgetCarousel' in 0.0004 seconds. Added 0 classes and 0 folders.
[2016.10.03-12.02.26:908][  0]LogContentBrowser: Native class hierarchy updated for 'AddContentDialog' in 0.0004 seconds. Added 0 classes and 0 folders.
[2016.10.03-12.02.27:667][  0]LogFileManager:Warning: MoveFile was unable to move '../../../../../../Users/anpaint19/Google Drive/SchoolRunner 4.12/Intermediate/CachedAssetRegistry.bin.tmp' to '../../../../../../Users/anpaint19/Google Drive/SchoolRunner 4.12/Intermediate/CachedAssetRegistry.bin', retrying in .5s...
[2016.10.03-12.02.27:667][  0]LogFileManager:Warning: MoveFile was unable to move '../../../../../../Users/anpaint19/Google Drive/SchoolRunner 4.12/Intermediate/CachedAssetRegistry.bin.tmp' to '../../../../../../Users/anpaint19/Google Drive/SchoolRunner 4.12/Intermediate/CachedAssetRegistry.bin', retrying in .5s...
[2016.10.03-12.02.27:667][  0]LogContentBrowser: Native class hierarchy updated for 'SceneOutliner' in 0.0003 seconds. Added 1 classes and 2 folders.
[2016.10.03-12.02.27:693][  0]LogCrashTracker: Crashtracker disabled due to settings.
[2016.10.03-12.02.27:708][  0]LogUObjectGlobals:Warning: Failed to find object 'Class None.'
[2016.10.03-12.02.27:730][  0]LogContentBrowser: Native class hierarchy updated for 'HierarchicalLODOutliner' in 0.0003 seconds. Added 1 classes and 2 folders.
[2016.10.03-12.02.27:731][  0]LogLoad: Full Startup: 6.50 seconds (BP compile: 0.11 seconds)
[2016.10.03-12.02.27:731][  0]LogExternalProfiler: No external profilers were discovered.  External profiling features will not be available.
[2016.10.03-12.02.27:740][  0]LogOcInput: OculusInput pre-init called
[2016.10.03-12.02.27:762][  0]LogContentStreaming: Texture pool size now 1000 MB
[2016.10.03-12.02.27:956][  0]LogRenderer: Reallocating scene render targets to support 760x868 (Frame:2).
[2016.10.03-12.02.28:032][  0]LogFileManager:Warning: MoveFile was unable to move '../../../../../../Users/anpaint19/Google Drive/SchoolRunner 4.12/Intermediate/CachedAssetRegistry.bin.tmp' to '../../../../../../Users/anpaint19/Google Drive/SchoolRunner 4.12/Intermediate/CachedAssetRegistry.bin', retrying in .5s...
[2016.10.03-12.02.28:253][  2]LogAssetRegistry: Asset discovery search completed in 4.4056 seconds
[2016.10.03-12.02.28:254][  2]LogCollectionManager: Rebuilt the object cache for 0 collections in 0.000000 seconds (found 0 objects)
[2016.10.03-12.02.28:254][  2]LogCollectionManager: Fixed up redirectors for 0 collections in 0.000042 seconds (updated 0 objects)
[2016.10.03-12.02.28:532][ 20]LogFileManager:Warning: MoveFile was unable to move '../../../../../../Users/anpaint19/Google Drive/SchoolRunner 4.12/Intermediate/CachedAssetRegistry.bin.tmp' to '../../../../../../Users/anpaint19/Google Drive/SchoolRunner 4.12/Intermediate/CachedAssetRegistry.bin', retrying in .5s...
[2016.10.03-12.02.29:032][ 60]LogFileManager:Error: Error moving file '../../../../../../Users/anpaint19/Google Drive/SchoolRunner 4.12/Intermediate/CachedAssetRegistry.bin.tmp' to '../../../../../../Users/anpaint19/Google Drive/SchoolRunner 4.12/Intermediate/CachedAssetRegistry.bin'.
[2016.10.03-12.02.36:630][742]LogEnum:Warning: Enum name collision: 'EIntTypes::NewEnumerator4' is in both '/Game/OtherUnrealStuff/Engine/ArtTools/RenderToTexture/Enums/EIntTypes.EIntTypes' and '/Engine/ArtTools/RenderToTexture/Enums/EIntTypes.EIntTypes'
[2016.10.03-12.02.36:630][742]LogEnum:Warning: Enum name collision: 'EIntTypes::NewEnumerator5' is in both '/Game/OtherUnrealStuff/Engine/ArtTools/RenderToTexture/Enums/EIntTypes.EIntTypes' and '/Engine/ArtTools/RenderToTexture/Enums/EIntTypes.EIntTypes'
[2016.10.03-12.02.36:630][742]LogEnum:Warning: Enum name collision: 'EIntTypes::NewEnumerator6' is in both '/Game/OtherUnrealStuff/Engine/ArtTools/RenderToTexture/Enums/EIntTypes.EIntTypes' and '/Engine/ArtTools/RenderToTexture/Enums/EIntTypes.EIntTypes'
[2016.10.03-12.02.36:630][742]LogEnum:Warning: Enum name collision: 'EIntTypes::NewEnumerator7' is in both '/Game/OtherUnrealStuff/Engine/ArtTools/RenderToTexture/Enums/EIntTypes.EIntTypes' and '/Engine/ArtTools/RenderToTexture/Enums/EIntTypes.EIntTypes'
[2016.10.03-12.02.36:630][742]LogEnum:Warning: Enum name collision: 'EIntTypes::EIntTypes_MAX' is in both '/Game/OtherUnrealStuff/Engine/ArtTools/RenderToTexture/Enums/EIntTypes.EIntTypes' and '/Engine/ArtTools/RenderToTexture/Enums/EIntTypes.EIntTypes'
[2016.10.03-12.02.36:715][742]LogEnum:Warning: Enum name collision: 'EIntTypes::NewEnumerator4' is in both '/Game/OtherUnrealStuff/Engine/ArtTools/RenderToTexture/Enums/EIntTypes.EIntTypes' and '/Engine/ArtTools/RenderToTexture/Enums/EIntTypes.EIntTypes'
[2016.10.03-12.02.36:716][742]LogEnum:Warning: Enum name collision: 'EIntTypes::NewEnumerator5' is in both '/Game/OtherUnrealStuff/Engine/ArtTools/RenderToTexture/Enums/EIntTypes.EIntTypes' and '/Engine/ArtTools/RenderToTexture/Enums/EIntTypes.EIntTypes'
[2016.10.03-12.02.36:716][742]LogEnum:Warning: Enum name collision: 'EIntTypes::NewEnumerator6' is in both '/Game/OtherUnrealStuff/Engine/ArtTools/RenderToTexture/Enums/EIntTypes.EIntTypes' and '/Engine/ArtTools/RenderToTexture/Enums/EIntTypes.EIntTypes'
[2016.10.03-12.02.36:716][742]LogEnum:Warning: Enum name collision: 'EIntTypes::NewEnumerator7' is in both '/Game/OtherUnrealStuff/Engine/ArtTools/RenderToTexture/Enums/EIntTypes.EIntTypes' and '/Engine/ArtTools/RenderToTexture/Enums/EIntTypes.EIntTypes'
[2016.10.03-12.02.36:772][742]LogEnum:Warning: Enum name collision: 'EFloatTypes::NewEnumerator0' is in both '/Game/OtherUnrealStuff/Engine/ArtTools/RenderToTexture/Enums/EFloatTypes.EFloatTypes' and '/Engine/ArtTools/RenderToTexture/Enums/EFloatTypes.EFloatTypes'
[2016.10.03-12.02.36:772][742]LogEnum:Warning: Enum name collision: 'EFloatTypes::NewEnumerator1' is in both '/Game/OtherUnrealStuff/Engine/ArtTools/RenderToTexture/Enums/EFloatTypes.EFloatTypes' and '/Engine/ArtTools/RenderToTexture/Enums/EFloatTypes.EFloatTypes'
[2016.10.03-12.02.36:772][742]LogEnum:Warning: Enum name collision: 'EFloatTypes::NewEnumerator2' is in both '/Game/OtherUnrealStuff/Engine/ArtTools/RenderToTexture/Enums/EFloatTypes.EFloatTypes' and '/Engine/ArtTools/RenderToTexture/Enums/EFloatTypes.EFloatTypes'
[2016.10.03-12.02.36:773][742]LogEnum:Warning: Enum name collision: 'EFloatTypes::NewEnumerator3' is in both '/Game/OtherUnrealStuff/Engine/ArtTools/RenderToTexture/Enums/EFloatTypes.EFloatTypes' and '/Engine/ArtTools/RenderToTexture/Enums/EFloatTypes.EFloatTypes'
[2016.10.03-12.02.36:773][742]LogEnum:Warning: Enum name collision: 'EFloatTypes::EFloatTypes_MAX' is in both '/Game/OtherUnrealStuff/Engine/ArtTools/RenderToTexture/Enums/EFloatTypes.EFloatTypes' and '/Engine/ArtTools/RenderToTexture/Enums/EFloatTypes.EFloatTypes'
[2016.10.03-12.02.36:828][742]LogEnum:Warning: Enum name collision: 'EFloatTypes::NewEnumerator0' is in both '/Game/OtherUnrealStuff/Engine/ArtTools/RenderToTexture/Enums/EFloatTypes.EFloatTypes' and '/Engine/ArtTools/RenderToTexture/Enums/EFloatTypes.EFloatTypes'
[2016.10.03-12.02.36:828][742]LogEnum:Warning: Enum name collision: 'EFloatTypes::NewEnumerator1' is in both '/Game/OtherUnrealStuff/Engine/ArtTools/RenderToTexture/Enums/EFloatTypes.EFloatTypes' and '/Engine/ArtTools/RenderToTexture/Enums/EFloatTypes.EFloatTypes'
[2016.10.03-12.02.36:828][742]LogEnum:Warning: Enum name collision: 'EFloatTypes::NewEnumerator2' is in both '/Game/OtherUnrealStuff/Engine/ArtTools/RenderToTexture/Enums/EFloatTypes.EFloatTypes' and '/Engine/ArtTools/RenderToTexture/Enums/EFloatTypes.EFloatTypes'
[2016.10.03-12.02.36:828][742]LogEnum:Warning: Enum name collision: 'EFloatTypes::NewEnumerator3' is in both '/Game/OtherUnrealStuff/Engine/ArtTools/RenderToTexture/Enums/EFloatTypes.EFloatTypes' and '/Engine/ArtTools/RenderToTexture/Enums/EFloatTypes.EFloatTypes'
[2016.10.03-12.02.36:841][742]LogEnum:Warning: Enum name collision: 'RenderToTexture_Enum::NewEnumerator10' is in both '/Game/OtherUnrealStuff/Engine/ArtTools/RenderToTexture/Enums/RenderToTexture_Enum.RenderToTexture_Enum' and '/Engine/ArtTools/RenderToTexture/Enums/RenderToTexture_Enum.RenderToTexture_Enum'
[2016.10.03-12.02.36:842][742]LogEnum:Warning: Enum name collision: 'RenderToTexture_Enum::NewEnumerator0' is in both '/Game/OtherUnrealStuff/Engine/ArtTools/RenderToTexture/Enums/RenderToTexture_Enum.RenderToTexture_Enum' and '/Engine/ArtTools/RenderToTexture/Enums/RenderToTexture_Enum.RenderToTexture_Enum'
[2016.10.03-12.02.36:842][742]LogEnum:Warning: Enum name collision: 'RenderToTexture_Enum::NewEnumerator5' is in both '/Game/OtherUnrealStuff/Engine/ArtTools/RenderToTexture/Enums/RenderToTexture_Enum.RenderToTexture_Enum' and '/Engine/ArtTools/RenderToTexture/Enums/RenderToTexture_Enum.RenderToTexture_Enum'
[2016.10.03-12.02.36:842][742]LogEnum:Warning: Enum name collision: 'RenderToTexture_Enum::NewEnumerator2' is in both '/Game/OtherUnrealStuff/Engine/ArtTools/RenderToTexture/Enums/RenderToTexture_Enum.RenderToTexture_Enum' and '/Engine/ArtTools/RenderToTexture/Enums/RenderToTexture_Enum.RenderToTexture_Enum'
[2016.10.03-12.02.36:842][742]LogEnum:Warning: Enum name collision: 'RenderToTexture_Enum::NewEnumerator3' is in both '/Game/OtherUnrealStuff/Engine/ArtTools/RenderToTexture/Enums/RenderToTexture_Enum.RenderToTexture_Enum' and '/Engine/ArtTools/RenderToTexture/Enums/RenderToTexture_Enum.RenderToTexture_Enum'
[2016.10.03-12.02.36:842][742]LogEnum:Warning: Enum name collision: 'RenderToTexture_Enum::NewEnumerator4' is in both '/Game/OtherUnrealStuff/Engine/ArtTools/RenderToTexture/Enums/RenderToTexture_Enum.RenderToTexture_Enum' and '/Engine/ArtTools/RenderToTexture/Enums/RenderToTexture_Enum.RenderToTexture_Enum'
[2016.10.03-12.02.36:842][742]LogEnum:Warning: Enum name collision: 'RenderToTexture_Enum::NewEnumerator6' is in both '/Game/OtherUnrealStuff/Engine/ArtTools/RenderToTexture/Enums/RenderToTexture_Enum.RenderToTexture_Enum' and '/Engine/ArtTools/RenderToTexture/Enums/RenderToTexture_Enum.RenderToTexture_Enum'
[2016.10.03-12.02.36:842][742]LogEnum:Warning: Enum name collision: 'RenderToTexture_Enum::NewEnumerator8' is in both '/Game/OtherUnrealStuff/Engine/ArtTools/RenderToTexture/Enums/RenderToTexture_Enum.RenderToTexture_Enum' and '/Engine/ArtTools/RenderToTexture/Enums/RenderToTexture_Enum.RenderToTexture_Enum'
[2016.10.03-12.02.36:842][742]LogEnum:Warning: Enum name collision: 'RenderToTexture_Enum::NewEnumerator9' is in both '/Game/OtherUnrealStuff/Engine/ArtTools/RenderToTexture/Enums/RenderToTexture_Enum.RenderToTexture_Enum' and '/Engine/ArtTools/RenderToTexture/Enums/RenderToTexture_Enum.RenderToTexture_Enum'
[2016.10.03-12.02.36:842][742]LogEnum:Warning: Enum name collision: 'RenderToTexture_Enum::RenderToTexture_MAX' is in both '/Game/OtherUnrealStuff/Engine/ArtTools/RenderToTexture/Enums/RenderToTexture_Enum.RenderToTexture_Enum' and '/Engine/ArtTools/RenderToTexture/Enums/RenderToTexture_Enum.RenderToTexture_Enum'
[2016.10.03-12.02.36:842][742]LogEnum:Warning: Enum name collision: 'RenderToTexture_Enum::NewEnumerator10' is in both '/Game/OtherUnrealStuff/Engine/ArtTools/RenderToTexture/Enums/RenderToTexture_Enum.RenderToTexture_Enum' and '/Engine/ArtTools/RenderToTexture/Enums/RenderToTexture_Enum.RenderToTexture_Enum'
[2016.10.03-12.02.36:842][742]LogEnum:Warning: Enum name collision: 'RenderToTexture_Enum::NewEnumerator0' is in both '/Game/OtherUnrealStuff/Engine/ArtTools/RenderToTexture/Enums/RenderToTexture_Enum.RenderToTexture_Enum' and '/Engine/ArtTools/RenderToTexture/Enums/RenderToTexture_Enum.RenderToTexture_Enum'
[2016.10.03-12.02.36:842][742]LogEnum:Warning: Enum name collision: 'RenderToTexture_Enum::NewEnumerator5' is in both '/Game/OtherUnrealStuff/Engine/ArtTools/RenderToTexture/Enums/RenderToTexture_Enum.RenderToTexture_Enum' and '/Engine/ArtTools/RenderToTexture/Enums/RenderToTexture_Enum.RenderToTexture_Enum'
[2016.10.03-12.02.36:842][742]LogEnum:Warning: Enum name collision: 'RenderToTexture_Enum::NewEnumerator2' is in both '/Game/OtherUnrealStuff/Engine/ArtTools/RenderToTexture/Enums/RenderToTexture_Enum.RenderToTexture_Enum' and '/Engine/ArtTools/RenderToTexture/Enums/RenderToTexture_Enum.RenderToTexture_Enum'
[2016.10.03-12.02.36:842][742]LogEnum:Warning: Enum name collision: 'RenderToTexture_Enum::NewEnumerator3' is in both '/Game/OtherUnrealStuff/Engine/ArtTools/RenderToTexture/Enums/RenderToTexture_Enum.RenderToTexture_Enum' and '/Engine/ArtTools/RenderToTexture/Enums/RenderToTexture_Enum.RenderToTexture_Enum'
[2016.10.03-12.02.36:842][742]LogEnum:Warning: Enum name collision: 'RenderToTexture_Enum::NewEnumerator4' is in both '/Game/OtherUnrealStuff/Engine/ArtTools/RenderToTexture/Enums/RenderToTexture_Enum.RenderToTexture_Enum' and '/Engine/ArtTools/RenderToTexture/Enums/RenderToTexture_Enum.RenderToTexture_Enum'
[2016.10.03-12.02.36:842][742]LogEnum:Warning: Enum name collision: 'RenderToTexture_Enum::NewEnumerator6' is in both '/Game/OtherUnrealStuff/Engine/ArtTools/RenderToTexture/Enums/RenderToTexture_Enum.RenderToTexture_Enum' and '/Engine/ArtTools/RenderToTexture/Enums/RenderToTexture_Enum.RenderToTexture_Enum'
[2016.10.03-12.02.36:842][742]LogEnum:Warning: Enum name collision: 'RenderToTexture_Enum::NewEnumerator8' is in both '/Game/OtherUnrealStuff/Engine/ArtTools/RenderToTexture/Enums/RenderToTexture_Enum.RenderToTexture_Enum' and '/Engine/ArtTools/RenderToTexture/Enums/RenderToTexture_Enum.RenderToTexture_Enum'
[2016.10.03-12.02.36:842][742]LogEnum:Warning: Enum name collision: 'RenderToTexture_Enum::NewEnumerator9' is in both '/Game/OtherUnrealStuff/Engine/ArtTools/RenderToTexture/Enums/RenderToTexture_Enum.RenderToTexture_Enum' and '/Engine/ArtTools/RenderToTexture/Enums/RenderToTexture_Enum.RenderToTexture_Enum'
[2016.10.03-12.02.36:843][742]LogEnum:Warning: Enum name collision: 'RenderToTexture_Flipbook_Enum::NewEnumerator0' is in both '/Game/OtherUnrealStuff/Engine/ArtTools/RenderToTexture/Enums/RenderToTexture_Flipbook_Enum.RenderToTexture_Flipbook_Enum' and '/Engine/ArtTools/RenderToTexture/Enums/RenderToTexture_Flipbook_Enum.RenderToTexture_Flipbook_Enum'
[2016.10.03-12.02.36:843][742]LogEnum:Warning: Enum name collision: 'RenderToTexture_Flipbook_Enum::NewEnumerator1' is in both '/Game/OtherUnrealStuff/Engine/ArtTools/RenderToTexture/Enums/RenderToTexture_Flipbook_Enum.RenderToTexture_Flipbook_Enum' and '/Engine/ArtTools/RenderToTexture/Enums/RenderToTexture_Flipbook_Enum.RenderToTexture_Flipbook_Enum'
[2016.10.03-12.02.36:843][742]LogEnum:Warning: Enum name collision: 'RenderToTexture_Flipbook_Enum::NewEnumerator2' is in both '/Game/OtherUnrealStuff/Engine/ArtTools/RenderToTexture/Enums/RenderToTexture_Flipbook_Enum.RenderToTexture_Flipbook_Enum' and '/Engine/ArtTools/RenderToTexture/Enums/RenderToTexture_Flipbook_Enum.RenderToTexture_Flipbook_Enum'
[2016.10.03-12.02.36:843][742]LogEnum:Warning: Enum name collision: 'RenderToTexture_Flipbook_Enum::RenderToTexture_Flipbook_MAX' is in both '/Game/OtherUnrealStuff/Engine/ArtTools/RenderToTexture/Enums/RenderToTexture_Flipbook_Enum.RenderToTexture_Flipbook_Enum' and '/Engine/ArtTools/RenderToTexture/Enums/RenderToTexture_Flipbook_Enum.RenderToTexture_Flipbook_Enum'
[2016.10.03-12.02.36:843][742]LogEnum:Warning: Enum name collision: 'RenderToTexture_Flipbook_Enum::NewEnumerator0' is in both '/Game/OtherUnrealStuff/Engine/ArtTools/RenderToTexture/Enums/RenderToTexture_Flipbook_Enum.RenderToTexture_Flipbook_Enum' and '/Engine/ArtTools/RenderToTexture/Enums/RenderToTexture_Flipbook_Enum.RenderToTexture_Flipbook_Enum'
[2016.10.03-12.02.36:843][742]LogEnum:Warning: Enum name collision: 'RenderToTexture_Flipbook_Enum::NewEnumerator1' is in both '/Game/OtherUnrealStuff/Engine/ArtTools/RenderToTexture/Enums/RenderToTexture_Flipbook_Enum.RenderToTexture_Flipbook_Enum' and '/Engine/ArtTools/RenderToTexture/Enums/RenderToTexture_Flipbook_Enum.RenderToTexture_Flipbook_Enum'
[2016.10.03-12.02.36:843][742]LogEnum:Warning: Enum name collision: 'RenderToTexture_Flipbook_Enum::NewEnumerator2' is in both '/Game/OtherUnrealStuff/Engine/ArtTools/RenderToTexture/Enums/RenderToTexture_Flipbook_Enum.RenderToTexture_Flipbook_Enum' and '/Engine/ArtTools/RenderToTexture/Enums/RenderToTexture_Flipbook_Enum.RenderToTexture_Flipbook_Enum'
[2016.10.03-12.02.36:844][742]LogEnum:Warning: Enum name collision: 'RenderToTexture_Imposter_Enum::NewEnumerator0' is in both '/Game/OtherUnrealStuff/Engine/ArtTools/RenderToTexture/Enums/RenderToTexture_Imposter_Enum.RenderToTexture_Imposter_Enum' and '/Engine/ArtTools/RenderToTexture/Enums/RenderToTexture_Imposter_Enum.RenderToTexture_Imposter_Enum'
[2016.10.03-12.02.36:844][742]LogEnum:Warning: Enum name collision: 'RenderToTexture_Imposter_Enum::NewEnumerator1' is in both '/Game/OtherUnrealStuff/Engine/ArtTools/RenderToTexture/Enums/RenderToTexture_Imposter_Enum.RenderToTexture_Imposter_Enum' and '/Engine/ArtTools/RenderToTexture/Enums/RenderToTexture_Imposter_Enum.RenderToTexture_Imposter_Enum'
[2016.10.03-12.02.36:844][742]LogEnum:Warning: Enum name collision: 'RenderToTexture_Imposter_Enum::RenderToTexture_Imposter_MAX' is in both '/Game/OtherUnrealStuff/Engine/ArtTools/RenderToTexture/Enums/RenderToTexture_Imposter_Enum.RenderToTexture_Imposter_Enum' and '/Engine/ArtTools/RenderToTexture/Enums/RenderToTexture_Imposter_Enum.RenderToTexture_Imposter_Enum'
[2016.10.03-12.02.36:844][742]LogEnum:Warning: Enum name collision: 'RenderToTexture_Imposter_Enum::NewEnumerator0' is in both '/Game/OtherUnrealStuff/Engine/ArtTools/RenderToTexture/Enums/RenderToTexture_Imposter_Enum.RenderToTexture_Imposter_Enum' and '/Engine/ArtTools/RenderToTexture/Enums/RenderToTexture_Imposter_Enum.RenderToTexture_Imposter_Enum'
[2016.10.03-12.02.36:844][742]LogEnum:Warning: Enum name collision: 'RenderToTexture_Imposter_Enum::NewEnumerator1' is in both '/Game/OtherUnrealStuff/Engine/ArtTools/RenderToTexture/Enums/RenderToTexture_Imposter_Enum.RenderToTexture_Imposter_Enum' and '/Engine/ArtTools/RenderToTexture/Enums/RenderToTexture_Imposter_Enum.RenderToTexture_Imposter_Enum'
[2016.10.03-12.02.36:845][742]LogEnum:Warning: Enum name collision: 'AnimsForHands::NewEnumerator0' is in both '/Game/OtherUnrealStuff/Engine/VREditor/Tutorial/UMG/Specialized/AnimsForHands.AnimsForHands' and '/Engine/VREditor/Tutorial/UMG/Specialized/AnimsForHands.AnimsForHands'
[2016.10.03-12.02.36:845][742]LogEnum:Warning: Enum name collision: 'AnimsForHands::NewEnumerator1' is in both '/Game/OtherUnrealStuff/Engine/VREditor/Tutorial/UMG/Specialized/AnimsForHands.AnimsForHands' and '/Engine/VREditor/Tutorial/UMG/Specialized/AnimsForHands.AnimsForHands'
[2016.10.03-12.02.36:845][742]LogEnum:Warning: Enum name collision: 'AnimsForHands::NewEnumerator2' is in both '/Game/OtherUnrealStuff/Engine/VREditor/Tutorial/UMG/Specialized/AnimsForHands.AnimsForHands' and '/Engine/VREditor/Tutorial/UMG/Specialized/AnimsForHands.AnimsForHands'
[2016.10.03-12.02.36:845][742]LogEnum:Warning: Enum name collision: 'AnimsForHands::NewEnumerator3' is in both '/Game/OtherUnrealStuff/Engine/VREditor/Tutorial/UMG/Specialized/AnimsForHands.AnimsForHands' and '/Engine/VREditor/Tutorial/UMG/Specialized/AnimsForHands.AnimsForHands'
[2016.10.03-12.02.36:845][742]LogEnum:Warning: Enum name collision: 'AnimsForHands::NewEnumerator4' is in both '/Game/OtherUnrealStuff/Engine/VREditor/Tutorial/UMG/Specialized/AnimsForHands.AnimsForHands' and '/Engine/VREditor/Tutorial/UMG/Specialized/AnimsForHands.AnimsForHands'
[2016.10.03-12.02.36:845][742]LogEnum:Warning: Enum name collision: 'AnimsForHands::NewEnumerator5' is in both '/Game/OtherUnrealStuff/Engine/VREditor/Tutorial/UMG/Specialized/AnimsForHands.AnimsForHands' and '/Engine/VREditor/Tutorial/UMG/Specialized/AnimsForHands.AnimsForHands'
[2016.10.03-12.02.36:845][742]LogEnum:Warning: Enum name collision: 'AnimsForHands::NewEnumerator6' is in both '/Game/OtherUnrealStuff/Engine/VREditor/Tutorial/UMG/Specialized/AnimsForHands.AnimsForHands' and '/Engine/VREditor/Tutorial/UMG/Specialized/AnimsForHands.AnimsForHands'
[2016.10.03-12.02.36:845][742]LogEnum:Warning: Enum name collision: 'AnimsForHands::NewEnumerator8' is in both '/Game/OtherUnrealStuff/Engine/VREditor/Tutorial/UMG/Specialized/AnimsForHands.AnimsForHands' and '/Engine/VREditor/Tutorial/UMG/Specialized/AnimsForHands.AnimsForHands'
[2016.10.03-12.02.36:845][742]LogEnum:Warning: Enum name collision: 'AnimsForHands::NewEnumerator7' is in both '/Game/OtherUnrealStuff/Engine/VREditor/Tutorial/UMG/Specialized/AnimsForHands.AnimsForHands' and '/Engine/VREditor/Tutorial/UMG/Specialized/AnimsForHands.AnimsForHands'
[2016.10.03-12.02.36:845][742]LogEnum:Warning: Enum name collision: 'AnimsForHands::AnimsForHands_MAX' is in both '/Game/OtherUnrealStuff/Engine/VREditor/Tutorial/UMG/Specialized/AnimsForHands.AnimsForHands' and '/Engine/VREditor/Tutorial/UMG/Specialized/AnimsForHands.AnimsForHands'
[2016.10.03-12.02.36:845][742]LogEnum:Warning: Enum name collision: 'AnimsForHands::NewEnumerator0' is in both '/Game/OtherUnrealStuff/Engine/VREditor/Tutorial/UMG/Specialized/AnimsForHands.AnimsForHands' and '/Engine/VREditor/Tutorial/UMG/Specialized/AnimsForHands.AnimsForHands'
[2016.10.03-12.02.36:845][742]LogEnum:Warning: Enum name collision: 'AnimsForHands::NewEnumerator1' is in both '/Game/OtherUnrealStuff/Engine/VREditor/Tutorial/UMG/Specialized/AnimsForHands.AnimsForHands' and '/Engine/VREditor/Tutorial/UMG/Specialized/AnimsForHands.AnimsForHands'
[2016.10.03-12.02.36:845][742]LogEnum:Warning: Enum name collision: 'AnimsForHands::NewEnumerator2' is in both '/Game/OtherUnrealStuff/Engine/VREditor/Tutorial/UMG/Specialized/AnimsForHands.AnimsForHands' and '/Engine/VREditor/Tutorial/UMG/Specialized/AnimsForHands.AnimsForHands'
[2016.10.03-12.02.36:845][742]LogEnum:Warning: Enum name collision: 'AnimsForHands::NewEnumerator3' is in both '/Game/OtherUnrealStuff/Engine/VREditor/Tutorial/UMG/Specialized/AnimsForHands.AnimsForHands' and '/Engine/VREditor/Tutorial/UMG/Specialized/AnimsForHands.AnimsForHands'
[2016.10.03-12.02.36:845][742]LogEnum:Warning: Enum name collision: 'AnimsForHands::NewEnumerator4' is in both '/Game/OtherUnrealStuff/Engine/VREditor/Tutorial/UMG/Specialized/AnimsForHands.AnimsForHands' and '/Engine/VREditor/Tutorial/UMG/Specialized/AnimsForHands.AnimsForHands'
[2016.10.03-12.02.36:845][742]LogEnum:Warning: Enum name collision: 'AnimsForHands::NewEnumerator5' is in both '/Game/OtherUnrealStuff/Engine/VREditor/Tutorial/UMG/Specialized/AnimsForHands.AnimsForHands' and '/Engine/VREditor/Tutorial/UMG/Specialized/AnimsForHands.AnimsForHands'
[2016.10.03-12.02.36:845][742]LogEnum:Warning: Enum name collision: 'AnimsForHands::NewEnumerator6' is in both '/Game/OtherUnrealStuff/Engine/VREditor/Tutorial/UMG/Specialized/AnimsForHands.AnimsForHands' and '/Engine/VREditor/Tutorial/UMG/Specialized/AnimsForHands.AnimsForHands'
[2016.10.03-12.02.36:845][742]LogEnum:Warning: Enum name collision: 'AnimsForHands::NewEnumerator8' is in both '/Game/OtherUnrealStuff/Engine/VREditor/Tutorial/UMG/Specialized/AnimsForHands.AnimsForHands' and '/Engine/VREditor/Tutorial/UMG/Specialized/AnimsForHands.AnimsForHands'
[2016.10.03-12.02.36:845][742]LogEnum:Warning: Enum name collision: 'AnimsForHands::NewEnumerator7' is in both '/Game/OtherUnrealStuff/Engine/VREditor/Tutorial/UMG/Specialized/AnimsForHands.AnimsForHands' and '/Engine/VREditor/Tutorial/UMG/Specialized/AnimsForHands.AnimsForHands'
[2016.10.03-12.02.36:852][742]LogContentBrowser: Native class hierarchy updated for 'BlueprintGraph' in 0.0006 seconds. Added 111 classes and 0 folders.
[2016.10.03-12.03.10:975][656]LogBlueprintUserMessages: Early PlayInEditor Detection: Level '/Game/ThirdPersonBP/Maps/ThirdPersonExampleMap.ThirdPersonExampleMap:PersistentLevel' has LevelScriptBlueprint '/Game/ThirdPersonBP/Maps/ThirdPersonExampleMap.ThirdPersonExampleMap:PersistentLevel.ThirdPersonExampleMap' with GeneratedClass '/Game/ThirdPersonBP/Maps/ThirdPersonExampleMap.ThirdPersonExampleMap_C' with ClassGeneratedBy '/Game/ThirdPersonBP/Maps/ThirdPersonExampleMap.ThirdPersonExampleMap:PersistentLevel.ThirdPersonExampleMap'
[2016.10.03-12.03.10:975][656]BlueprintLog: New page: Pre-Play auto-recompile
[2016.10.03-12.03.10:976][656]LogPlayLevel: [PlayLevel] Compiling ThirdPersonExampleMap before play...
[2016.10.03-12.03.11:139][656]LogBlueprint:Error: Compiler Error This blueprint (self) is not a SceneComponent, therefore ' Target ' must have a connection.
[2016.10.03-12.03.11:291][656]LogBlueprint:Warning: Compiler Warning [0050.06] Compile of PersistentLevel.ThirdPersonExampleMap failed. 1 Fatal Issue(s) 0 Warning(s) [in 312 ms] (/Game/ThirdPersonBP/Maps/ThirdPersonExampleMap.ThirdPersonExampleMap:PersistentLevel.ThirdPersonExampleMap)
[2016.10.03-12.03.11:292][656]LogBlueprint:Warning: Compiler Warning [0050.06] Compile of PersistentLevel.ThirdPersonExampleMap failed. 1 Fatal Issue(s) 1 Warning(s) [in 0 ms] (/Game/ThirdPersonBP/Maps/ThirdPersonExampleMap.ThirdPersonExampleMap:PersistentLevel.ThirdPersonExampleMap)
[2016.10.03-12.03.11:293][656]LogBlueprint:Warning: Compiler Warning [0050.06] Compile of PersistentLevel.ThirdPersonExampleMap failed. 1 Fatal Issue(s) 2 Warning(s) [in 0 ms] (/Game/ThirdPersonBP/Maps/ThirdPersonExampleMap