Log file open, 10/10/16 08:04:36
LogInit:Display: Running engine without a game
LogPlatformFile: Not using cached read wrapper
LogInit:Display: Loading recent project file: ../../../../../../Users/anpaint19/Google Drive/SchoolRunner 4.12/SchoolRunner.uproject
LogInit:Display: RandInit(466654438) SRandInit(466654439).
LogTaskGraph: Started task graph with 4 named threads and 7 total threads with 1 sets of task threads.
LogStats: Stats thread started at 0.297942
LogInit: Version: 4.12.5-3039270+++UE4+Release-4.12
LogInit: API Version: 2992821
LogInit: Net Version: 3039270
LogDevObjectVersion: Number of dev versions registered: 13
LogDevObjectVersion:   Dev-Blueprints (B0D832E4-1F89-4F0D-ACCF-7EB736FD4AA2): 3
LogDevObjectVersion:   Dev-Build (E1C64328-A22C-4D53-A36C-8E866417BD8C): 0
LogDevObjectVersion:   Dev-Core (375EC13C-06E4-48FB-B500-84F0262A717E): 1
LogDevObjectVersion:   Dev-Editor (E4B068ED-F494-42E9-A231-DA0B2E46BB41): 2
LogDevObjectVersion:   Dev-Framework (CFFC743F-43B0-4480-9391-14DF171D2073): 6
LogDevObjectVersion:   Dev-Mobile (B02B49B5-BB20-44E9-A304-32B752E40360): 0
LogDevObjectVersion:   Dev-Networking (A4E4105C-59A1-49B5-A7C5-40C4547EDFEE): 0
LogDevObjectVersion:   Dev-Online (39C831C9-5AE6-47DC-9A44-9C173E1C8E7C): 0
LogDevObjectVersion:   Dev-Physics (78F01B33-EBEA-4F98-B9B4-84EACCB95AA2): 0
LogDevObjectVersion:   Dev-Platform (6631380F-2D4D-43E0-8009-CF276956A95A): 0
LogDevObjectVersion:   Dev-Rendering (12F88B9F-8875-4AFC-A67C-D90C383ABD29): 2
LogDevObjectVersion:   Dev-Sequencer (7B5AE74C-D270-4C10-A958-57980B212A5A): 0
LogDevObjectVersion:   Dev-VR (D7296918-1DD6-4BDD-9DE2-64A83CC13884): 0
LogInit: Compiled (64-bit): Jul  6 2016 09:09:46
LogInit: Compiled with Visual C++: 19.00.23026.00
LogInit: Build Configuration: Development
LogInit: Branch Name: ++UE4+Release-4.12
LogInit: Command line: 
LogInit: Base directory: C:/Program Files (x86)/Epic Games/4.12/Engine/Binaries/Win64/
LogInit: Installed Engine Build: 1
LogInit: Using libcurl 7.41.0
LogInit:  - built for x86_64-pc-win32
LogInit:  - supports SSL with WinSSL
LogInit:  - other features:
LogInit:      CURL_VERSION_SSL
LogInit:      CURL_VERSION_IPV6
LogInit:      CURL_VERSION_ASYNCHDNS
LogInit:      CURL_VERSION_LARGEFILE
LogInit:      CURL_VERSION_IDN
LogInit:  CurlRequestOptions (configurable via config and command line):
LogInit:  - bVerifyPeer = true  - Libcurl will verify peer certificate
LogInit:  - bUseHttpProxy = false  - Libcurl will NOT use HTTP proxy
LogInit:  - bDontReuseConnections = false  - Libcurl will reuse connections
LogInit:  - CertBundlePath = nullptr  - Libcurl will use whatever was configured at build time.
LogInit: Presizing for max 8388607 objects, including 0 objects not considered by GC, pre-allocating 0 bytes for permanent pool.
LogInit: Object subsystem initialized
[2016.10.10-12.04.36:458][  0]LogInit: Selected Device Profile: [Windows]
[2016.10.10-12.04.36:458][  0]LogInit: Applying CVar settings loaded from the selected device profile: [Windows]
[2016.10.10-12.04.36:469][  0]LogInit: Computer: 2016-KISER-06
[2016.10.10-12.04.36:470][  0]LogInit: User: anpaint19
[2016.10.10-12.04.36:470][  0]LogInit: CPU Page size=65536, Cores=4
[2016.10.10-12.04.36:470][  0]LogInit: High frequency timer resolution =3.328232 MHz
[2016.10.10-12.04.36:470][  0]LogMemory: Memory total: Physical=15.9GB (16GB approx)
[2016.10.10-12.04.36:470][  0]LogMemory: Platform Memory Stats for Windows
[2016.10.10-12.04.36:470][  0]LogMemory: Process Physical Memory: 191.62 MB used, 191.62 MB peak
[2016.10.10-12.04.36:470][  0]LogMemory: Process Virtual Memory: 196.95 MB used, 196.95 MB peak
[2016.10.10-12.04.36:470][  0]LogMemory: Physical Memory: 2364.26 MB used, 16304.60 MB total
[2016.10.10-12.04.36:470][  0]LogMemory: Virtual Memory: 522.00 MB used, 8388608.00 MB total
[2016.10.10-12.04.36:542][  0]LogTextLocalizationManager: No specific translations for ('en-US') exist, so ('en') translations will be used.
[2016.10.10-12.04.36:853][  0]LogD3D11RHI: D3D11 adapters:
[2016.10.10-12.04.36:868][  0]LogD3D11RHI:    0. 'NVIDIA Quadro K2200 ' (Feature Level 11_0)
[2016.10.10-12.04.36:868][  0]LogD3D11RHI:       4034/0/7896 MB DedicatedVideo/DedicatedSystem/SharedSystem, Outputs:2, VendorId:0x10de
[2016.10.10-12.04.36:868][  0]LogD3D11RHI: Chosen D3D11 Adapter: 0
[2016.10.10-12.04.36:871][  0]LogD3D11RHI: Creating new Direct3DDevice
[2016.10.10-12.04.36:871][  0]LogD3D11RHI:     GPU DeviceId: 0x13ba (for the marketing name, search the web for "GPU Device Id")
[2016.10.10-12.04.36:871][  0]LogWindows: EnumDisplayDevices:
[2016.10.10-12.04.36:871][  0]LogWindows:    0. 'NVIDIA Quadro K2200 ' (P:0 D:1)
[2016.10.10-12.04.36:871][  0]LogWindows:    1. 'NVIDIA Quadro K2200 ' (P:1 D:1)
[2016.10.10-12.04.36:871][  0]LogWindows:    2. 'NVIDIA Quadro K2200 ' (P:0 D:0)
[2016.10.10-12.04.36:871][  0]LogWindows:    3. 'NVIDIA Quadro K2200 ' (P:0 D:0)
[2016.10.10-12.04.36:871][  0]LogWindows:    4. 'RDPDD Chained DD' (P:0 D:0)
[2016.10.10-12.04.36:871][  0]LogWindows:    5. 'RDP Encoder Mirror Driver' (P:0 D:0)
[2016.10.10-12.04.36:872][  0]LogWindows:    6. 'RDP Reflector Display Driver' (P:0 D:0)
[2016.10.10-12.04.36:872][  0]LogWindows: DebugString: GetVideoDriverDetailsInvalid PrimaryIsNotTheChoosenAdapter GetVideoDriverDetailsInvalid PrimaryIsNotTheChoosenAdapter GetVideoDriverDetailsInvalid PrimaryIsNotTheChoosenAdapter FoundDriverCount:4 
[2016.10.10-12.04.36:872][  0]LogD3D11RHI:     Adapter Name: NVIDIA Quadro K2200 
[2016.10.10-12.04.36:872][  0]LogD3D11RHI:   Driver Version: 361.91 (internal:10.18.13.6191, unified:361.91)
[2016.10.10-12.04.36:872][  0]LogD3D11RHI:      Driver Date: 2-8-2016
[2016.10.10-12.04.36:872][  0]LogRHI: Texture pool is 1361 MB (70% of 1945 MB)
[2016.10.10-12.04.36:878][  0]LogD3D11RHI: Async texture creation enabled
[2016.10.10-12.04.36:900][  0]LogD3D11RHI: GPU Timing Frequency: 1000.000000 (Debug: 2 2)
[2016.10.10-12.04.36:902][  0]LogShaderCompilers: Guid format shader working directory is -15 characters bigger than the processId version (../../../../../../Users/anpaint19/Google Drive/SchoolRunner 4.12/Intermediate/Shaders/WorkingDirectory/2080/).
[2016.10.10-12.04.36:902][  0]LogShaderCompilers: Cleaned the shader compiler working directory 'C:/Users/ANPAIN~1/AppData/Local/Temp/UnrealShaderWorkingDir/FF3F097144A97ABEBFF683A0FF708141/'.
[2016.10.10-12.04.36:903][  0]LogShaderCompilers:Display: Using Local Shader Compiler.
[2016.10.10-12.04.38:712][  0]LogTemp:Display: Loaded TP AllDesktopTargetPlatform
[2016.10.10-12.04.38:721][  0]LogTemp:Display: Loaded TP WindowsClientTargetPlatform
[2016.10.10-12.04.38:730][  0]LogTemp:Display: Loaded TP WindowsNoEditorTargetPlatform
[2016.10.10-12.04.38:739][  0]LogTemp:Display: Loaded TP WindowsServerTargetPlatform
[2016.10.10-12.04.38:749][  0]LogTemp:Display: Loaded TP WindowsTargetPlatform
[2016.10.10-12.04.38:758][  0]LogTemp:Display: Loaded TP AndroidTargetPlatform
[2016.10.10-12.04.38:766][  0]LogTemp:Display: Loaded TP Android_ASTCTargetPlatform
[2016.10.10-12.04.38:774][  0]LogTemp:Display: Loaded TP Android_ATCTargetPlatform
[2016.10.10-12.04.38:783][  0]LogTemp:Display: Loaded TP Android_DXTTargetPlatform
[2016.10.10-12.04.38:791][  0]LogTemp:Display: Loaded TP Android_ETC1TargetPlatform
[2016.10.10-12.04.38:799][  0]LogTemp:Display: Loaded TP Android_ETC2TargetPlatform
[2016.10.10-12.04.38:813][  0]LogTemp:Display: Loaded TP Android_MultiTargetPlatform
[2016.10.10-12.04.38:813][  0]LogTemp:Display: Loaded TP Android_PVRTCTargetPlatform
[2016.10.10-12.04.38:814][  0]LogTemp:Display: Loaded TP HTML5TargetPlatform
[2016.10.10-12.04.38:837][  0]LogTemp:Display: Loaded TP IOSTargetPlatform
[2016.10.10-12.04.38:843][  0]LogTemp:Display: Loaded TP TVOSTargetPlatform
[2016.10.10-12.04.38:850][  0]LogTemp:Display: Loaded TP LinuxNoEditorTargetPlatform
[2016.10.10-12.04.38:857][  0]LogTemp:Display: Loaded TP LinuxServerTargetPlatform
[2016.10.10-12.04.38:864][  0]LogTemp:Display: Loaded TP LinuxTargetPlatform
[2016.10.10-12.04.38:864][  0]LogTargetPlatformManager:Display: Building Assets For Windows
[2016.10.10-12.04.38:956][  0]LogDerivedDataCache:Display: Max Cache Size: 512 MB
[2016.10.10-12.04.39:041][  0]LogDerivedDataCache: Loaded boot cache 0.08s 48MB C:/Users/anpaint19/AppData/Local/UnrealEngine/4.12/DerivedDataCache/Boot.ddc.
[2016.10.10-12.04.39:041][  0]LogDerivedDataCache:Display: Loaded Boot cache: C:/Users/anpaint19/AppData/Local/UnrealEngine/4.12/DerivedDataCache/Boot.ddc
[2016.10.10-12.04.39:041][  0]LogDerivedDataCache: FDerivedDataBackendGraph:  Pak pak cache file ../../../../../../Users/anpaint19/Google Drive/SchoolRunner 4.12/DerivedDataCache/DDC.ddp not found, will not use a pak cache.
[2016.10.10-12.04.39:041][  0]LogDerivedDataCache: Unable to find inner node Pak for hierarchical cache Hierarchy.
[2016.10.10-12.04.39:041][  0]LogDerivedDataCache: FDerivedDataBackendGraph:  CompressedPak pak cache file ../../../../../../Users/anpaint19/Google Drive/SchoolRunner 4.12/DerivedDataCache/Compressed.ddp not found, will not use a pak cache.
[2016.10.10-12.04.39:041][  0]LogDerivedDataCache: Unable to find inner node CompressedPak for hierarchical cache Hierarchy.
[2016.10.10-12.04.39:057][  0]LogDerivedDataCache:Display: Pak cache opened for reading ../../../Engine/DerivedDataCache/Compressed.ddp.
[2016.10.10-12.04.39:068][  0]LogDerivedDataCache: Using Local data cache path C:/Users/anpaint19/AppData/Local/UnrealEngine/Common/DerivedDataCache: Writable
[2016.10.10-12.04.39:479][  0]LogInit: Selected Device Profile: [Windows]
[2016.10.10-12.04.39:481][  0]LogContentStreaming: Texture pool size is 0.00 MB
[2016.10.10-12.04.39:653][  0]LogMeshUtilities: No automatic mesh reduction module available
[2016.10.10-12.04.39:653][  0]LogMeshUtilities: No automatic mesh merging module available
[2016.10.10-12.04.39:653][  0]LogMeshUtilities: No distributed automatic mesh merging module available
[2016.10.10-12.04.39:941][  0]LogAssetRegistry: FAssetRegistry took 0.0233 seconds to start up
[2016.10.10-12.04.39:963][  0]LogPackageLocalizationCache: Processed 3 localized package path(s) for 2 prioritized culture(s) in 0.019276 seconds
[2016.10.10-12.04.39:969][  0]LogUObjectArray: 28741 objects as part of root set at end of initial load.
[2016.10.10-12.04.39:969][  0]LogUObjectAllocator: 5855912 out of 0 bytes used by permanent object pool.
[2016.10.10-12.04.39:969][  0]LogUObjectArray: CloseDisregardForGC: 0/0 objects in disregard for GC pool
[2016.10.10-12.04.39:976][  0]LogInit: WinSock: version 1.1 (2.2), MaxSocks=32767, MaxUdp=65467
[2016.10.10-12.04.40:235][  0]LogSlate: SlateFontCache - WITH_FREETYPE: 1, WITH_HARFBUZZ: 1
[2016.10.10-12.04.40:235][  0]LogSlate: SlateFontCache - WITH_FREETYPE: 1, WITH_HARFBUZZ: 1
[2016.10.10-12.04.41:215][  0]LogUdpMessaging: Initializing bridge on interface 0.0.0.0:0 to multicast group 230.0.0.1:6666.
[2016.10.10-12.04.41:631][  0]SourceControl: Info Source control is disabled
[2016.10.10-12.04.41:632][  0]SourceControl: Info Source control is disabled
[2016.10.10-12.04.41:646][  0]SourceControl: Info Source control is disabled
[2016.10.10-12.04.41:655][  0]SourceControl: Info Source control is disabled
[2016.10.10-12.04.41:845][  0]LogEngine: Initializing Engine...
[2016.10.10-12.04.41:847][  0]LogHMD: SteamVR failed to initialize.  Err: 110
[2016.10.10-12.04.41:847][  0]LogHMD: SteamVR failed to initialize.  Err: 110
[2016.10.10-12.04.41:973][  0]LogAIModule: Creating AISystem for world NewWorld
[2016.10.10-12.04.41:981][  0]LogInit: XAudio2 using 'Speakers (Realtek High Definition Audio)' : 2 channels at 48 kHz using 32 bits per sample (channel mask 0x3)
[2016.10.10-12.04.41:999][  0]LogInit: FAudioDevice initialized.
[2016.10.10-12.04.42:018][  0]LogDerivedDataCache: Saved boot cache 0.02s 48MB C:/Users/anpaint19/AppData/Local/UnrealEngine/4.12/DerivedDataCache/Boot.ddc.
[2016.10.10-12.04.42:022][  0]LogInit: Texture streaming: Enabled
[2016.10.10-12.04.42:060][  0]LogInit: Transaction tracking system initialized
[2016.10.10-12.04.42:095][  0]BlueprintLog: New page: Editor Load
[2016.10.10-12.04.42:241][  0]LocalizationService: Info Localization service is disabled
[2016.10.10-12.04.42:328][  0]LogConsoleResponse:Display: 
[2016.10.10-12.04.42:444][  0]LogCook:Display: Max memory allowance for cook 8192mb
[2016.10.10-12.04.42:444][  0]LogCook:Display: Mobile HDR setting 1
[2016.10.10-12.04.42:576][  0]LogFileCache: Scanning file cache for directory 'C:/Users/anpaint19/Google Drive/SchoolRunner 4.12/Content/' took 0.03s
[2016.10.10-12.04.42:576][  0]SourceControl: Info Source control is disabled
[2016.10.10-12.04.42:581][  0]Cmd: MAP LOAD FILE="../../../../../../Users/anpaint19/Google Drive/SchoolRunner 4.12/Content/ThirdPersonBP/Maps/ThirdPersonExampleMap.umap" TEMPLATE=0 SHOWPROGRESS=1 FEATURELEVEL=3
[2016.10.10-12.04.42:582][  0]LogEditorServer:Warning: Can't find file '../../../../../../Users/anpaint19/Google Drive/SchoolRunner 4.12/Content/ThirdPersonBP/Maps/ThirdPersonExampleMap.umap'
[2016.10.10-12.04.42:582][  0]Cmd: MAP CHECKDEP NOCLEARLOG
[2016.10.10-12.04.42:613][  0]MapCheck: Info Map check complete: 0 Error(s), 0 Warning(s), took 30.739ms to complete.
[2016.10.10-12.04.42:613][  0]LogFileHelpers: Loading map 'ThirdPersonExampleMap' took 0.032
[2016.10.10-12.04.42:726][  0]LogCollectionManager: Loaded 0 collections in 0.002259 seconds
[2016.10.10-12.04.42:771][  0]LogFileCache: Scanning file cache for directory 'C:/Users/anpaint19/Google Drive/SchoolRunner 4.12/Saved/Collections/' took 0.01s
[2016.10.10-12.04.42:771][  0]LogFileCache: Scanning file cache for directory 'C:/Users/anpaint19/Google Drive/SchoolRunner 4.12/Content/Developers/anpaint19/Collections/' took 0.01s
[2016.10.10-12.04.42:771][  0]LogFileCache: Scanning file cache for directory 'C:/Users/anpaint19/Google Drive/SchoolRunner 4.12/Content/Collections/' took 0.01s
[2016.10.10-12.04.42:771][  0]LogCollectionManager: Rebuilt the GUID cache for 0 collections in 0.000002 seconds
[2016.10.10-12.04.42:779][  0]LogContentBrowser: Native class hierarchy populated in 0.0068 seconds. Added 2047 classes and 369 folders.
[2016.10.10-12.04.42:785][  0]LogStats: UGameplayTagsManager::ConstructGameplayTagTree: Construct from data asset -  0.000 s
[2016.10.10-12.04.42:785][  0]LogStats: UGameplayTagsManager::ConstructGameplayTagTree: GameplayTagTreeChangedEvent.Broadcast -  0.000 s
[2016.10.10-12.04.42:786][  0]LogContentBrowser: Native class hierarchy updated for 'GameplayTags' in 0.0003 seconds. Added 12 classes and 0 folders.
[2016.10.10-12.04.42:791][  0]LogContentBrowser: Native class hierarchy updated for 'WidgetCarousel' in 0.0003 seconds. Added 0 classes and 0 folders.
[2016.10.10-12.04.42:854][  0]LogContentBrowser: Native class hierarchy updated for 'AddContentDialog' in 0.0003 seconds. Added 0 classes and 0 folders.
[2016.10.10-12.04.42:906][  0]LogContentBrowser: Native class hierarchy updated for 'SceneOutliner' in 0.0003 seconds. Added 1 classes and 2 folders.
[2016.10.10-12.04.42:944][  0]LogCrashTracker: Crashtracker disabled due to settings.
[2016.10.10-12.04.42:953][  0]LogUObjectGlobals:Warning: Failed to find object 'Class None.'
[2016.10.10-12.04.42:980][  0]LogContentBrowser: Native class hierarchy updated for 'HierarchicalLODOutliner' in 0.0003 seconds. Added 1 classes and 2 folders.
[2016.10.10-12.04.42:981][  0]LogLoad: Full Startup: 7.61 seconds (BP compile: 0.02 seconds)
[2016.10.10-12.04.42:981][  0]LogExternalProfiler: No external profilers were discovered.  External profiling features will not be available.
[2016.10.10-12.04.42:990][  0]LogOcInput: OculusInput pre-init called
[2016.10.10-12.04.43:009][  0]LogContentStreaming: Texture pool size now 700 MB
[2016.10.10-12.04.43:158][  0]LogRenderer: Reallocating scene render targets to support 760x868 (Frame:2).
[2016.10.10-12.04.43:352][  2]LogAssetRegistry: Asset discovery search completed in 3.4422 seconds
[2016.10.10-12.04.43:352][  2]LogCollectionManager: Rebuilt the object cache for 0 collections in 0.000000 seconds (found 0 objects)
[2016.10.10-12.04.43:352][  2]LogCollectionManager: Fixed up redirectors for 0 collections in 0.000145 seconds (updated 0 objects)
[2016.10.10-12.04.46:954][313]LogEnum:Warning: Enum name collision: 'EIntTypes::NewEnumerator4' is in both '/Game/OtherUnrealStuff/Engine/ArtTools/RenderToTexture/Enums/EIntTypes.EIntTypes' and '/Engine/ArtTools/RenderToTexture/Enums/EIntTypes.EIntTypes'
[2016.10.10-12.04.46:954][313]LogEnum:Warning: Enum name collision: 'EIntTypes::NewEnumerator5' is in both '/Game/OtherUnrealStuff/Engine/ArtTools/RenderToTexture/Enums/EIntTypes.EIntTypes' and '/Engine/ArtTools/RenderToTexture/Enums/EIntTypes.EIntTypes'
[2016.10.10-12.04.46:954][313]LogEnum:Warning: Enum name collision: 'EIntTypes::NewEnumerator6' is in both '/Game/OtherUnrealStuff/Engine/ArtTools/RenderToTexture/Enums/EIntTypes.EIntTypes' and '/Engine/ArtTools/RenderToTexture/Enums/EIntTypes.EIntTypes'
[2016.10.10-12.04.46:954][313]LogEnum:Warning: Enum name collision: 'EIntTypes::NewEnumerator7' is in both '/Game/OtherUnrealStuff/Engine/ArtTools/RenderToTexture/Enums/EIntTypes.EIntTypes' and '/Engine/ArtTools/RenderToTexture/Enums/EIntTypes.EIntTypes'
[2016.10.10-12.04.46:954][313]LogEnum:Warning: Enum name collision: 'EIntTypes::EIntTypes_MAX' is in both '/Game/OtherUnrealStuff/Engine/ArtTools/RenderToTexture/Enums/EIntTypes.EIntTypes' and '/Engine/ArtTools/RenderToTexture/Enums/EIntTypes.EIntTypes'
[2016.10.10-12.04.47:018][313]LogEnum:Warning: Enum name collision: 'EIntTypes::NewEnumerator4' is in both '/Game/OtherUnrealStuff/Engine/ArtTools/RenderToTexture/Enums/EIntTypes.EIntTypes' and '/Engine/ArtTools/RenderToTexture/Enums/EIntTypes.EIntTypes'
[2016.10.10-12.04.47:018][313]LogEnum:Warning: Enum name collision: 'EIntTypes::NewEnumerator5' is in both '/Game/OtherUnrealStuff/Engine/ArtTools/RenderToTexture/Enums/EIntTypes.EIntTypes' and '/Engine/ArtTools/RenderToTexture/Enums/EIntTypes.EIntTypes'
[2016.10.10-12.04.47:018][313]LogEnum:Warning: Enum name collision: 'EIntTypes::NewEnumerator6' is in both '/Game/OtherUnrealStuff/Engine/ArtTools/RenderToTexture/Enums/EIntTypes.EIntTypes' and '/Engine/ArtTools/RenderToTexture/Enums/EIntTypes.EIntTypes'
[2016.10.10-12.04.47:018][313]LogEnum:Warning: Enum name collision: 'EIntTypes::NewEnumerator7' is in both '/Game/OtherUnrealStuff/Engine/ArtTools/RenderToTexture/Enums/EIntTypes.EIntTypes' and '/Engine/ArtTools/RenderToTexture/Enums/EIntTypes.EIntTypes'
[2016.10.10-12.04.47:119][313]LogEnum:Warning: Enum name collision: 'EFloatTypes::NewEnumerator0' is in both '/Game/OtherUnrealStuff/Engine/ArtTools/RenderToTexture/Enums/EFloatTypes.EFloatTypes' and '/Engine/ArtTools/RenderToTexture/Enums/EFloatTypes.EFloatTypes'
[2016.10.10-12.04.47:119][313]LogEnum:Warning: Enum name collision: 'EFloatTypes::NewEnumerator1' is in both '/Game/OtherUnrealStuff/Engine/ArtTools/RenderToTexture/Enums/EFloatTypes.EFloatTypes' and '/Engine/ArtTools/RenderToTexture/Enums/EFloatTypes.EFloatTypes'
[2016.10.10-12.04.47:119][313]LogEnum:Warning: Enum name collision: 'EFloatTypes::NewEnumerator2' is in both '/Game/OtherUnrealStuff/Engine/ArtTools/RenderToTexture/Enums/EFloatTypes.EFloatTypes' and '/Engine/ArtTools/RenderToTexture/Enums/EFloatTypes.EFloatTypes'
[2016.10.10-12.04.47:119][313]LogEnum:Warning: Enum name collision: 'EFloatTypes::NewEnumerator3' is in both '/Game/OtherUnrealStuff/Engine/ArtTools/RenderToTexture/Enums/EFloatTypes.EFloatTypes' and '/Engine/ArtTools/RenderToTexture/Enums/EFloatTypes.EFloatTypes'
[2016.10.10-12.04.47:119][313]LogEnum:Warning: Enum name collision: 'EFloatTypes::EFloatTypes_MAX' is in both '/Game/OtherUnrealStuff/Engine/ArtTools/RenderToTexture/Enums/EFloatTypes.EFloatTypes' and '/Engine/ArtTools/RenderToTexture/Enums/EFloatTypes.EFloatTypes'
[2016.10.10-12.04.47:137][313]LogEnum:Warning: Enum name collision: 'EFloatTypes::NewEnumerator0' is in both '/Game/OtherUnrealStuff/Engine/ArtTools/RenderToTexture/Enums/EFloatTypes.EFloatTypes' and '/Engine/ArtTools/RenderToTexture/Enums/EFloatTypes.EFloatTypes'
[2016.10.10-12.04.47:138][313]LogEnum:Warning: Enum name collision: 'EFloatTypes::NewEnumerator1' is in both '/Game/OtherUnrealStuff/Engine/ArtTools/RenderToTexture/Enums/EFloatTypes.EFloatTypes' and '/Engine/ArtTools/RenderToTexture/Enums/EFloatTypes.EFloatTypes'
[2016.10.10-12.04.47:138][313]LogEnum:Warning: Enum name collision: 'EFloatTypes::NewEnumerator2' is in both '/Game/OtherUnrealStuff/Engine/ArtTools/RenderToTexture/Enums/EFloatTypes.EFloatTypes' and '/Engine/ArtTools/RenderToTexture/Enums/EFloatTypes.EFloatTypes'
[2016.10.10-12.04.47:138][313]LogEnum:Warning: Enum name collision: 'EFloatTypes::NewEnumerator3' is in both '/Game/OtherUnrealStuff/Engine/ArtTools/RenderToTexture/Enums/EFloatTypes.EFloatTypes' and '/Engine/ArtTools/RenderToTexture/Enums/EFloatTypes.EFloatTypes'
[2016.10.10-12.04.47:191][313]LogEnum:Warning: Enum name collision: 'RenderToTexture_Enum::NewEnumerator10' is in both '/Game/OtherUnrealStuff/Engine/ArtTools/RenderToTexture/Enums/RenderToTexture_Enum.RenderToTexture_Enum' and '/Engine/ArtTools/RenderToTexture/Enums/RenderToTexture_Enum.RenderToTexture_Enum'
[2016.10.10-12.04.47:191][313]LogEnum:Warning: Enum name collision: 'RenderToTexture_Enum::NewEnumerator0' is in both '/Game/OtherUnrealStuff/Engine/ArtTools/RenderToTexture/Enums/RenderToTexture_Enum.RenderToTexture_Enum' and '/Engine/ArtTools/RenderToTexture/Enums/RenderToTexture_Enum.RenderToTexture_Enum'
[2016.10.10-12.04.47:191][313]LogEnum:Warning: Enum name collision: 'RenderToTexture_Enum::NewEnumerator5' is in both '/Game/OtherUnrealStuff/Engine/ArtTools/RenderToTexture/Enums/RenderToTexture_Enum.RenderToTexture_Enum' and '/Engine/ArtTools/RenderToTexture/Enums/RenderToTexture_Enum.RenderToTexture_Enum'
[2016.10.10-12.04.47:191][313]LogEnum:Warning: Enum name collision: 'RenderToTexture_Enum::NewEnumerator2' is in both '/Game/OtherUnrealStuff/Engine/ArtTools/RenderToTexture/Enums/RenderToTexture_Enum.RenderToTexture_Enum' and '/Engine/ArtTools/RenderToTexture/Enums/RenderToTexture_Enum.RenderToTexture_Enum'
[2016.10.10-12.04.47:191][313]LogEnum:Warning: Enum name collision: 'RenderToTexture_Enum::NewEnumerator3' is in both '/Game/OtherUnrealStuff/Engine/ArtTools/RenderToTexture/Enums/RenderToTexture_Enum.RenderToTexture_Enum' and '/Engine/ArtTools/RenderToTexture/Enums/RenderToTexture_Enum.RenderToTexture_Enum'
[2016.10.10-12.04.47:191][313]LogEnum:Warning: Enum name collision: 'RenderToTexture_Enum::NewEnumerator4' is in both '/Game/OtherUnrealStuff/Engine/ArtTools/RenderToTexture/Enums/RenderToTexture_Enum.RenderToTexture_Enum' and '/Engine/ArtTools/RenderToTexture/Enums/RenderToTexture_Enum.RenderToTexture_Enum'
[2016.10.10-12.04.47:191][313]LogEnum:Warning: Enum name collision: 'RenderToTexture_Enum::NewEnumerator6' is in both '/Game/OtherUnrealStuff/Engine/ArtTools/RenderToTexture/Enums/RenderToTexture_Enum.RenderToTexture_Enum' and '/Engine/ArtTools/RenderToTexture/Enums/RenderToTexture_Enum.RenderToTexture_Enum'
[2016.10.10-12.04.47:191][313]LogEnum:Warning: Enum name collision: 'RenderToTexture_Enum::NewEnumerator8' is in both '/Game/OtherUnrealStuff/Engine/ArtTools/RenderToTexture/Enums/RenderToTexture_Enum.RenderToTexture_Enum' and '/Engine/ArtTools/RenderToTexture/Enums/RenderToTexture_Enum.RenderToTexture_Enum'
[2016.10.10-12.04.47:191][313]LogEnum:Warning: Enum name collision: 'RenderToTexture_Enum::NewEnumerator9' is in both '/Game/OtherUnrealStuff/Engine/ArtTools/RenderToTexture/Enums/RenderToTexture_Enum.RenderToTexture_Enum' and '/Engine/ArtTools/RenderToTexture/Enums/RenderToTexture_Enum.RenderToTexture_Enum'
[2016.10.10-12.04.47:191][313]LogEnum:Warning: Enum name collision: 'RenderToTexture_Enum::RenderToTexture_MAX' is in both '/Game/OtherUnrealStuff/Engine/ArtTools/RenderToTexture/Enums/RenderToTexture_Enum.RenderToTexture_Enum' and '/Engine/ArtTools/RenderToTexture/Enums/RenderToTexture_Enum.RenderToTexture_Enum'
[2016.10.10-12.04.47:191][313]LogEnum:Warning: Enum name collision: 'RenderToTexture_Enum::NewEnumerator10' is in both '/Game/OtherUnrealStuff/Engine/ArtTools/RenderToTexture/Enums/RenderToTexture_Enum.RenderToTexture_Enum' and '/Engine/ArtTools/RenderToTexture/Enums/RenderToTexture_Enum.RenderToTexture_Enum'
[2016.10.10-12.04.47:191][313]LogEnum:Warning: Enum name collision: 'RenderToTexture_Enum::NewEnumerator0' is in both '/Game/OtherUnrealStuff/Engine/ArtTools/RenderToTexture/Enums/RenderToTexture_Enum.RenderToTexture_Enum' and '/Engine/ArtTools/RenderToTexture/Enums/RenderToTexture_Enum.RenderToTexture_Enum'
[2016.10.10-12.04.47:191][313]LogEnum:Warning: Enum name collision: 'RenderToTexture_Enum::NewEnumerator5' is in both '/Game/OtherUnrealStuff/Engine/ArtTools/RenderToTexture/Enums/RenderToTexture_Enum.RenderToTexture_Enum' and '/Engine/ArtTools/RenderToTexture/Enums/RenderToTexture_Enum.RenderToTexture_Enum'
[2016.10.10-12.04.47:191][313]LogEnum:Warning: Enum name collision: 'RenderToTexture_Enum::NewEnumerator2' is in both '/Game/OtherUnrealStuff/Engine/ArtTools/RenderToTexture/Enums/RenderToTexture_Enum.RenderToTexture_Enum' and '/Engine/ArtTools/RenderToTexture/Enums/RenderToTexture_Enum.RenderToTexture_Enum'
[2016.10.10-12.04.47:191][313]LogEnum:Warning: Enum name collision: 'RenderToTexture_Enum::NewEnumerator3' is in both '/Game/OtherUnrealStuff/Engine/ArtTools/RenderToTexture/Enums/RenderToTexture_Enum.RenderToTexture_Enum' and '/Engine/ArtTools/RenderToTexture/Enums/RenderToTexture_Enum.RenderToTexture_Enum'
[2016.10.10-12.04.47:191][313]LogEnum:Warning: Enum name collision: 'RenderToTexture_Enum::NewEnumerator4' is in both '/Game/OtherUnrealStuff/Engine/ArtTools/RenderToTexture/Enums/RenderToTexture_Enum.RenderToTexture_Enum' and '/Engine/ArtTools/RenderToTexture/Enums/RenderToTexture_Enum.RenderToTexture_Enum'
[2016.10.10-12.04.47:191][313]LogEnum:Warning: Enum name collision: 'RenderToTexture_Enum::NewEnumerator6' is in both '/Game/OtherUnrealStuff/Engine/ArtTools/RenderToTexture/Enums/RenderToTexture_Enum.RenderToTexture_Enum' and '/Engine/ArtTools/RenderToTexture/Enums/RenderToTexture_Enum.RenderToTexture_Enum'
[2016.10.10-12.04.47:191][313]LogEnum:Warning: Enum name collision: 'RenderToTexture_Enum::NewEnumerator8' is in both '/Game/OtherUnrealStuff/Engine/ArtTools/RenderToTexture/Enums/RenderToTexture_Enum.RenderToTexture_Enum' and '/Engine/ArtTools/RenderToTexture/Enums/RenderToTexture_Enum.RenderToTexture_Enum'
[2016.10.10-12.04.47:191][313]LogEnum:Warning: Enum name collision: 'RenderToTexture_Enum::NewEnumerator9' is in both '/Game/OtherUnrealStuff/Engine/ArtTools/RenderToTexture/Enums/RenderToTexture_Enum.RenderToTexture_Enum' and '/Engine/ArtTools/RenderToTexture/Enums/RenderToTexture_Enum.RenderToTexture_Enum'
[2016.10.10-12.04.47:192][313]LogEnum:Warning: Enum name collision: 'RenderToTexture_Flipbook_Enum::NewEnumerator0' is in both '/Game/OtherUnrealStuff/Engine/ArtTools/RenderToTexture/Enums/RenderToTexture_Flipbook_Enum.RenderToTexture_Flipbook_Enum' and '/Engine/ArtTools/RenderToTexture/Enums/RenderToTexture_Flipbook_Enum.RenderToTexture_Flipbook_Enum'
[2016.10.10-12.04.47:192][313]LogEnum:Warning: Enum name collision: 'RenderToTexture_Flipbook_Enum::NewEnumerator1' is in both '/Game/OtherUnrealStuff/Engine/ArtTools/RenderToTexture/Enums/RenderToTexture_Flipbook_Enum.RenderToTexture_Flipbook_Enum' and '/Engine/ArtTools/RenderToTexture/Enums/RenderToTexture_Flipbook_Enum.RenderToTexture_Flipbook_Enum'
[2016.10.10-12.04.47:192][313]LogEnum:Warning: Enum name collision: 'RenderToTexture_Flipbook_Enum::NewEnumerator2' is in both '/Game/OtherUnrealStuff/Engine/ArtTools/RenderToTexture/Enums/RenderToTexture_Flipbook_Enum.RenderToTexture_Flipbook_Enum' and '/Engine/ArtTools/RenderToTexture/Enums/RenderToTexture_Flipbook_Enum.RenderToTexture_Flipbook_Enum'
[2016.10.10-12.04.47:192][313]LogEnum:Warning: Enum name collision: 'RenderToTexture_Flipbook_Enum::RenderToTexture_Flipbook_MAX' is in both '/Game/OtherUnrealStuff/Engine/ArtTools/RenderToTexture/Enums/RenderToTexture_Flipbook_Enum.RenderToTexture_Flipbook_Enum' and '/Engine/ArtTools/RenderToTexture/Enums/RenderToTexture_Flipbook_Enum.RenderToTexture_Flipbook_Enum'
[2016.10.10-12.04.47:192][313]LogEnum:Warning: Enum name collision: 'RenderToTexture_Flipbook_Enum::NewEnumerator0' is in both '/Game/OtherUnrealStuff/Engine/ArtTools/RenderToTexture/Enums/RenderToTexture_Flipbook_Enum.RenderToTexture_Flipbook_Enum' and '/Engine/ArtTools/RenderToTexture/Enums/RenderToTexture_Flipbook_Enum.RenderToTexture_Flipbook_Enum'
[2016.10.10-12.04.47:192][313]LogEnum:Warning: Enum name collision: 'RenderToTexture_Flipbook_Enum::NewEnumerator1' is in both '/Game/OtherUnrealStuff/Engine/ArtTools/RenderToTexture/Enums/RenderToTexture_Flipbook_Enum.RenderToTexture_Flipbook_Enum' and '/Engine/ArtTools/RenderToTexture/Enums/RenderToTexture_Flipbook_Enum.RenderToTexture_Flipbook_Enum'
[2016.10.10-12.04.47:192][313]LogEnum:Warning: Enum name collision: 'RenderToTexture_Flipbook_Enum::NewEnumerator2' is in both '/Game/OtherUnrealStuff/Engine/ArtTools/RenderToTexture/Enums/RenderToTexture_Flipbook_Enum.RenderToTexture_Flipbook_Enum' and '/Engine/ArtTools/RenderToTexture/Enums/RenderToTexture_Flipbook_Enum.RenderToTexture_Flipbook_Enum'
[2016.10.10-12.04.47:193][313]LogEnum:Warning: Enum name collision: 'RenderToTexture_Imposter_Enum::NewEnumerator0' is in both '/Game/OtherUnrealStuff/Engine/ArtTools/RenderToTexture/Enums/RenderToTexture_Imposter_Enum.RenderToTexture_Imposter_Enum' and '/Engine/ArtTools/RenderToTexture/Enums/RenderToTexture_Imposter_Enum.RenderToTexture_Imposter_Enum'
[2016.10.10-12.04.47:193][313]LogEnum:Warning: Enum name collision: 'RenderToTexture_Imposter_Enum::NewEnumerator1' is in both '/Game/OtherUnrealStuff/Engine/ArtTools/RenderToTexture/Enums/RenderToTexture_Imposter_Enum.RenderToTexture_Imposter_Enum' and '/Engine/ArtTools/RenderToTexture/Enums/RenderToTexture_Imposter_Enum.RenderToTexture_Imposter_Enum'
[2016.10.10-12.04.47:193][313]LogEnum:Warning: Enum name collision: 'RenderToTexture_Imposter_Enum::RenderToTexture_Imposter_MAX' is in both '/Game/OtherUnrealStuff/Engine/ArtTools/RenderToTexture/Enums/RenderToTexture_Imposter_Enum.RenderToTexture_Imposter_Enum' and '/Engine/ArtTools/RenderToTexture/Enums/RenderToTexture_Imposter_Enum.RenderToTexture_Imposter_Enum'
[2016.10.10-12.04.47:193][313]LogEnum:Warning: Enum name collision: 'RenderToTexture_Imposter_Enum::NewEnumerator0' is in both '/Game/OtherUnrealStuff/Engine/ArtTools/RenderToTexture/Enums/RenderToTexture_Imposter_Enum.RenderToTexture_Imposter_Enum' and '/Engine/ArtTools/RenderToTexture/Enums/RenderToTexture_Imposter_Enum.RenderToTexture_Imposter_Enum'
[2016.10.10-12.04.47:193][313]LogEnum:Warning: Enum name collision: 'RenderToTexture_Imposter_Enum::NewEnumerator1' is in both '/Game/OtherUnrealStuff/Engine/ArtTools/RenderToTexture/Enums/RenderToTexture_Imposter_Enum.RenderToTexture_Imposter_Enum' and '/Engine/ArtTools/RenderToTexture/Enums/RenderToTexture_Imposter_Enum.RenderToTexture_Imposter_Enum'
[2016.10.10-12.04.47:194][313]LogEnum:Warning: Enum name collision: 'AnimsForHands::NewEnumerator0' is in both '/Game/OtherUnrealStuff/Engine/VREditor/Tutorial/UMG/Specialized/AnimsForHands.AnimsForHands' and '/Engine/VREditor/Tutorial/UMG/Specialized/AnimsForHands.AnimsForHands'
[2016.10.10-12.04.47:194][313]LogEnum:Warning: Enum name collision: 'AnimsForHands::NewEnumerator1' is in both '/Game/OtherUnrealStuff/Engine/VREditor/Tutorial/UMG/Specialized/AnimsForHands.AnimsForHands' and '/Engine/VREditor/Tutorial/UMG/Specialized/AnimsForHands.AnimsForHands'
[2016.10.10-12.04.47:194][313]LogEnum:Warning: Enum name collision: 'AnimsForHands::NewEnumerator2' is in both '/Game/OtherUnrealStuff/Engine/VREditor/Tutorial/UMG/Specialized/AnimsForHands.AnimsForHands' and '/Engine/VREditor/Tutorial/UMG/Specialized/AnimsForHands.AnimsForHands'
[2016.10.10-12.04.47:194][313]LogEnum:Warning: Enum name collision: 'AnimsForHands::NewEnumerator3' is in both '/Game/OtherUnrealStuff/Engine/VREditor/Tutorial/UMG/Specialized/AnimsForHands.AnimsForHands' and '/Engine/VREditor/Tutorial/UMG/Specialized/AnimsForHands.AnimsForHands'
[2016.10.10-12.04.47:194][313]LogEnum:Warning: Enum name collision: 'AnimsForHands::NewEnumerator4' is in both '/Game/OtherUnrealStuff/Engine/VREditor/Tutorial/UMG/Specialized/AnimsForHands.AnimsForHands' and '/Engine/VREditor/Tutorial/UMG/Specialized/AnimsForHands.AnimsForHands'
[2016.10.10-12.04.47:194][313]LogEnum:Warning: Enum name collision: 'AnimsForHands::NewEnumerator5' is in both '/Game/OtherUnrealStuff/Engine/VREditor/Tutorial/UMG/Specialized/AnimsForHands.AnimsForHands' and '/Engine/VREditor/Tutorial/UMG/Specialized/AnimsForHands.AnimsForHands'
[2016.10.10-12.04.47:194][313]LogEnum:Warning: Enum name collision: 'AnimsForHands::NewEnumerator6' is in both '/Game/OtherUnrealStuff/Engine/VREditor/Tutorial/UMG/Specialized/AnimsForHands.AnimsForHands' and '/Engine/VREditor/Tutorial/UMG/Specialized/AnimsForHands.AnimsForHands'
[2016.10.10-12.04.47:194][313]LogEnum:Warning: Enum name collision: 'AnimsForHands::NewEnumerator8' is in both '/Game/OtherUnrealStuff/Engine/VREditor/Tutorial/UMG/Specialized/AnimsForHands.AnimsForHands' and '/Engine/VREditor/Tutorial/UMG/Specialized/AnimsForHands.AnimsForHands'
[2016.10.10-12.04.47:194][313]LogEnum:Warning: Enum name collision: 'AnimsForHands::NewEnumerator7' is in both '/Game/OtherUnrealStuff/Engine/VREditor/Tutorial/UMG/Specialized/AnimsForHands.AnimsForHands' and '/Engine/VREditor/Tutorial/UMG/Specialized/AnimsForHands.AnimsForHands'
[2016.10.10-12.04.47:194][313]LogEnum:Warning: Enum name collision: 'AnimsForHands::AnimsForHands_MAX' is in both '/Game/OtherUnrealStuff/Engine/VREditor/Tutorial/UMG/Specialized/AnimsForHands.AnimsForHands' and '/Engine/VREditor/Tutorial/UMG/Specialized/AnimsForHands.AnimsForHands'
[2016.10.10-12.04.47:195][313]LogEnum:Warning: Enum name collision: 'AnimsForHands::NewEnumerator0' is in both '/Game/OtherUnrealStuff/Engine/VREditor/Tutorial/UMG/Specialized/AnimsForHands.AnimsForHands' and '/Engine/VREditor/Tutorial/UMG/Specialized/AnimsForHands.AnimsForHands'
[2016.10.10-12.04.47:195][313]LogEnum:Warning: Enum name collision: 'AnimsForHands::NewEnumerator1' is in both '/Game/OtherUnrealStuff/Engine/VREditor/Tutorial/UMG/Specialized/AnimsForHands.AnimsForHands' and '/Engine/VREditor/Tutorial/UMG/Specialized/AnimsForHands.AnimsForHands'
[2016.10.10-12.04.47:195][313]LogEnum:Warning: Enum name collision: 'AnimsForHands::NewEnumerator2' is in both '/Game/OtherUnrealStuff/Engine/VREditor/Tutorial/UMG/Specialized/AnimsForHands.AnimsForHands' and '/Engine/VREditor/Tutorial/UMG/Specialized/AnimsForHands.AnimsForHands'
[2016.10.10-12.04.47:195][313]LogEnum:Warning: Enum name collision: 'AnimsForHands::NewEnumerator3' is in both '/Game/OtherUnrealStuff/Engine/VREditor/Tutorial/UMG/Specialized/AnimsForHands.AnimsForHands' and '/Engine/VREditor/Tutorial/UMG/Specialized/AnimsForHands.AnimsForHands'
[2016.10.10-12.04.47:195][313]LogEnum:Warning: Enum name collision: 'AnimsForHands::NewEnumerator4' is in both '/Game/OtherUnrealStuff/Engine/VREditor/Tutorial/UMG/Specialized/AnimsForHands.AnimsForHands' and '/Engine/VREditor/Tutorial/UMG/Specialized/AnimsForHands.AnimsForHands'
[2016.10.10-12.04.47:195][313]LogEnum:Warning: Enum name collision: 'AnimsForHands::NewEnumerator5' is in both '/Game/OtherUnrealStuff/Engine/VREditor/Tutorial/UMG/Specialized/AnimsForHands.AnimsForHands' and '/Engine/VREditor/Tutorial/UMG/Specialized/AnimsForHands.AnimsForHands'
[2016.10.10-12.04.47:195][313]LogEnum:Warning: Enum name collision: 'AnimsForHands::NewEnumerator6' is in both '/Game/OtherUnrealStuff/Engine/VREditor/Tutorial/UMG/Specialized/AnimsForHands.AnimsForHands' and '/Engine/VREditor/Tutorial/UMG/Specialized/AnimsForHands.AnimsForHands'
[2016.10.10-12.04.47:195][313]LogEnum:Warning: Enum name collision: 'AnimsForHands::NewEnumerator8' is in both '/Game/OtherUnrealStuff/Engine/VREditor/Tutorial/UMG/Specialized/AnimsForHands.AnimsForHands' and '/Engine/VREditor/Tutorial/UMG/Specialized/AnimsForHands.AnimsForHands'
[2016.10.10-12.04.47:195][313]LogEnum:Warning: Enum name collision: 'AnimsForHands::NewEnumerator7' is in both '/Game/OtherUnrealStuff/Engine/VREditor/Tutorial/UMG/Specialized/AnimsForHands.AnimsForHands' and '/Engine/VREditor/Tutorial/UMG/Specialized/AnimsForHands.AnimsForHands'
[2016.10.10-12.04.47:209][313]LogContentBrowser: Native class hierarchy updated for 'BlueprintGraph' in 0.0005 seconds. Added 111 classes and 0 folders.
[2016.10.10-12.04.49:290][494]LogRenderer: Reallocating scene render targets to support 908x868 (Frame:8).
[2016.10.10-12.05.22:557][438]LogLinker:Warning: Asset '../../../../../../Users/anpaint19/Google Drive/SchoolRunner 4.12/Content/Mannequin/Animations/ThirdPerson_Jump.uasset' has been saved with empty engine version. The asset will be loaded but may be incompatible.
[2016.10.10-12.05.22:559][438]LogLinker:Warning: Asset '../../../../../../Users/anpaint19/Google Drive/SchoolRunner 4.12/Content/Mannequin/Animations/ThirdPersonJump_Loop.uasset' has been saved with empty engine version. The asset will be loaded but may be incompatible.
[2016.10.10-12.05.22:560][438]LogLinker:Warning: Asset '../../../../../../Users/anpaint19/Google Drive/SchoolRunner 4.12/Content/Mannequin/Animations/ThirdPersonJump_Start.uasset' has been saved with empty engine version. The asset will be loaded but may be incompatible.
[2016.10.10-12.05.22:561][438]LogLinker:Warning: Asset '../../../../../../Users/anpaint19/Google Drive/SchoolRunner 4.12/Content/Mannequin/Animations/ThirdPerson_IdleRun_2D.uasset' has been saved with empty engine version. The asset will be loaded but may be incompatible.
[2016.10.10-12.05.22:562][438]LogLinker:Warning: Asset '../../../../../../Users/anpaint19/Google Drive/SchoolRunner 4.12/Content/Mannequin/Animations/ThirdPersonIdle.uasset' has been saved with empty engine version. The asset will be loaded but may be incompatible.
[2016.10.10-12.05.22:563][438]LogLinker:Warning: Asset '../../../../../../Users/anpaint19/Google Drive/SchoolRunner 4.12/Content/Mannequin/Animations/ThirdPersonRun.uasset' has been saved with empty engine version. The asset will be loaded but may be incompatible.
[2016.10.10-12.05.22:564][438]LogLinker:Warning: Asset '../../../../../../Users/anpaint19/Google Drive/SchoolRunner 4.12/Content/Mannequin/Animations/ThirdPersonWalk.uasset' has been saved with empty engine version. The asset will be loaded but may be incompatible.
[2016.10.10-12.05.22:841][438]LogBlueprint:Error: Compiler Error This blueprint (self) is not a SceneComponent, therefore ' Target ' must have a connection.
[2016.10.10-12.05.22:843][438]LogBlueprint:Warning: Compiler Warning [0047.59] Compile of PersistentLevel.ThirdPersonExampleMap failed. 1 Fatal Issue(s) 0 Warning(s) [in 2 ms] (/Game/Maps/ThirdPersonExampleMap.ThirdPersonExampleMap:PersistentLevel.ThirdPersonExampleMap)
[2016.10.10-12.05.22:843][438]LogBlueprint:Warning: Compiler Warning [0047.59] Compile of PersistentLevel.ThirdPersonExampleMap failed. 1 Fatal Issue(s) 1 Warning(s) [in 0 ms] (/Game/Maps/ThirdPersonExampleMap.ThirdPersonExampleMap:PersistentLevel.ThirdPersonExampleMap)
[2016.10.10-12.05.22:843][438]LogBlueprint:Warning: Compiler Warning [0047.59] Compile of PersistentLevel.ThirdPersonExampleMap failed. 1 Fatal Issue(s) 2 Warning(s) [in 0 ms] (/Game/Maps/ThirdPersonExampleMap.ThirdPersonExampleMap:PersistentLevel.ThirdPersonExampleMap)
[2016.10.10-12.05.23:432][438]LogTexture:Display: Building textures: HQ_Lightmap0_5 (AutoDXT)
[2016.10.10-12.05.23:488][438]LogAIModule: Creating AISystem for world ThirdPersonExampleMap
[2016.10.10-12.05.23:799][438]Cmd: MAP LOAD FILE="../../../../../../Users/anpaint19/Google Drive/SchoolRunner 4.12/Content/Maps/ThirdPersonExampleMap.umap" TEMPLATE=0 SHOWPROGRESS=1 FEATURELEVEL=3
[2016.10.10-12.05.23:799][438]LightingResults: New page: Lighting Build
[2016.10.10-12.05.23:802][438]LogContentBrowser: Native class hierarchy updated for 'StatsViewer' in 0.0003 seconds. Added 5 classes and 0 folders.
[2016.10.10-12.05.23:802][438]LoadErrors: New page: Loading map: ThirdPersonExampleMap.umap
[2016.10.10-12.05.23:803][438]MapCheck: New page: Map Check
[2016.10.10-12.05.23:803][438]LightingResults: New page: Lighting Build
[2016.10.10-12.05.24:084][438]LogEditorServer: Finished looking for orphan Actors (0.000 secs)
[2016.10.10-12.05.24:106][438]Cmd: MAP CHECKDEP NOCLEARLOG
[2016.10.10-12.05.24:140][438]MapCheck: Info Map check complete: 0 Error(s), 0 Warning(s), took 34.454ms to complete.
[2016.10.10-12.05.24:140][438]LogFileHelpers: Loading map 'ThirdPersonExampleMap' took 0.342
[2016.10.10-12.07.49:917][656]LogActorFactory: Actor Factory created door2_0
[2016.10.10-12.07.50:187][671]LogActorFactory: Actor Factory created door2_0
[2016.10.10-12.07.57:219][477]Cmd: DELETE
[2016.10.10-12.07.57:219][477]Cmd: ACTOR DELETE
[2016.10.10-12.07.57:226][477]LogEditorActor: Deleted Actor: StaticMeshActor
[2016.10.10-12.07.57:254][477]LogEditorActor: Deleted 1 Actors (0.034 secs)
[2016.10.10-12.14.13:462][ 10]LogActorFactory: Actor Factory created door2_0
[2016.10.10-12.14.14:192][ 59]LogActorFactory: Actor Factory created door2_0
[2016.10.10-12.14.20:135][704]Cmd: DELETE
[2016.10.10-12.14.20:135][704]Cmd: ACTOR DELETE
[2016.10.10-12.14.20:141][704]LogEditorActor: Deleted Actor: StaticMeshActor
[2016.10.10-12.14.20:156][704]LogEditorActor: Deleted 1 Actors (0.020 secs)
[2016.10.10-12.28.41:766][ 67]LogActorFactory: Actor Factory created DoorRight
[2016.10.10-12.28.44:549][262]LogActorFactory: Actor Factory created DoorRight
[2016.10.10-12.29.09:645][198]LogActorFactory: Actor Factory created SM_DoorFrame
[2016.10.10-12.29.10:474][255]LogActorFactory: Actor Factory created SM_DoorFrame
[2016.10.10-12.29.36:883][ 97]LogEditorViewport: Clicking on Actor (LMB): StaticMeshActor (DoorRight)
[2016.10.10-12.30.24:575][111]LogEditorViewport: Clicking on Actor (LMB): StaticMeshActor (SM_DoorFrame36)
[2016.10.10-12.30.42:649][993]LogEditorViewport: Clicking on Actor (LMB): StaticMeshActor (SM_DoorFrame36)
[2016.10.10-12.31.31:773][ 17]LogEditorViewport: Clicking on Actor (CTRL LMB): StaticMeshActor (DoorRight)
[2016.10.10-12.31.32:529][102]LogEditorViewport: Clicking on Actor (CTRL LMB): StaticMeshActor (SM_DoorFrame36)
[2016.10.10-12.35.28:119][284]Cmd: TRANSACTION UNDO
[2016.10.10-12.35.28:120][284]LogEditorTransaction: Undo Select Brush Surface
[2016.10.10-12.36.32:257][412]LogEditorViewport: Clicking on Actor (LMB): StaticMeshActor (DoorRight7)
[2016.10.10-12.36.37:526][ 38]LogEditorViewport: Clicking on Actor (LMB): glass_C (glass35)
[2016.10.10-12.36.38:509][152]Cmd: DELETE
[2016.10.10-12.36.38:509][152]Cmd: ACTOR DELETE
[2016.10.10-12.36.38:514][152]LogEditorActor: Deleted Actor: glass_C
[2016.10.10-12.36.38:539][152]LogEditorActor: Deleted 1 Actors (0.030 secs)
[2016.10.10-12.36.39:418][257]LogEditorViewport: Clicking on Actor (LMB): StaticMeshActor (DoorRight7)
[2016.10.10-12.36.39:769][294]Cmd: DELETE
[2016.10.10-12.36.39:769][294]Cmd: ACTOR DELETE
[2016.10.10-12.36.39:774][294]LogEditorActor: Deleted Actor: StaticMeshActor
[2016.10.10-12.36.39:789][294]LogEditorActor: Deleted 1 Actors (0.020 secs)
[2016.10.10-12.37.19:902][990]Cmd: DELETE
[2016.10.10-12.37.19:902][990]Cmd: ACTOR DELETE
[2016.10.10-12.37.19:910][990]LogEditorActor: Deleted Actor: Brush
[2016.10.10-12.37.20:685][990]LogEditorActor: Deleted 1 Actors (0.784 secs)
[2016.10.10-12.37.25:174][382]LogBlueprintUserMessages: Early PlayInEditor Detection: Level '/Game/Maps/ThirdPersonExampleMap.ThirdPersonExampleMap:PersistentLevel' has LevelScriptBlueprint '/Game/Maps/ThirdPersonExampleMap.ThirdPersonExampleMap:PersistentLevel.ThirdPersonExampleMap' with GeneratedClass '/Game/Maps/ThirdPersonExampleMap.ThirdPersonExampleMap_C' with ClassGeneratedBy '/Game/Maps/ThirdPersonExampleMap.ThirdPersonExampleMap:PersistentLevel.ThirdPersonExampleMap'
[2016.10.10-12.37.25:174][382]BlueprintLog: New page: Pre-Play auto-recompile
[2016.10.10-12.37.25:175][382]LogPlayLevel: [PlayLevel] Compiling ThirdPersonExampleMap before play...
[2016.10.10-12.37.25:179][382]LogBlueprint:Error: Compiler Error This blueprint (self) is not a SceneComponent, therefore ' Target ' must have a connection.
[2016.10.10-12.37.25:296][382]LogBlueprint:Warning: Compiler Warning [1970.84] Compile of PersistentLevel.ThirdPersonExampleMap failed. 1 Fatal Issue(s) 0 Warning(s) [in 119 ms] (/Game/Maps/ThirdPersonExampleMap.ThirdPersonExampleMap:PersistentLevel.ThirdPersonExampleMap)
[2016.10.10-12.37.25:296][382]LogBlueprint:Warning: Compiler Warning [1970.84] Compile of PersistentLevel.ThirdPersonExampleMap failed. 1 Fatal Issue(s) 1 Warning(s) [in 0 ms] (/Game/Maps/ThirdPersonExampleMap.ThirdPersonExampleMap:PersistentLevel.ThirdPersonExampleMap)
[2016.10.10-12.37.25:296][382]LogBlueprint:Warning: Compiler Warning [1970.84] Compile of PersistentLevel.ThirdPersonExampleMap failed. 1 Fatal Issue(s) 2 Warning(s) [in 0 ms] (/Game/Maps/ThirdPersonExampleMap.ThirdPersonExampleMap:PersistentLevel.ThirdPersonExampleMap)
[2016.10.10-12.37.25:296][382]LogBlueprint:Warning: Compiler Warning [1970.84] Compile of PersistentLevel.ThirdPersonExampleMap failed. 1 Fatal Issue(s) 3 Warning(s) [in 0 ms] (/Game/Maps/ThirdPersonExampleMap.ThirdPersonExampleMap:PersistentLevel.ThirdPersonExampleMap)
[2016.10.10-12.37.25:297][382]LogBlueprint:Warning: Compiler Warning [1970.84] Compile of PersistentLevel.ThirdPersonExampleMap failed. 1 Fatal Issue(s) 4 Warning(s) [in 0 ms] (/Game/Maps/ThirdPersonExampleMap.ThirdPersonExampleMap:PersistentLevel.ThirdPersonExampleMap)
[2016.10.10-12.37.25:297][382]LogBlueprint:Warning: Compiler Warning [1970.84] Compile of PersistentLevel.ThirdPersonExampleMap failed. 1 Fatal Issue(s) 5 Warning(s) [in 0 ms] (/Game/Maps/ThirdPersonExampleMap.ThirdPersonExampleMap:PersistentLevel.ThirdPersonExampleMap)
[2016.10.10-12.37.25:297][382]LogPlayLevel: PlayLevel: Blueprint regeneration took 122 ms (1 blueprints)
[2016.10.10-12.37.25:312][382]BlueprintLog: Info Blueprint ThirdPersonExampleMap failed to compile
[2016.10.10-12.39.28:724][ 87]LogUObjectHash:Warning: Ambiguous search, could be Material /Engine/EngineMaterials/WorldGridMaterial.WorldGridMaterial or Material /Game/OtherUnrealStuff/Engine/EngineMaterials/WorldGridMaterial.WorldGridMaterial
[2016.10.10-12.39.38:874][762]Cmd: TRANSACTION UNDO
[2016.10.10-12.39.38:874][762]LogEditorTransaction: Undo Move Actors
[2016.10.10-12.39.38:959][762]LogActorComponent: ~FComponentReregisterContext: (/Game/Maps/ThirdPersonExampleMap.ThirdPersonExampleMap:PersistentLevel.BoxBrush199.BrushComponent0) Component already registered.
[2016.10.10-12.39.38:962][762]LogActorComponent: ~FComponentReregisterContext: (/Game/Maps/ThirdPersonExampleMap.ThirdPersonExampleMap:PersistentLevel.BoxBrush264.BrushComponent0) Component already registered.
[2016.10.10-12.39.39:008][762]LogActorComponent: ~FComponentReregisterContext: (/Game/Maps/ThirdPersonExampleMap.ThirdPersonExampleMap:PersistentLevel.BoxBrush107_6.BrushComponent0) Component already registered.
[2016.10.10-12.39.39:009][762]LogActorComponent: ~FComponentReregisterContext: (/Game/Maps/ThirdPersonExampleMap.ThirdPersonExampleMap:PersistentLevel.BoxBrush98.BrushComponent0) Component already registered.
[2016.10.10-12.39.39:012][762]LogActorComponent: ~FComponentReregisterContext: (/Game/Maps/ThirdPersonExampleMap.ThirdPersonExampleMap:PersistentLevel.BoxBrush88.BrushComponent0) Component already registered.
[2016.10.10-12.39.39:015][762]LogActorComponent: ~FComponentReregisterContext: (/Game/Maps/ThirdPersonExampleMap.ThirdPersonExampleMap:PersistentLevel.BoxBrush424.BrushComponent0) Component already registered.
[2016.10.10-12.39.39:015][762]LogActorComponent: ~FComponentReregisterContext: (/Game/Maps/ThirdPersonExampleMap.ThirdPersonExampleMap:PersistentLevel.BoxBrush414.BrushComponent0) Component already registered.
[2016.10.10-12.39.39:019][762]LogActorComponent: ~FComponentReregisterContext: (/Game/Maps/ThirdPersonExampleMap.ThirdPersonExampleMap:PersistentLevel.BoxBrush502.BrushComponent0) Component already registered.
[2016.10.10-12.39.39:023][762]LogActorComponent: ~FComponentReregisterContext: (/Game/Maps/ThirdPersonExampleMap.ThirdPersonExampleMap:PersistentLevel.BoxBrush340.BrushComponent0) Component already registered.
[2016.10.10-12.39.39:027][762]LogActorComponent: ~FComponentReregisterContext: (/Game/Maps/ThirdPersonExampleMap.ThirdPersonExampleMap:PersistentLevel.BoxBrush400.BrushComponent0) Component already registered.
[2016.10.10-12.41.00:125][338]MapCheck: New page: Map Check
[2016.10.10-12.41.00:141][338]Cmd: MAP REBUILD ALLVISIBLE
[2016.10.10-12.41.00:145][338]LogEditorServer: Rebuildmap Clear paths rebuilt
[2016.10.10-12.41.06:001][338]LogEditorServer: Cleared 1 NULL BSP materials after rebuild.
[2016.10.10-12.41.06:003][338]LightingResults: New page: Lighting Build - Oct 10, 2016, 3:41:06 AM
[2016.10.10-12.41.06:190][338]LogSwarmInterface: [OpenConnection] Registering TCP channel ...
[2016.10.10-12.41.06:201][338]LogSwarmInterface: [OpenConnection] Connecting to agent ...
[2016.10.10-12.41.06:209][338]LogSwarmInterface: [TryOpenConnection] Testing the Agent
[2016.10.10-12.41.06:734][338]LogSwarmInterface: [TryOpenConnection] Opening Connection to Agent
[2016.10.10-12.41.06:734][338]LogSwarmInterface: [TryOpenConnection] Local Process ID is 2080
[2016.10.10-12.41.14:978][338]LogStaticLightingSystem: Running Lightmass w/ ImmediateImport mode ENABLED
[2016.10.10-12.41.14:978][338]LogStaticLightingSystem: Running Lightmass w/ ImmediateProcess mode ENABLED
[2016.10.10-12.41.14:978][338]LogStaticLightingSystem: Running Lightmass w/ Sorting mode ENABLED
[2016.10.10-12.41.14:978][338]LogStaticLightingSystem: Running Lightmass w/ Mapping paddings ENABLED
[2016.10.10-12.41.14:978][338]LogStaticLightingSystem: Running Lightmass w/ Mapping debug paddings DISABLED
[2016.10.10-12.41.15:300][338]Cmd: MAP CHECK DONTDISPLAYDIALOG
[2016.10.10-12.41.15:300][338]MapCheck: New page: ThirdPersonExampleMap - Oct 10, 2016, 3:41:15 AM
[2016.10.10-12.41.15:302][338]MapCheck:Error: Error WorldInfo_0 Maps need lighting rebuilt 
[2016.10.10-12.41.15:336][338]MapCheck: Info Map check complete: 1 Error(s), 0 Warning(s), took 36.017ms to complete.
[2016.10.10-12.41.15:357][338]LogEditorBuildUtils: Build time 0:15
[2016.10.10-12.41.35:480][672]LightingResults:Warning: Warning DoorRight Object has overlapping UVs.
[2016.10.10-12.41.35:480][672]LightingResults: Info DoorRight Lightmap UV are overlapping by 1.2%. Please adjust content - Enable Error Coloring to visualize.
[2016.10.10-12.41.35:532][678]LightingResults:Warning: Warning DoorRight Object has overlapping UVs.
[2016.10.10-12.41.35:532][678]LightingResults: Info DoorRight Lightmap UV are overlapping by 1.2%. Please adjust content - Enable Error Coloring to visualize.
[2016.10.10-12.41.35:548][680]LightingResults:Warning: Warning DoorRight Object has overlapping UVs.
[2016.10.10-12.41.35:559][681]LightingResults: Info DoorRight Lightmap UV are overlapping by 1.2%. Please adjust content - Enable Error Coloring to visualize.
[2016.10.10-12.41.35:634][690]LightingResults:Warning: Warning DoorRight Object has overlapping UVs.
[2016.10.10-12.41.35:634][690]LightingResults: Info DoorRight Lightmap UV are overlapping by 1.2%. Please adjust content - Enable Error Coloring to visualize.
[2016.10.10-12.41.35:634][690]LightingResults:Warning: Warning DoorRight Object has overlapping UVs.
[2016.10.10-12.41.35:634][690]LightingResults: Info DoorRight Lightmap UV are overlapping by 1.2%. Please adjust content - Enable Error Coloring to visualize.
[2016.10.10-12.41.35:659][693]LightingResults:Warning: Warning DoorRight Object has overlapping UVs.
[2016.10.10-12.41.35:667][694]LightingResults: Info DoorRight Lightmap UV are overlapping by 1.2%. Please adjust content - Enable Error Coloring to visualize.
[2016.10.10-12.41.35:710][699]LightingResults:Warning: Warning DoorRight Object has overlapping UVs.
[2016.10.10-12.41.35:710][699]LightingResults: Info DoorRight Lightmap UV are overlapping by 1.2%. Please adjust content - Enable Error Coloring to visualize.
[2016.10.10-12.41.35:735][702]LightingResults:Warning: Warning DoorRight Object has overlapping UVs.
[2016.10.10-12.41.35:735][702]LightingResults: Info DoorRight Lightmap UV are overlapping by 1.2%. Please adjust content - Enable Error Coloring to visualize.
[2016.10.10-12.41.35:838][714]LightingResults:Warning: Warning DoorRight Object has overlapping UVs.
[2016.10.10-12.41.35:838][714]LightingResults: Info DoorRight Lightmap UV are overlapping by 1.2%. Please adjust content - Enable Error Coloring to visualize.
[2016.10.10-12.41.35:855][716]LightingResults:Warning: Warning DoorRight Object has overlapping UVs.
[2016.10.10-12.41.35:855][716]LightingResults: Info DoorRight Lightmap UV are overlapping by 1.2%. Please adjust content - Enable Error Coloring to visualize.
[2016.10.10-12.41.35:892][720]LightingResults:Warning: Warning DoorRight Object has overlapping UVs.
[2016.10.10-12.41.35:900][721]LightingResults: Info DoorRight Lightmap UV are overlapping by 1.2%. Please adjust content - Enable Error Coloring to visualize.
[2016.10.10-12.41.35:908][722]LightingResults:Warning: Warning DoorRight Object has overlapping UVs.
[2016.10.10-12.41.35:908][722]LightingResults: Info DoorRight Lightmap UV are overlapping by 1.2%. Please adjust content - Enable Error Coloring to visualize.
[2016.10.10-12.41.35:942][726]LightingResults:Warning: Warning DoorRight Object has overlapping UVs.
[2016.10.10-12.41.35:942][726]LightingResults: Info DoorRight Lightmap UV are overlapping by 1.2%. Please adjust content - Enable Error Coloring to visualize.
[2016.10.10-12.41.36:025][736]LightingResults:Warning: Warning DoorRight Object has overlapping UVs.
[2016.10.10-12.41.36:034][737]LightingResults: Info DoorRight Lightmap UV are overlapping by 1.2%. Please adjust content - Enable Error Coloring to visualize.
[2016.10.10-12.41.36:051][739]LightingResults:Warning: Warning DoorRight Object has overlapping UVs.
[2016.10.10-12.41.36:060][740]LightingResults: Info DoorRight Lightmap UV are overlapping by 1.2%. Please adjust content - Enable Error Coloring to visualize.
[2016.10.10-12.41.36:102][745]LightingResults:Warning: Warning DoorRight Object has overlapping UVs.
[2016.10.10-12.41.36:102][745]LightingResults: Info DoorRight Lightmap UV are overlapping by 1.2%. Please adjust content - Enable Error Coloring to visualize.
[2016.10.10-12.41.36:102][745]LightingResults:Warning: Warning DoorRight Object has overlapping UVs.
[2016.10.10-12.41.36:110][746]LightingResults: Info DoorRight Lightmap UV are overlapping by 1.2%. Please adjust content - Enable Error Coloring to visualize.
[2016.10.10-12.41.36:127][748]LightingResults:Warning: Warning DoorRight Object has overlapping UVs.
[2016.10.10-12.41.36:127][748]LightingResults: Info DoorRight Lightmap UV are overlapping by 1.2%. Please adjust content - Enable Error Coloring to visualize.
[2016.10.10-12.41.36:194][756]LightingResults:Warning: Warning DoorRight Object has overlapping UVs.
[2016.10.10-12.41.36:194][756]LightingResults: Info DoorRight Lightmap UV are overlapping by 1.2%. Please adjust content - Enable Error Coloring to visualize.
[2016.10.10-12.41.41:581][395]Job is a success!
[2016.10.10-12.41.44:409][396]LightingResults:Error: Error PointLight_2 Severe performance loss: Failed to allocate shadowmap channel for stationary light due to overlap - light will fall back to dynamic shadows!
[2016.10.10-12.41.44:409][396]LightingResults:Error: Error PointLight11_8 Severe performance loss: Failed to allocate shadowmap channel for stationary light due to overlap - light will fall back to dynamic shadows!
[2016.10.10-12.41.44:409][396]LightingResults:Error: Error PointLight12 Severe performance loss: Failed to allocate shadowmap channel for stationary light due to overlap - light will fall back to dynamic shadows!
[2016.10.10-12.41.44:409][396]LightingResults:Error: Error PointLight19 Severe performance loss: Failed to allocate shadowmap channel for stationary light due to overlap - light will fall back to dynamic shadows!
[2016.10.10-12.41.44:409][396]LightingResults:Error: Error PointLight5 Severe performance loss: Failed to allocate shadowmap channel for stationary light due to overlap - light will fall back to dynamic shadows!
[2016.10.10-12.41.44:409][396]LightingResults:Error: Error PointLight10_5 Severe performance loss: Failed to allocate shadowmap channel for stationary light due to overlap - light will fall back to dynamic shadows!
[2016.10.10-12.41.44:409][396]LightingResults:Error: Error PointLight3 Severe performance loss: Failed to allocate shadowmap channel for stationary light due to overlap - light will fall back to dynamic shadows!
[2016.10.10-12.41.44:409][396]LightingResults:Error: Error PointLight18 Severe performance loss: Failed to allocate shadowmap channel for stationary light due to overlap - light will fall back to dynamic shadows!
[2016.10.10-12.41.44:409][396]LightingResults:Error: Error PointLight16_7 Severe performance loss: Failed to allocate shadowmap channel for stationary light due to overlap - light will fall back to dynamic shadows!
[2016.10.10-12.41.44:409][396]LightingResults:Error: Error PointLight4 Severe performance loss: Failed to allocate shadowmap channel for stationary light due to overlap - light will fall back to dynamic shadows!
[2016.10.10-12.41.44:409][396]LightingResults:Error: Error PointLight6_2 Severe performance loss: Failed to allocate shadowmap channel for stationary light due to overlap - light will fall back to dynamic shadows!
[2016.10.10-12.41.44:409][396]LightingResults:Error: Error PointLight9_8 Severe performance loss: Failed to allocate shadowmap channel for stationary light due to overlap - light will fall back to dynamic shadows!
[2016.10.10-12.41.46:481][396]LogTexture:Display: Building textures: SkyOcclusion0_1 (AutoDXT)
[2016.10.10-12.41.46:481][396]LogTexture:Display: Building textures: HQ_Lightmap0_1 (AutoDXT)
[2016.10.10-12.41.46:481][396]LogTexture:Display: Building textures: LQ_Lightmap_0_1 (DXT1)
[2016.10.10-12.41.46:481][396]LogTexture:Display: Building textures: SkyOcclusion0_2 (AutoDXT)
[2016.10.10-12.41.46:481][396]LogTexture:Display: Building textures: HQ_Lightmap0_2 (AutoDXT)
[2016.10.10-12.41.46:481][396]LogTexture:Display: Building textures: LQ_Lightmap_0_2 (DXT1)
[2016.10.10-12.41.46:481][396]LogTexture:Display: Building textures: SkyOcclusion0_3 (AutoDXT)
[2016.10.10-12.41.46:481][396]LogTexture:Display: Building textures: HQ_Lightmap0_3 (AutoDXT)
[2016.10.10-12.41.46:481][396]LogTexture:Display: Building textures: LQ_Lightmap_0_3 (DXT1)
[2016.10.10-12.41.46:481][396]LogTexture:Display: Building textures: SkyOcclusion1_4 (AutoDXT)
[2016.10.10-12.41.46:481][396]LogTexture:Display: Building textures: HQ_Lightmap1_4 (AutoDXT)
[2016.10.10-12.41.46:481][396]LogTexture:Display: Building textures: LQ_Lightmap_1_4 (DXT1)
[2016.10.10-12.41.46:481][396]LogTexture:Display: Building textures: SkyOcclusion0_5 (AutoDXT)
[2016.10.10-12.41.46:481][396]LogTexture:Display: Building textures: HQ_Lightmap0_5 (AutoDXT)
[2016.10.10-12.41.46:481][396]LogTexture:Display: Building textures: LQ_Lightmap_0_5 (DXT1)
[2016.10.10-12.41.46:481][396]LogTexture:Display: Building textures: SkyOcclusion1_6 (AutoDXT)
[2016.10.10-12.41.46:481][396]LogTexture:Display: Building textures: HQ_Lightmap1_6 (AutoDXT)
[2016.10.10-12.41.46:481][396]LogTexture:Display: Building textures: LQ_Lightmap_1_6 (DXT1)
[2016.10.10-12.41.47:108][396]LogTexture:Display: Building textures: ShadowMapTexture2D_0 (BGRA8)
[2016.10.10-12.41.47:108][396]LogTexture:Display: Building textures: ShadowMapTexture2D_1 (BGRA8)
[2016.10.10-12.41.47:108][396]LogTexture:Display: Building textures: ShadowMapTexture2D_2 (BGRA8)
[2016.10.10-12.41.47:154][396]Lightmass on 2016-KISER-06: 31.1 sec total, 271 ms importing, 53 ms setup, 2.57 sec photons, 28.2 sec processing, 0 ms extra exporting [2754/2754 mappings]. Threads: 3:17 min total, 1:58 min processing.
[2016.10.10-12.41.47:339][396]LogStaticLightingSystem: Illumination: 41.3 sec (2.05 sec encoding lightmaps, 632 ms encoding shadowmaps)
[2016.10.10-12.41.47:339][396]LogStaticLightingSystem: Lightmap texture memory:  13.3 MB (5.3 MB streaming, 8.0 MB non-streaming), 12 textures
[2016.10.10-12.41.47:339][396]LogStaticLightingSystem: Shadowmap texture memory: 14.0 MB (0.7 MB streaming, 13.3 MB non-streaming), 3 textures
[2016.10.10-12.41.47:947][397]Cmd: MAP CHECK NOTIFYRESULTS
[2016.10.10-12.41.47:947][397]MapCheck: New page: ThirdPersonExampleMap - Oct 10, 2016, 3:41:47 AM
[2016.10.10-12.41.47:991][397]MapCheck: Info Map check complete: 0 Error(s), 0 Warning(s), took 43.753ms to complete.
[2016.10.10-12.42.09:813][519]Cmd: DELETE
[2016.10.10-12.42.09:813][519]Cmd: ACTOR DELETE
[2016.10.10-12.42.09:820][519]LogEditorActor: Deleted Actor: Brush
[2016.10.10-12.42.10:584][519]LogEditorActor: Deleted 1 Actors (0.771 secs)
[2016.10.10-12.42.32:505][525]Cmd: BRUSH ADD SELECTNEWBRUSH
[2016.10.10-12.51.02:607][165]Cmd: DELETE
[2016.10.10-12.51.02:607][165]Cmd: ACTOR DELETE
[2016.10.10-12.51.02:617][165]LogEditorActor: Deleted Actor: Brush
[2016.10.10-12.51.03:400][165]LogEditorActor: Deleted 1 Actors (0.793 secs)
[2016.10.10-12.51.17:360][221]Cmd: CAMERA ALIGN ACTIVEVIEWPORTONLY
[2016.10.10-12.52.03:069][490]LogGeometryMode:Warning: Unable to find BoxBrush90 Brush(s) in new BSP
[2016.10.10-12.52.03:070][490]LogGeometryMode:Warning: Unable to find all previously selected geometry data, resetting selection
[2016.10.10-12.52.03:961][561]Cmd: TRANSACTION UNDO
[2016.10.10-12.52.03:961][561]LogEditorTransaction: Undo Select Surfaces
[2016.10.10-12.52.32:601][944]LogGeometryMode:Warning: Unable to find BoxBrush88 Brush(s) in new BSP
[2016.10.10-12.52.32:601][944]LogGeometryMode:Warning: Unable to find all previously selected geometry data, resetting selection
[2016.10.10-12.58.03:409][491]LogActorFactory: Actor Factory created Cube
[2016.10.10-12.58.04:464][530]LogActorFactory: Actor Factory created Cube
[2016.10.10-12.58.09:459][ 24]MapCheck: New page: Map Check
[2016.10.10-12.58.09:475][ 24]Cmd: MAP REBUILD ALLVISIBLE
[2016.10.10-12.58.09:478][ 24]LogEditorServer: Rebuildmap Clear paths rebuilt
[2016.10.10-12.58.15:343][ 24]LightingResults: New page: Lighting Build - Oct 10, 2016, 3:58:15 AM
[2016.10.10-12.58.15:515][ 24]LogSwarmInterface: [OpenConnection] Registering TCP channel ...
[2016.10.10-12.58.15:515][ 24]LogSwarmInterface: [OpenConnection] Connecting to agent ...
[2016.10.10-12.58.15:515][ 24]LogSwarmInterface: [TryOpenConnection] Testing the Agent
[2016.10.10-12.58.15:516][ 24]LogSwarmInterface: [TryOpenConnection] Opening Connection to Agent
[2016.10.10-12.58.15:516][ 24]LogSwarmInterface: [TryOpenConnection] Local Process ID is 2080
[2016.10.10-12.58.24:630][ 24]LogStaticLightingSystem: Running Lightmass w/ ImmediateImport mode ENABLED
[2016.10.10-12.58.24:630][ 24]LogStaticLightingSystem: Running Lightmass w/ ImmediateProcess mode ENABLED
[2016.10.10-12.58.24:630][ 24]LogStaticLightingSystem: Running Lightmass w/ Sorting mode ENABLED
[2016.10.10-12.58.24:630][ 24]LogStaticLightingSystem: Running Lightmass w/ Mapping paddings ENABLED
[2016.10.10-12.58.24:630][ 24]LogStaticLightingSystem: Running Lightmass w/ Mapping debug paddings DISABLED
[2016.10.10-12.58.24:906][ 24]Cmd: MAP CHECK DONTDISPLAYDIALOG
[2016.10.10-12.58.24:906][ 24]MapCheck: New page: ThirdPersonExampleMap - Oct 10, 2016, 3:58:24 AM
[2016.10.10-12.58.24:908][ 24]MapCheck:Error: Error WorldInfo_0 Maps need lighting rebuilt 
[2016.10.10-12.58.24:941][ 24]MapCheck: Info Map check complete: 1 Error(s), 0 Warning(s), took 34.984ms to complete.
[2016.10.10-12.58.24:961][ 24]LogEditorBuildUtils: Build time 0:15
[2016.10.10-12.58.24:990][ 24]LogMaterial: Missing cached shader map for material FLightmassMaterialRenderer BasicShapeMaterial, compiling. 
[2016.10.10-12.58.24:997][ 24]LogMaterial: Missing cached shader map for material FLightmassMaterialRenderer BasicShapeMaterial, compiling. 
[2016.10.10-12.58.45:041][403]LightingResults:Warning: Warning DoorRight Object has overlapping UVs.
[2016.10.10-12.58.45:041][403]LightingResults: Info DoorRight Lightmap UV are overlapping by 1.2%. Please adjust content - Enable Error Coloring to visualize.
[2016.10.10-12.58.45:041][403]LightingResults:Warning: Warning DoorRight Object has overlapping UVs.
[2016.10.10-12.58.45:041][403]LightingResults: Info DoorRight Lightmap UV are overlapping by 1.2%. Please adjust content - Enable Error Coloring to visualize.
[2016.10.10-12.58.45:399][404]LightingResults:Warning: Warning DoorRight Object has overlapping UVs.
[2016.10.10-12.58.45:400][404]LightingResults: Info DoorRight Lightmap UV are overlapping by 1.2%. Please adjust content - Enable Error Coloring to visualize.
[2016.10.10-12.58.45:400][404]LightingResults:Warning: Warning DoorRight Object has overlapping UVs.
[2016.10.10-12.58.45:400][404]LightingResults: Info DoorRight Lightmap UV are overlapping by 1.2%. Please adjust content - Enable Error Coloring to visualize.
[2016.10.10-12.58.45:400][404]LightingResults:Warning: Warning DoorRight Object has overlapping UVs.
[2016.10.10-12.58.45:400][404]LightingResults: Info DoorRight Lightmap UV are overlapping by 1.2%. Please adjust content - Enable Error Coloring to visualize.
[2016.10.10-12.58.45:400][404]LightingResults:Warning: Warning DoorRight Object has overlapping UVs.
[2016.10.10-12.58.45:400][404]LightingResults: Info DoorRight Lightmap UV are overlapping by 1.2%. Please adjust content - Enable Error Coloring to visualize.
[2016.10.10-12.58.45:400][404]LightingResults:Warning: Warning DoorRight Object has overlapping UVs.
[2016.10.10-12.58.45:400][404]LightingResults: Info DoorRight Lightmap UV are overlapping by 1.2%. Please adjust content - Enable Error Coloring to visualize.
[2016.10.10-12.58.45:400][404]LightingResults:Warning: Warning DoorRight Object has overlapping UVs.
[2016.10.10-12.58.45:400][404]LightingResults: Info DoorRight Lightmap UV are overlapping by 1.2%. Please adjust content - Enable Error Coloring to visualize.
[2016.10.10-12.58.45:400][404]LightingResults:Warning: Warning DoorRight Object has overlapping UVs.
[2016.10.10-12.58.45:400][404]LightingResults: Info DoorRight Lightmap UV are overlapping by 1.2%. Please adjust content - Enable Error Coloring to visualize.
[2016.10.10-12.58.45:400][404]LightingResults:Warning: Warning DoorRight Object has overlapping UVs.
[2016.10.10-12.58.45:400][404]LightingResults: Info DoorRight Lightmap UV are overlapping by 1.2%. Please adjust content - Enable Error Coloring to visualize.
[2016.10.10-12.58.45:709][405]LightingResults:Warning: Warning DoorRight Object has overlapping UVs.
[2016.10.10-12.58.45:709][405]LightingResults: Info DoorRight Lightmap UV are overlapping by 1.2%. Please adjust content - Enable Error Coloring to visualize.
[2016.10.10-12.58.45:709][405]LightingResults:Warning: Warning DoorRight Object has overlapping UVs.
[2016.10.10-12.58.45:709][405]LightingResults: Info DoorRight Lightmap UV are overlapping by 1.2%. Please adjust content - Enable Error Coloring to visualize.
[2016.10.10-12.58.45:709][405]LightingResults:Warning: Warning DoorRight Object has overlapping UVs.
[2016.10.10-12.58.45:709][405]LightingResults: Info DoorRight Lightmap UV are overlapping by 1.2%. Please adjust content - Enable Error Coloring to visualize.
[2016.10.10-12.58.45:709][405]LightingResults:Warning: Warning DoorRight Object has overlapping UVs.
[2016.10.10-12.58.45:709][405]LightingResults: Info DoorRight Lightmap UV are overlapping by 1.2%. Please adjust content - Enable Error Coloring to visualize.
[2016.10.10-12.58.45:709][405]LightingResults:Warning: Warning DoorRight Object has overlapping UVs.
[2016.10.10-12.58.45:709][405]LightingResults: Info DoorRight Lightmap UV are overlapping by 1.2%. Please adjust content - Enable Error Coloring to visualize.
[2016.10.10-12.58.45:709][405]LightingResults:Warning: Warning DoorRight Object has overlapping UVs.
[2016.10.10-12.58.45:709][405]LightingResults: Info DoorRight Lightmap UV are overlapping by 1.2%. Please adjust content - Enable Error Coloring to visualize.
[2016.10.10-12.58.45:709][405]LightingResults:Warning: Warning DoorRight Object has overlapping UVs.
[2016.10.10-12.58.45:709][405]LightingResults: Info DoorRight Lightmap UV are overlapping by 1.2%. Please adjust content - Enable Error Coloring to visualize.
[2016.10.10-12.58.46:043][406]LightingResults:Warning: Warning DoorRight Object has overlapping UVs.
[2016.10.10-12.58.46:043][406]LightingResults: Info DoorRight Lightmap UV are overlapping by 1.2%. Please adjust content - Enable Error Coloring to visualize.
[2016.10.10-12.58.46:043][406]LightingResults:Warning: Warning DoorRight Object has overlapping UVs.
[2016.10.10-12.58.46:043][406]LightingResults: Info DoorRight Lightmap UV are overlapping by 1.2%. Please adjust content - Enable Error Coloring to visualize.
[2016.10.10-12.58.48:048][412]LightingResults:Warning: Warning <None> Object has overlapping UVs.
[2016.10.10-12.58.48:048][412]LightingResults: Info <None> Lightmap UV are overlapping by 9.1%. Please adjust content - Enable Error Coloring to visualize.
[2016.10.10-12.58.52:385][425]Job is a success!
[2016.10.10-12.58.56:061][426]LightingResults:Error: Error PointLight_2 Severe performance loss: Failed to allocate shadowmap channel for stationary light due to overlap - light will fall back to dynamic shadows!
[2016.10.10-12.58.56:062][426]LightingResults:Error: Error PointLight11_8 Severe performance loss: Failed to allocate shadowmap channel for stationary light due to overlap - light will fall back to dynamic shadows!
[2016.10.10-12.58.56:062][426]LightingResults:Error: Error PointLight12 Severe performance loss: Failed to allocate shadowmap channel for stationary light due to overlap - light will fall back to dynamic shadows!
[2016.10.10-12.58.56:062][426]LightingResults:Error: Error PointLight19 Severe performance loss: Failed to allocate shadowmap channel for stationary light due to overlap - light will fall back to dynamic shadows!
[2016.10.10-12.58.56:062][426]LightingResults:Error: Error PointLight5 Severe performance loss: Failed to allocate shadowmap channel for stationary light due to overlap - light will fall back to dynamic shadows!
[2016.10.10-12.58.56:062][426]LightingResults:Error: Error PointLight10_5 Severe performance loss: Failed to allocate shadowmap channel for stationary light due to overlap - light will fall back to dynamic shadows!
[2016.10.10-12.58.56:062][426]LightingResults:Error: Error PointLight3 Severe performance loss: Failed to allocate shadowmap channel for stationary light due to overlap - light will fall back to dynamic shadows!
[2016.10.10-12.58.56:062][426]LightingResults:Error: Error PointLight18 Severe performance loss: Failed to allocate shadowmap channel for stationary light due to overlap - light will fall back to dynamic shadows!
[2016.10.10-12.58.56:062][426]LightingResults:Error: Error PointLight16_7 Severe performance loss: Failed to allocate shadowmap channel for stationary light due to overlap - light will fall back to dynamic shadows!
[2016.10.10-12.58.56:062][426]LightingResults:Error: Error PointLight4 Severe performance loss: Failed to allocate shadowmap channel for stationary light due to overlap - light will fall back to dynamic shadows!
[2016.10.10-12.58.56:062][426]LightingResults:Error: Error PointLight6_2 Severe performance loss: Failed to allocate shadowmap channel for stationary light due to overlap - light will fall back to dynamic shadows!
[2016.10.10-12.58.56:062][426]LightingResults:Error: Error PointLight9_8 Severe performance loss: Failed to allocate shadowmap channel for stationary light due to overlap - light will fall back to dynamic shadows!
[2016.10.10-12.58.58:103][426]LogTexture:Display: Building textures: SkyOcclusion0_1 (AutoDXT)
[2016.10.10-12.58.58:103][426]LogTexture:Display: Building textures: HQ_Lightmap0_1 (AutoDXT)
[2016.10.10-12.58.58:103][426]LogTexture:Display: Building textures: LQ_Lightmap_0_1 (DXT1)
[2016.10.10-12.58.58:103][426]LogTexture:Display: Building textures: SkyOcclusion0_2 (AutoDXT)
[2016.10.10-12.58.58:103][426]LogTexture:Display: Building textures: LQ_Lightmap_0_2 (DXT1)
[2016.10.10-12.58.58:103][426]LogTexture:Display: Building textures: HQ_Lightmap0_2 (AutoDXT)
[2016.10.10-12.58.58:103][426]LogTexture:Display: Building textures: SkyOcclusion0_3 (AutoDXT)
[2016.10.10-12.58.58:103][426]LogTexture:Display: Building textures: HQ_Lightmap0_3 (AutoDXT)
[2016.10.10-12.58.58:103][426]LogTexture:Display: Building textures: LQ_Lightmap_0_3 (DXT1)
[2016.10.10-12.58.58:103][426]LogTexture:Display: Building textures: SkyOcclusion0_4 (AutoDXT)
[2016.10.10-12.58.58:103][426]LogTexture:Display: Building textures: HQ_Lightmap0_4 (AutoDXT)
[2016.10.10-12.58.58:103][426]LogTexture:Display: Building textures: LQ_Lightmap_0_4 (DXT1)
[2016.10.10-12.58.58:103][426]LogTexture:Display: Building textures: SkyOcclusion1_5 (AutoDXT)
[2016.10.10-12.58.58:103][426]LogTexture:Display: Building textures: HQ_Lightmap1_5 (AutoDXT)
[2016.10.10-12.58.58:103][426]LogTexture:Display: Building textures: LQ_Lightmap_1_5 (DXT1)
[2016.10.10-12.58.58:103][426]LogTexture:Display: Building textures: SkyOcclusion0_6 (AutoDXT)
[2016.10.10-12.58.58:103][426]LogTexture:Display: Building textures: HQ_Lightmap0_6 (AutoDXT)
[2016.10.10-12.58.58:103][426]LogTexture:Display: Building textures: LQ_Lightmap_0_6 (DXT1)
[2016.10.10-12.58.58:723][426]LogTexture:Display: Building textures: ShadowMapTexture2D_3 (BGRA8)
[2016.10.10-12.58.58:723][426]LogTexture:Display: Building textures: ShadowMapTexture2D_4 (BGRA8)
[2016.10.10-12.58.58:723][426]LogTexture:Display: Building textures: ShadowMapTexture2D_5 (BGRA8)
[2016.10.10-12.58.58:749][426]Lightmass on 2016-KISER-06: 32.4 sec total, 265 ms importing, 54 ms setup, 2.47 sec photons, 29.6 sec processing, 0 ms extra exporting [2749/2749 mappings]. Threads: 3:27 min total, 1:55 min processing.
[2016.10.10-12.58.58:933][426]LogStaticLightingSystem: Illumination: 43.2 sec (2.02 sec encoding lightmaps, 623 ms encoding shadowmaps)
[2016.10.10-12.58.58:933][426]LogStaticLightingSystem: Lightmap texture memory:  13.3 MB (5.3 MB streaming, 8.0 MB non-streaming), 12 textures
[2016.10.10-12.58.58:933][426]LogStaticLightingSystem: Shadowmap texture memory: 14.0 MB (0.7 MB streaming, 13.3 MB non-streaming), 3 textures
[2016.10.10-12.58.59:583][427]Cmd: MAP CHECK NOTIFYRESULTS
[2016.10.10-12.58.59:583][427]MapCheck: New page: ThirdPersonExampleMap - Oct 10, 2016, 3:58:59 AM
[2016.10.10-12.58.59:627][427]MapCheck: Info Map check complete: 0 Error(s), 0 Warning(s), took 43.922ms to complete.
[2016.10.10-12.59.39:059][263]Cmd: DELETE
[2016.10.10-12.59.39:059][263]Cmd: ACTOR DELETE
[2016.10.10-12.59.39:064][263]LogEditorActor: Deleted Actor: StaticMeshActor
[2016.10.10-12.59.39:080][263]LogEditorActor: Deleted 1 Actors (0.021 secs)
[2016.10.10-12.59.49:968][276]LogUObjectHash:Warning: Ambiguous search, could be Material /Engine/EngineMaterials/WorldGridMaterial.WorldGridMaterial or Material /Game/OtherUnrealStuff/Engine/EngineMaterials/WorldGridMaterial.WorldGridMaterial
[2016.10.10-13.01.07:409][679]Cmd: TRANSACTION UNDO
[2016.10.10-13.01.07:409][679]LogEditorTransaction: Undo Move Actors
[2016.10.10-13.01.07:495][679]LogActorComponent: ~FComponentReregisterContext: (/Game/Maps/ThirdPersonExampleMap.ThirdPersonExampleMap:PersistentLevel.BoxBrush199.BrushComponent0) Component already registered.
[2016.10.10-13.01.07:499][679]LogActorComponent: ~FComponentReregisterContext: (/Game/Maps/ThirdPersonExampleMap.ThirdPersonExampleMap:PersistentLevel.BoxBrush264.BrushComponent0) Component already registered.
[2016.10.10-13.01.07:548][679]LogActorComponent: ~FComponentReregisterContext: (/Game/Maps/ThirdPersonExampleMap.ThirdPersonExampleMap:PersistentLevel.BoxBrush107_6.BrushComponent0) Component already registered.
[2016.10.10-13.01.07:549][679]LogActorComponent: ~FComponentReregisterContext: (/Game/Maps/ThirdPersonExampleMap.ThirdPersonExampleMap:PersistentLevel.BoxBrush98.BrushComponent0) Component already registered.
[2016.10.10-13.01.07:552][679]LogActorComponent: ~FComponentReregisterContext: (/Game/Maps/ThirdPersonExampleMap.ThirdPersonExampleMap:PersistentLevel.BoxBrush88.BrushComponent0) Component already registered.
[2016.10.10-13.01.07:555][679]LogActorComponent: ~FComponentReregisterContext: (/Game/Maps/ThirdPersonExampleMap.ThirdPersonExampleMap:PersistentLevel.BoxBrush424.BrushComponent0) Component already registered.
[2016.10.10-13.01.07:556][679]LogActorComponent: ~FComponentReregisterContext: (/Game/Maps/ThirdPersonExampleMap.ThirdPersonExampleMap:PersistentLevel.BoxBrush414.BrushComponent0) Component already registered.
[2016.10.10-13.01.07:560][679]LogActorComponent: ~FComponentReregisterContext: (/Game/Maps/ThirdPersonExampleMap.ThirdPersonExampleMap:PersistentLevel.BoxBrush502.BrushComponent0) Component already registered.
[2016.10.10-13.01.07:565][679]LogActorComponent: ~FComponentReregisterContext: (/Game/Maps/ThirdPersonExampleMap.ThirdPersonExampleMap:PersistentLevel.BoxBrush340.BrushComponent0) Component already registered.
[2016.10.10-13.01.07:569][679]LogActorComponent: ~FComponentReregisterContext: (/Game/Maps/ThirdPersonExampleMap.ThirdPersonExampleMap:PersistentLevel.BoxBrush400.Bru